<?xml version="1.0" encoding="UTF-8"?>
<testsuite name="com.example.assignment2.advertisement.application.AdvertisementServiceImpl2Test" tests="4" skipped="0" failures="0" errors="0" timestamp="2023-03-06T04:35:44" hostname="DESKTOP-8HUJJQR" time="4.677">
  <properties/>
  <testcase name="[1] userId=1" classname="com.example.assignment2.advertisement.application.AdvertisementServiceImpl2Test" time="1.222"/>
  <testcase name="[2] userId=2" classname="com.example.assignment2.advertisement.application.AdvertisementServiceImpl2Test" time="3.289"/>
  <testcase name="[3] userId=3" classname="com.example.assignment2.advertisement.application.AdvertisementServiceImpl2Test" time="0.127"/>
  <testcase name="[4] userId=4" classname="com.example.assignment2.advertisement.application.AdvertisementServiceImpl2Test" time="0.022"/>
  <system-out><![CDATA[13:35:20.139 [Test worker] DEBUG org.springframework.test.context.support.AbstractContextLoader - Could not detect default resource locations for test class [com.example.assignment2.advertisement.application.AdvertisementServiceImpl2Test]: no resource found for suffixes {-context.xml, Context.groovy}.
13:35:20.148 [Test worker] INFO org.springframework.test.context.support.AnnotationConfigContextLoaderUtils - Could not detect default configuration classes for test class [com.example.assignment2.advertisement.application.AdvertisementServiceImpl2Test]: AdvertisementServiceImpl2Test does not declare any static, non-private, non-final, nested classes annotated with @Configuration.
13:35:20.233 [Test worker] DEBUG org.springframework.boot.test.context.SpringBootTestContextBootstrapper - Using ContextCustomizers for test class [AdvertisementServiceImpl2Test]: [DisableObservabilityContextCustomizer, PropertyMappingContextCustomizer, Customizer, ExcludeFilterContextCustomizer, DuplicateJsonObjectContextCustomizer, MockitoContextCustomizer, TestRestTemplateContextCustomizer, WebTestClientContextCustomizer]
13:35:20.511 [Test worker] DEBUG org.springframework.context.annotation.ClassPathScanningCandidateComponentProvider - Identified candidate component class: file [C:\Users\hjlim\SpringProject\Assignment\hjlim4u-naver.com\Assignment2\build\classes\java\main\com\example\assignment2\Assignment2Application.class]
13:35:20.514 [Test worker] INFO org.springframework.boot.test.context.SpringBootTestContextBootstrapper - Found @SpringBootConfiguration com.example.assignment2.Assignment2Application for test class com.example.assignment2.advertisement.application.AdvertisementServiceImpl2Test
13:35:20.980 [Test worker] DEBUG org.springframework.boot.test.context.SpringBootTestContextBootstrapper - Using TestExecutionListeners for test class [AdvertisementServiceImpl2Test]: [ServletTestExecutionListener, DirtiesContextBeforeModesTestExecutionListener, ApplicationEventsTestExecutionListener, MockitoTestExecutionListener, DependencyInjectionTestExecutionListener, DirtiesContextTestExecutionListener, TransactionalTestExecutionListener, SqlScriptsTestExecutionListener, EventPublishingTestExecutionListener, RestDocsTestExecutionListener, MockRestServiceServerResetTestExecutionListener, MockMvcPrintOnlyOnFailureTestExecutionListener, WebDriverTestExecutionListener, MockWebServiceServerTestExecutionListener, ResetMocksTestExecutionListener]
13:35:20.986 [Test worker] DEBUG org.springframework.test.context.support.AbstractDirtiesContextTestExecutionListener - Before test class: class [AdvertisementServiceImpl2Test], class annotated with @DirtiesContext [false] with mode [null]

  .   ____          _            __ _ _
 /\\ / ___'_ __ _ _(_)_ __  __ _ \ \ \ \
( ( )\___ | '_ | '_| | '_ \/ _` | \ \ \ \
 \\/  ___)| |_)| | | | | || (_| |  ) ) ) )
  '  |____| .__|_| |_|_| |_\__, | / / / /
 =========|_|==============|___/=/_/_/_/
 :: Spring Boot ::       (v3.0.3-SNAPSHOT)

2023-03-06T13:35:22.172+09:00  INFO 15344 --- [    Test worker] c.e.a.a.a.AdvertisementServiceImpl2Test  : Starting AdvertisementServiceImpl2Test using Java 17.0.6 with PID 15344 (started by hjlim in C:\Users\hjlim\SpringProject\Assignment\hjlim4u-naver.com\Assignment2)
2023-03-06T13:35:22.177+09:00  INFO 15344 --- [    Test worker] c.e.a.a.a.AdvertisementServiceImpl2Test  : No active profile set, falling back to 1 default profile: "default"
2023-03-06T13:35:24.972+09:00  INFO 15344 --- [    Test worker] .s.d.r.c.RepositoryConfigurationDelegate : Bootstrapping Spring Data JPA repositories in DEFAULT mode.
2023-03-06T13:35:25.627+09:00  INFO 15344 --- [    Test worker] .s.d.r.c.RepositoryConfigurationDelegate : Finished Spring Data repository scanning in 622 ms. Found 1 JPA repository interfaces.
2023-03-06T13:35:27.291+09:00  INFO 15344 --- [    Test worker] o.hibernate.jpa.internal.util.LogHelper  : HHH000204: Processing PersistenceUnitInfo [name: default]
2023-03-06T13:35:27.622+09:00  INFO 15344 --- [    Test worker] org.hibernate.Version                    : HHH000412: Hibernate ORM core version 6.1.7.Final
2023-03-06T13:35:29.021+09:00  INFO 15344 --- [    Test worker] com.zaxxer.hikari.HikariDataSource       : HikariPool-1 - Starting...
2023-03-06T13:35:29.627+09:00  INFO 15344 --- [    Test worker] com.zaxxer.hikari.pool.HikariPool        : HikariPool-1 - Added connection com.mysql.cj.jdbc.ConnectionImpl@4db728df
2023-03-06T13:35:29.635+09:00  INFO 15344 --- [    Test worker] com.zaxxer.hikari.HikariDataSource       : HikariPool-1 - Start completed.
2023-03-06T13:35:29.906+09:00  INFO 15344 --- [    Test worker] SQL dialect                              : HHH000400: Using dialect: org.hibernate.dialect.MySQLDialect
2023-03-06T13:35:32.814+09:00  INFO 15344 --- [    Test worker] o.h.e.t.j.p.i.JtaPlatformInitiator       : HHH000490: Using JtaPlatform implementation: [org.hibernate.engine.transaction.jta.platform.internal.NoJtaPlatform]
2023-03-06T13:35:32.852+09:00  INFO 15344 --- [    Test worker] j.LocalContainerEntityManagerFactoryBean : Initialized JPA EntityManagerFactory for persistence unit 'default'
2023-03-06T13:35:36.500+09:00  WARN 15344 --- [    Test worker] JpaBaseConfiguration$JpaWebConfiguration : spring.jpa.open-in-view is enabled by default. Therefore, database queries may be performed during view rendering. Explicitly configure spring.jpa.open-in-view to disable this warning
2023-03-06T13:35:36.973+09:00  INFO 15344 --- [    Test worker] o.s.b.a.w.s.WelcomePageHandlerMapping    : Adding welcome page: class path resource [static/index.html]
2023-03-06T13:35:41.117+09:00  INFO 15344 --- [    Test worker] c.e.a.a.a.AdvertisementServiceImpl2Test  : Started AdvertisementServiceImpl2Test in 19.906 seconds (process running for 24.805)
Hibernate: 
    select
        a1_0.id,
        a1_0.image_url,
        a1_0.landing_url,
        a1_0.name,
        a1_0.reward,
        a1_0.target_country,
        a1_0.target_gender,
        a1_0.weight 
    from
        advertisement a1_0 
    where
        a1_0.id=?
Hibernate: 
    select
        a1_0.id,
        a1_0.image_url,
        a1_0.landing_url,
        a1_0.name,
        a1_0.reward,
        a1_0.target_country,
        a1_0.target_gender,
        a1_0.weight 
    from
        advertisement a1_0 
    where
        a1_0.id=?
Hibernate: 
    select
        a1_0.id,
        a1_0.image_url,
        a1_0.landing_url,
        a1_0.name,
        a1_0.reward,
        a1_0.target_country,
        a1_0.target_gender,
        a1_0.weight 
    from
        advertisement a1_0 
    where
        a1_0.id=?
Hibernate: 
    select
        a1_0.id,
        a1_0.image_url,
        a1_0.landing_url,
        a1_0.name,
        a1_0.reward,
        a1_0.target_country,
        a1_0.target_gender,
        a1_0.weight 
    from
        advertisement a1_0 
    where
        a1_0.id=?
Hibernate: 
    select
        a1_0.id,
        a1_0.image_url,
        a1_0.landing_url,
        a1_0.name,
        a1_0.reward,
        a1_0.target_country,
        a1_0.target_gender,
        a1_0.weight 
    from
        advertisement a1_0 
    where
        a1_0.id=?
Hibernate: 
    select
        a1_0.id,
        a1_0.image_url,
        a1_0.landing_url,
        a1_0.name,
        a1_0.reward,
        a1_0.target_country,
        a1_0.target_gender,
        a1_0.weight 
    from
        advertisement a1_0 
    where
        a1_0.id=?
Hibernate: 
    select
        a1_0.id,
        a1_0.image_url,
        a1_0.landing_url,
        a1_0.name,
        a1_0.reward,
        a1_0.target_country,
        a1_0.target_gender,
        a1_0.weight 
    from
        advertisement a1_0 
    where
        a1_0.id=?
Hibernate: 
    select
        a1_0.id,
        a1_0.image_url,
        a1_0.landing_url,
        a1_0.name,
        a1_0.reward,
        a1_0.target_country,
        a1_0.target_gender,
        a1_0.weight 
    from
        advertisement a1_0 
    where
        a1_0.id=?
Hibernate: 
    select
        a1_0.id,
        a1_0.image_url,
        a1_0.landing_url,
        a1_0.name,
        a1_0.reward,
        a1_0.target_country,
        a1_0.target_gender,
        a1_0.weight 
    from
        advertisement a1_0 
    where
        a1_0.id=?
Hibernate: 
    select
        a1_0.id,
        a1_0.image_url,
        a1_0.landing_url,
        a1_0.name,
        a1_0.reward,
        a1_0.target_country,
        a1_0.target_gender,
        a1_0.weight 
    from
        advertisement a1_0 
    where
        a1_0.id=?
Hibernate: 
    select
        a1_0.id,
        a1_0.image_url,
        a1_0.landing_url,
        a1_0.name,
        a1_0.reward,
        a1_0.target_country,
        a1_0.target_gender,
        a1_0.weight 
    from
        advertisement a1_0 
    where
        a1_0.id=?
Hibernate: 
    select
        a1_0.id,
        a1_0.image_url,
        a1_0.landing_url,
        a1_0.name,
        a1_0.reward,
        a1_0.target_country,
        a1_0.target_gender,
        a1_0.weight 
    from
        advertisement a1_0 
    where
        a1_0.id=?
Hibernate: 
    select
        a1_0.id,
        a1_0.image_url,
        a1_0.landing_url,
        a1_0.name,
        a1_0.reward,
        a1_0.target_country,
        a1_0.target_gender,
        a1_0.weight 
    from
        advertisement a1_0 
    where
        a1_0.id=?
Hibernate: 
    select
        a1_0.id,
        a1_0.image_url,
        a1_0.landing_url,
        a1_0.name,
        a1_0.reward,
        a1_0.target_country,
        a1_0.target_gender,
        a1_0.weight 
    from
        advertisement a1_0 
    where
        a1_0.id=?
Hibernate: 
    select
        a1_0.id,
        a1_0.image_url,
        a1_0.landing_url,
        a1_0.name,
        a1_0.reward,
        a1_0.target_country,
        a1_0.target_gender,
        a1_0.weight 
    from
        advertisement a1_0 
    where
        a1_0.id=?
Hibernate: 
    select
        a1_0.id,
        a1_0.image_url,
        a1_0.landing_url,
        a1_0.name,
        a1_0.reward,
        a1_0.target_country,
        a1_0.target_gender,
        a1_0.weight 
    from
        advertisement a1_0 
    where
        a1_0.id=?
Hibernate: 
    select
        a1_0.id,
        a1_0.image_url,
        a1_0.landing_url,
        a1_0.name,
        a1_0.reward,
        a1_0.target_country,
        a1_0.target_gender,
        a1_0.weight 
    from
        advertisement a1_0 
    where
        a1_0.id=?
Hibernate: 
    select
        a1_0.id,
        a1_0.image_url,
        a1_0.landing_url,
        a1_0.name,
        a1_0.reward,
        a1_0.target_country,
        a1_0.target_gender,
        a1_0.weight 
    from
        advertisement a1_0 
    where
        a1_0.id=?
Hibernate: 
    select
        a1_0.id,
        a1_0.image_url,
        a1_0.landing_url,
        a1_0.name,
        a1_0.reward,
        a1_0.target_country,
        a1_0.target_gender,
        a1_0.weight 
    from
        advertisement a1_0 
    where
        a1_0.id=?
Hibernate: 
    select
        a1_0.id,
        a1_0.image_url,
        a1_0.landing_url,
        a1_0.name,
        a1_0.reward,
        a1_0.target_country,
        a1_0.target_gender,
        a1_0.weight 
    from
        advertisement a1_0 
    where
        a1_0.id=?
Hibernate: 
    select
        a1_0.id,
        a1_0.image_url,
        a1_0.landing_url,
        a1_0.name,
        a1_0.reward,
        a1_0.target_country,
        a1_0.target_gender,
        a1_0.weight 
    from
        advertisement a1_0 
    where
        a1_0.id=?
Hibernate: 
    select
        a1_0.id,
        a1_0.image_url,
        a1_0.landing_url,
        a1_0.name,
        a1_0.reward,
        a1_0.target_country,
        a1_0.target_gender,
        a1_0.weight 
    from
        advertisement a1_0 
    where
        a1_0.id=?
Hibernate: 
    select
        a1_0.id,
        a1_0.image_url,
        a1_0.landing_url,
        a1_0.name,
        a1_0.reward,
        a1_0.target_country,
        a1_0.target_gender,
        a1_0.weight 
    from
        advertisement a1_0 
    where
        a1_0.id=?
Hibernate: 
    select
        a1_0.id,
        a1_0.image_url,
        a1_0.landing_url,
        a1_0.name,
        a1_0.reward,
        a1_0.target_country,
        a1_0.target_gender,
        a1_0.weight 
    from
        advertisement a1_0 
    where
        a1_0.id=?
Hibernate: 
    select
        a1_0.id,
        a1_0.image_url,
        a1_0.landing_url,
        a1_0.name,
        a1_0.reward,
        a1_0.target_country,
        a1_0.target_gender,
        a1_0.weight 
    from
        advertisement a1_0 
    where
        a1_0.id=?
Hibernate: 
    select
        a1_0.id,
        a1_0.image_url,
        a1_0.landing_url,
        a1_0.name,
        a1_0.reward,
        a1_0.target_country,
        a1_0.target_gender,
        a1_0.weight 
    from
        advertisement a1_0 
    where
        a1_0.id=?
Hibernate: 
    select
        a1_0.id,
        a1_0.image_url,
        a1_0.landing_url,
        a1_0.name,
        a1_0.reward,
        a1_0.target_country,
        a1_0.target_gender,
        a1_0.weight 
    from
        advertisement a1_0 
    where
        a1_0.id=?
Hibernate: 
    select
        a1_0.id,
        a1_0.image_url,
        a1_0.landing_url,
        a1_0.name,
        a1_0.reward,
        a1_0.target_country,
        a1_0.target_gender,
        a1_0.weight 
    from
        advertisement a1_0 
    where
        a1_0.id=?
Hibernate: 
    select
        a1_0.id,
        a1_0.image_url,
        a1_0.landing_url,
        a1_0.name,
        a1_0.reward,
        a1_0.target_country,
        a1_0.target_gender,
        a1_0.weight 
    from
        advertisement a1_0 
    where
        a1_0.id=?
Hibernate: 
    select
        a1_0.id,
        a1_0.image_url,
        a1_0.landing_url,
        a1_0.name,
        a1_0.reward,
        a1_0.target_country,
        a1_0.target_gender,
        a1_0.weight 
    from
        advertisement a1_0 
    where
        a1_0.id=?
Hibernate: 
    select
        a1_0.id,
        a1_0.image_url,
        a1_0.landing_url,
        a1_0.name,
        a1_0.reward,
        a1_0.target_country,
        a1_0.target_gender,
        a1_0.weight 
    from
        advertisement a1_0 
    where
        a1_0.id=?
Hibernate: 
    select
        a1_0.id,
        a1_0.image_url,
        a1_0.landing_url,
        a1_0.name,
        a1_0.reward,
        a1_0.target_country,
        a1_0.target_gender,
        a1_0.weight 
    from
        advertisement a1_0 
    where
        a1_0.id=?
Hibernate: 
    select
        a1_0.id,
        a1_0.image_url,
        a1_0.landing_url,
        a1_0.name,
        a1_0.reward,
        a1_0.target_country,
        a1_0.target_gender,
        a1_0.weight 
    from
        advertisement a1_0 
    where
        a1_0.id=?
Hibernate: 
    select
        a1_0.id,
        a1_0.image_url,
        a1_0.landing_url,
        a1_0.name,
        a1_0.reward,
        a1_0.target_country,
        a1_0.target_gender,
        a1_0.weight 
    from
        advertisement a1_0 
    where
        a1_0.id=?
Hibernate: 
    select
        a1_0.id,
        a1_0.image_url,
        a1_0.landing_url,
        a1_0.name,
        a1_0.reward,
        a1_0.target_country,
        a1_0.target_gender,
        a1_0.weight 
    from
        advertisement a1_0 
    where
        a1_0.id=?
Hibernate: 
    select
        a1_0.id,
        a1_0.image_url,
        a1_0.landing_url,
        a1_0.name,
        a1_0.reward,
        a1_0.target_country,
        a1_0.target_gender,
        a1_0.weight 
    from
        advertisement a1_0 
    where
        a1_0.id=?
Hibernate: 
    select
        a1_0.id,
        a1_0.image_url,
        a1_0.landing_url,
        a1_0.name,
        a1_0.reward,
        a1_0.target_country,
        a1_0.target_gender,
        a1_0.weight 
    from
        advertisement a1_0 
    where
        a1_0.id=?
Hibernate: 
    select
        a1_0.id,
        a1_0.image_url,
        a1_0.landing_url,
        a1_0.name,
        a1_0.reward,
        a1_0.target_country,
        a1_0.target_gender,
        a1_0.weight 
    from
        advertisement a1_0 
    where
        a1_0.id=?
Hibernate: 
    select
        a1_0.id,
        a1_0.image_url,
        a1_0.landing_url,
        a1_0.name,
        a1_0.reward,
        a1_0.target_country,
        a1_0.target_gender,
        a1_0.weight 
    from
        advertisement a1_0 
    where
        a1_0.id=?
Hibernate: 
    select
        a1_0.id,
        a1_0.image_url,
        a1_0.landing_url,
        a1_0.name,
        a1_0.reward,
        a1_0.target_country,
        a1_0.target_gender,
        a1_0.weight 
    from
        advertisement a1_0 
    where
        a1_0.id=?
Hibernate: 
    select
        a1_0.id,
        a1_0.image_url,
        a1_0.landing_url,
        a1_0.name,
        a1_0.reward,
        a1_0.target_country,
        a1_0.target_gender,
        a1_0.weight 
    from
        advertisement a1_0 
    where
        a1_0.id=?
Hibernate: 
    select
        a1_0.id,
        a1_0.image_url,
        a1_0.landing_url,
        a1_0.name,
        a1_0.reward,
        a1_0.target_country,
        a1_0.target_gender,
        a1_0.weight 
    from
        advertisement a1_0 
    where
        a1_0.id=?
Hibernate: 
    select
        a1_0.id,
        a1_0.image_url,
        a1_0.landing_url,
        a1_0.name,
        a1_0.reward,
        a1_0.target_country,
        a1_0.target_gender,
        a1_0.weight 
    from
        advertisement a1_0 
    where
        a1_0.id=?
Hibernate: 
    select
        a1_0.id,
        a1_0.image_url,
        a1_0.landing_url,
        a1_0.name,
        a1_0.reward,
        a1_0.target_country,
        a1_0.target_gender,
        a1_0.weight 
    from
        advertisement a1_0 
    where
        a1_0.id=?
Hibernate: 
    select
        a1_0.id,
        a1_0.image_url,
        a1_0.landing_url,
        a1_0.name,
        a1_0.reward,
        a1_0.target_country,
        a1_0.target_gender,
        a1_0.weight 
    from
        advertisement a1_0 
    where
        a1_0.id=?
Hibernate: 
    select
        a1_0.id,
        a1_0.image_url,
        a1_0.landing_url,
        a1_0.name,
        a1_0.reward,
        a1_0.target_country,
        a1_0.target_gender,
        a1_0.weight 
    from
        advertisement a1_0 
    where
        a1_0.id=?
Hibernate: 
    select
        a1_0.id,
        a1_0.image_url,
        a1_0.landing_url,
        a1_0.name,
        a1_0.reward,
        a1_0.target_country,
        a1_0.target_gender,
        a1_0.weight 
    from
        advertisement a1_0 
    where
        a1_0.id=?
Hibernate: 
    select
        a1_0.id,
        a1_0.image_url,
        a1_0.landing_url,
        a1_0.name,
        a1_0.reward,
        a1_0.target_country,
        a1_0.target_gender,
        a1_0.weight 
    from
        advertisement a1_0 
    where
        a1_0.id=?
Hibernate: 
    select
        a1_0.id,
        a1_0.image_url,
        a1_0.landing_url,
        a1_0.name,
        a1_0.reward,
        a1_0.target_country,
        a1_0.target_gender,
        a1_0.weight 
    from
        advertisement a1_0 
    where
        a1_0.id=?
Hibernate: 
    select
        a1_0.id,
        a1_0.image_url,
        a1_0.landing_url,
        a1_0.name,
        a1_0.reward,
        a1_0.target_country,
        a1_0.target_gender,
        a1_0.weight 
    from
        advertisement a1_0 
    where
        a1_0.id=?
Hibernate: 
    select
        a1_0.id,
        a1_0.image_url,
        a1_0.landing_url,
        a1_0.name,
        a1_0.reward,
        a1_0.target_country,
        a1_0.target_gender,
        a1_0.weight 
    from
        advertisement a1_0 
    where
        a1_0.id=?
Hibernate: 
    select
        a1_0.id,
        a1_0.image_url,
        a1_0.landing_url,
        a1_0.name,
        a1_0.reward,
        a1_0.target_country,
        a1_0.target_gender,
        a1_0.weight 
    from
        advertisement a1_0 
    where
        a1_0.id=?
Hibernate: 
    select
        a1_0.id,
        a1_0.image_url,
        a1_0.landing_url,
        a1_0.name,
        a1_0.reward,
        a1_0.target_country,
        a1_0.target_gender,
        a1_0.weight 
    from
        advertisement a1_0 
    where
        a1_0.id=?
Hibernate: 
    select
        a1_0.id,
        a1_0.image_url,
        a1_0.landing_url,
        a1_0.name,
        a1_0.reward,
        a1_0.target_country,
        a1_0.target_gender,
        a1_0.weight 
    from
        advertisement a1_0 
    where
        a1_0.id=?
Hibernate: 
    select
        a1_0.id,
        a1_0.image_url,
        a1_0.landing_url,
        a1_0.name,
        a1_0.reward,
        a1_0.target_country,
        a1_0.target_gender,
        a1_0.weight 
    from
        advertisement a1_0 
    where
        a1_0.id=?
Hibernate: 
    select
        a1_0.id,
        a1_0.image_url,
        a1_0.landing_url,
        a1_0.name,
        a1_0.reward,
        a1_0.target_country,
        a1_0.target_gender,
        a1_0.weight 
    from
        advertisement a1_0 
    where
        a1_0.id=?
Hibernate: 
    select
        a1_0.id,
        a1_0.image_url,
        a1_0.landing_url,
        a1_0.name,
        a1_0.reward,
        a1_0.target_country,
        a1_0.target_gender,
        a1_0.weight 
    from
        advertisement a1_0 
    where
        a1_0.id=?
Hibernate: 
    select
        a1_0.id,
        a1_0.image_url,
        a1_0.landing_url,
        a1_0.name,
        a1_0.reward,
        a1_0.target_country,
        a1_0.target_gender,
        a1_0.weight 
    from
        advertisement a1_0 
    where
        a1_0.id=?
Hibernate: 
    select
        a1_0.id,
        a1_0.image_url,
        a1_0.landing_url,
        a1_0.name,
        a1_0.reward,
        a1_0.target_country,
        a1_0.target_gender,
        a1_0.weight 
    from
        advertisement a1_0 
    where
        a1_0.id=?
Hibernate: 
    select
        a1_0.id,
        a1_0.image_url,
        a1_0.landing_url,
        a1_0.name,
        a1_0.reward,
        a1_0.target_country,
        a1_0.target_gender,
        a1_0.weight 
    from
        advertisement a1_0 
    where
        a1_0.id=?
Hibernate: 
    select
        a1_0.id,
        a1_0.image_url,
        a1_0.landing_url,
        a1_0.name,
        a1_0.reward,
        a1_0.target_country,
        a1_0.target_gender,
        a1_0.weight 
    from
        advertisement a1_0 
    where
        a1_0.id=?
Hibernate: 
    select
        a1_0.id,
        a1_0.image_url,
        a1_0.landing_url,
        a1_0.name,
        a1_0.reward,
        a1_0.target_country,
        a1_0.target_gender,
        a1_0.weight 
    from
        advertisement a1_0 
    where
        a1_0.id=?
Hibernate: 
    select
        a1_0.id,
        a1_0.image_url,
        a1_0.landing_url,
        a1_0.name,
        a1_0.reward,
        a1_0.target_country,
        a1_0.target_gender,
        a1_0.weight 
    from
        advertisement a1_0 
    where
        a1_0.id=?
Hibernate: 
    select
        a1_0.id,
        a1_0.image_url,
        a1_0.landing_url,
        a1_0.name,
        a1_0.reward,
        a1_0.target_country,
        a1_0.target_gender,
        a1_0.weight 
    from
        advertisement a1_0 
    where
        a1_0.id=?
Hibernate: 
    select
        a1_0.id,
        a1_0.image_url,
        a1_0.landing_url,
        a1_0.name,
        a1_0.reward,
        a1_0.target_country,
        a1_0.target_gender,
        a1_0.weight 
    from
        advertisement a1_0 
    where
        a1_0.id=?
Hibernate: 
    select
        a1_0.id,
        a1_0.image_url,
        a1_0.landing_url,
        a1_0.name,
        a1_0.reward,
        a1_0.target_country,
        a1_0.target_gender,
        a1_0.weight 
    from
        advertisement a1_0 
    where
        a1_0.id=?
Hibernate: 
    select
        a1_0.id,
        a1_0.image_url,
        a1_0.landing_url,
        a1_0.name,
        a1_0.reward,
        a1_0.target_country,
        a1_0.target_gender,
        a1_0.weight 
    from
        advertisement a1_0 
    where
        a1_0.id=?
Hibernate: 
    select
        a1_0.id,
        a1_0.image_url,
        a1_0.landing_url,
        a1_0.name,
        a1_0.reward,
        a1_0.target_country,
        a1_0.target_gender,
        a1_0.weight 
    from
        advertisement a1_0 
    where
        a1_0.id=?
Hibernate: 
    select
        a1_0.id,
        a1_0.image_url,
        a1_0.landing_url,
        a1_0.name,
        a1_0.reward,
        a1_0.target_country,
        a1_0.target_gender,
        a1_0.weight 
    from
        advertisement a1_0 
    where
        a1_0.id=?
Hibernate: 
    select
        a1_0.id,
        a1_0.image_url,
        a1_0.landing_url,
        a1_0.name,
        a1_0.reward,
        a1_0.target_country,
        a1_0.target_gender,
        a1_0.weight 
    from
        advertisement a1_0 
    where
        a1_0.id=?
Hibernate: 
    select
        a1_0.id,
        a1_0.image_url,
        a1_0.landing_url,
        a1_0.name,
        a1_0.reward,
        a1_0.target_country,
        a1_0.target_gender,
        a1_0.weight 
    from
        advertisement a1_0 
    where
        a1_0.id=?
Hibernate: 
    select
        a1_0.id,
        a1_0.image_url,
        a1_0.landing_url,
        a1_0.name,
        a1_0.reward,
        a1_0.target_country,
        a1_0.target_gender,
        a1_0.weight 
    from
        advertisement a1_0 
    where
        a1_0.id=?
Hibernate: 
    select
        a1_0.id,
        a1_0.image_url,
        a1_0.landing_url,
        a1_0.name,
        a1_0.reward,
        a1_0.target_country,
        a1_0.target_gender,
        a1_0.weight 
    from
        advertisement a1_0 
    where
        a1_0.id=?
Hibernate: 
    select
        a1_0.id,
        a1_0.image_url,
        a1_0.landing_url,
        a1_0.name,
        a1_0.reward,
        a1_0.target_country,
        a1_0.target_gender,
        a1_0.weight 
    from
        advertisement a1_0 
    where
        a1_0.id=?
Hibernate: 
    select
        a1_0.id,
        a1_0.image_url,
        a1_0.landing_url,
        a1_0.name,
        a1_0.reward,
        a1_0.target_country,
        a1_0.target_gender,
        a1_0.weight 
    from
        advertisement a1_0 
    where
        a1_0.id=?
Hibernate: 
    select
        a1_0.id,
        a1_0.image_url,
        a1_0.landing_url,
        a1_0.name,
        a1_0.reward,
        a1_0.target_country,
        a1_0.target_gender,
        a1_0.weight 
    from
        advertisement a1_0 
    where
        a1_0.id=?
Hibernate: 
    select
        a1_0.id,
        a1_0.image_url,
        a1_0.landing_url,
        a1_0.name,
        a1_0.reward,
        a1_0.target_country,
        a1_0.target_gender,
        a1_0.weight 
    from
        advertisement a1_0 
    where
        a1_0.id=?
Hibernate: 
    select
        a1_0.id,
        a1_0.image_url,
        a1_0.landing_url,
        a1_0.name,
        a1_0.reward,
        a1_0.target_country,
        a1_0.target_gender,
        a1_0.weight 
    from
        advertisement a1_0 
    where
        a1_0.id=?
Hibernate: 
    select
        a1_0.id,
        a1_0.image_url,
        a1_0.landing_url,
        a1_0.name,
        a1_0.reward,
        a1_0.target_country,
        a1_0.target_gender,
        a1_0.weight 
    from
        advertisement a1_0 
    where
        a1_0.id=?
Hibernate: 
    select
        a1_0.id,
        a1_0.image_url,
        a1_0.landing_url,
        a1_0.name,
        a1_0.reward,
        a1_0.target_country,
        a1_0.target_gender,
        a1_0.weight 
    from
        advertisement a1_0 
    where
        a1_0.id=?
Hibernate: 
    select
        a1_0.id,
        a1_0.image_url,
        a1_0.landing_url,
        a1_0.name,
        a1_0.reward,
        a1_0.target_country,
        a1_0.target_gender,
        a1_0.weight 
    from
        advertisement a1_0 
    where
        a1_0.id=?
Hibernate: 
    select
        a1_0.id,
        a1_0.image_url,
        a1_0.landing_url,
        a1_0.name,
        a1_0.reward,
        a1_0.target_country,
        a1_0.target_gender,
        a1_0.weight 
    from
        advertisement a1_0 
    where
        a1_0.id=?
Hibernate: 
    select
        a1_0.id,
        a1_0.image_url,
        a1_0.landing_url,
        a1_0.name,
        a1_0.reward,
        a1_0.target_country,
        a1_0.target_gender,
        a1_0.weight 
    from
        advertisement a1_0 
    where
        a1_0.id=?
Hibernate: 
    select
        a1_0.id,
        a1_0.image_url,
        a1_0.landing_url,
        a1_0.name,
        a1_0.reward,
        a1_0.target_country,
        a1_0.target_gender,
        a1_0.weight 
    from
        advertisement a1_0 
    where
        a1_0.id=?
Hibernate: 
    select
        a1_0.id,
        a1_0.image_url,
        a1_0.landing_url,
        a1_0.name,
        a1_0.reward,
        a1_0.target_country,
        a1_0.target_gender,
        a1_0.weight 
    from
        advertisement a1_0 
    where
        a1_0.id=?
Hibernate: 
    select
        a1_0.id,
        a1_0.image_url,
        a1_0.landing_url,
        a1_0.name,
        a1_0.reward,
        a1_0.target_country,
        a1_0.target_gender,
        a1_0.weight 
    from
        advertisement a1_0 
    where
        a1_0.id=?
Hibernate: 
    select
        a1_0.id,
        a1_0.image_url,
        a1_0.landing_url,
        a1_0.name,
        a1_0.reward,
        a1_0.target_country,
        a1_0.target_gender,
        a1_0.weight 
    from
        advertisement a1_0 
    where
        a1_0.id=?
Hibernate: 
    select
        a1_0.id,
        a1_0.image_url,
        a1_0.landing_url,
        a1_0.name,
        a1_0.reward,
        a1_0.target_country,
        a1_0.target_gender,
        a1_0.weight 
    from
        advertisement a1_0 
    where
        a1_0.id=?
Hibernate: 
    select
        a1_0.id,
        a1_0.image_url,
        a1_0.landing_url,
        a1_0.name,
        a1_0.reward,
        a1_0.target_country,
        a1_0.target_gender,
        a1_0.weight 
    from
        advertisement a1_0 
    where
        a1_0.id=?
Hibernate: 
    select
        a1_0.id,
        a1_0.image_url,
        a1_0.landing_url,
        a1_0.name,
        a1_0.reward,
        a1_0.target_country,
        a1_0.target_gender,
        a1_0.weight 
    from
        advertisement a1_0 
    where
        a1_0.id=?
Hibernate: 
    select
        a1_0.id,
        a1_0.image_url,
        a1_0.landing_url,
        a1_0.name,
        a1_0.reward,
        a1_0.target_country,
        a1_0.target_gender,
        a1_0.weight 
    from
        advertisement a1_0 
    where
        a1_0.id=?
Hibernate: 
    select
        a1_0.id,
        a1_0.image_url,
        a1_0.landing_url,
        a1_0.name,
        a1_0.reward,
        a1_0.target_country,
        a1_0.target_gender,
        a1_0.weight 
    from
        advertisement a1_0 
    where
        a1_0.id=?
Hibernate: 
    select
        a1_0.id,
        a1_0.image_url,
        a1_0.landing_url,
        a1_0.name,
        a1_0.reward,
        a1_0.target_country,
        a1_0.target_gender,
        a1_0.weight 
    from
        advertisement a1_0 
    where
        a1_0.id=?
Hibernate: 
    select
        a1_0.id,
        a1_0.image_url,
        a1_0.landing_url,
        a1_0.name,
        a1_0.reward,
        a1_0.target_country,
        a1_0.target_gender,
        a1_0.weight 
    from
        advertisement a1_0 
    where
        a1_0.id=?
Hibernate: 
    select
        a1_0.id,
        a1_0.image_url,
        a1_0.landing_url,
        a1_0.name,
        a1_0.reward,
        a1_0.target_country,
        a1_0.target_gender,
        a1_0.weight 
    from
        advertisement a1_0 
    where
        a1_0.id=?
Hibernate: 
    select
        a1_0.id,
        a1_0.image_url,
        a1_0.landing_url,
        a1_0.name,
        a1_0.reward,
        a1_0.target_country,
        a1_0.target_gender,
        a1_0.weight 
    from
        advertisement a1_0 
    where
        a1_0.id=?
Hibernate: 
    select
        a1_0.id,
        a1_0.image_url,
        a1_0.landing_url,
        a1_0.name,
        a1_0.reward,
        a1_0.target_country,
        a1_0.target_gender,
        a1_0.weight 
    from
        advertisement a1_0 
    where
        a1_0.id=?
Hibernate: 
    select
        a1_0.id,
        a1_0.image_url,
        a1_0.landing_url,
        a1_0.name,
        a1_0.reward,
        a1_0.target_country,
        a1_0.target_gender,
        a1_0.weight 
    from
        advertisement a1_0 
    where
        a1_0.id=?
Hibernate: 
    select
        a1_0.id,
        a1_0.image_url,
        a1_0.landing_url,
        a1_0.name,
        a1_0.reward,
        a1_0.target_country,
        a1_0.target_gender,
        a1_0.weight 
    from
        advertisement a1_0 
    where
        a1_0.id=?
Hibernate: 
    select
        a1_0.id,
        a1_0.image_url,
        a1_0.landing_url,
        a1_0.name,
        a1_0.reward,
        a1_0.target_country,
        a1_0.target_gender,
        a1_0.weight 
    from
        advertisement a1_0 
    where
        a1_0.id=?
Hibernate: 
    select
        a1_0.id,
        a1_0.image_url,
        a1_0.landing_url,
        a1_0.name,
        a1_0.reward,
        a1_0.target_country,
        a1_0.target_gender,
        a1_0.weight 
    from
        advertisement a1_0 
    where
        a1_0.id=?
Hibernate: 
    select
        a1_0.id,
        a1_0.image_url,
        a1_0.landing_url,
        a1_0.name,
        a1_0.reward,
        a1_0.target_country,
        a1_0.target_gender,
        a1_0.weight 
    from
        advertisement a1_0 
    where
        a1_0.id=?
Hibernate: 
    select
        a1_0.id,
        a1_0.image_url,
        a1_0.landing_url,
        a1_0.name,
        a1_0.reward,
        a1_0.target_country,
        a1_0.target_gender,
        a1_0.weight 
    from
        advertisement a1_0 
    where
        a1_0.id=?
Hibernate: 
    select
        a1_0.id,
        a1_0.image_url,
        a1_0.landing_url,
        a1_0.name,
        a1_0.reward,
        a1_0.target_country,
        a1_0.target_gender,
        a1_0.weight 
    from
        advertisement a1_0 
    where
        a1_0.id=?
Hibernate: 
    select
        a1_0.id,
        a1_0.image_url,
        a1_0.landing_url,
        a1_0.name,
        a1_0.reward,
        a1_0.target_country,
        a1_0.target_gender,
        a1_0.weight 
    from
        advertisement a1_0 
    where
        a1_0.id=?
Hibernate: 
    select
        a1_0.id,
        a1_0.image_url,
        a1_0.landing_url,
        a1_0.name,
        a1_0.reward,
        a1_0.target_country,
        a1_0.target_gender,
        a1_0.weight 
    from
        advertisement a1_0 
    where
        a1_0.id=?
Hibernate: 
    select
        a1_0.id,
        a1_0.image_url,
        a1_0.landing_url,
        a1_0.name,
        a1_0.reward,
        a1_0.target_country,
        a1_0.target_gender,
        a1_0.weight 
    from
        advertisement a1_0 
    where
        a1_0.id=?
Hibernate: 
    select
        a1_0.id,
        a1_0.image_url,
        a1_0.landing_url,
        a1_0.name,
        a1_0.reward,
        a1_0.target_country,
        a1_0.target_gender,
        a1_0.weight 
    from
        advertisement a1_0 
    where
        a1_0.id=?
Hibernate: 
    select
        a1_0.id,
        a1_0.image_url,
        a1_0.landing_url,
        a1_0.name,
        a1_0.reward,
        a1_0.target_country,
        a1_0.target_gender,
        a1_0.weight 
    from
        advertisement a1_0 
    where
        a1_0.id=?
Hibernate: 
    select
        a1_0.id,
        a1_0.image_url,
        a1_0.landing_url,
        a1_0.name,
        a1_0.reward,
        a1_0.target_country,
        a1_0.target_gender,
        a1_0.weight 
    from
        advertisement a1_0 
    where
        a1_0.id=?
Hibernate: 
    select
        a1_0.id,
        a1_0.image_url,
        a1_0.landing_url,
        a1_0.name,
        a1_0.reward,
        a1_0.target_country,
        a1_0.target_gender,
        a1_0.weight 
    from
        advertisement a1_0 
    where
        a1_0.id=?
Hibernate: 
    select
        a1_0.id,
        a1_0.image_url,
        a1_0.landing_url,
        a1_0.name,
        a1_0.reward,
        a1_0.target_country,
        a1_0.target_gender,
        a1_0.weight 
    from
        advertisement a1_0 
    where
        a1_0.id=?
Hibernate: 
    select
        a1_0.id,
        a1_0.image_url,
        a1_0.landing_url,
        a1_0.name,
        a1_0.reward,
        a1_0.target_country,
        a1_0.target_gender,
        a1_0.weight 
    from
        advertisement a1_0 
    where
        a1_0.id=?
Hibernate: 
    select
        a1_0.id,
        a1_0.image_url,
        a1_0.landing_url,
        a1_0.name,
        a1_0.reward,
        a1_0.target_country,
        a1_0.target_gender,
        a1_0.weight 
    from
        advertisement a1_0 
    where
        a1_0.id=?
Hibernate: 
    select
        a1_0.id,
        a1_0.image_url,
        a1_0.landing_url,
        a1_0.name,
        a1_0.reward,
        a1_0.target_country,
        a1_0.target_gender,
        a1_0.weight 
    from
        advertisement a1_0 
    where
        a1_0.id=?
Hibernate: 
    select
        a1_0.id,
        a1_0.image_url,
        a1_0.landing_url,
        a1_0.name,
        a1_0.reward,
        a1_0.target_country,
        a1_0.target_gender,
        a1_0.weight 
    from
        advertisement a1_0 
    where
        a1_0.id=?
Hibernate: 
    select
        a1_0.id,
        a1_0.image_url,
        a1_0.landing_url,
        a1_0.name,
        a1_0.reward,
        a1_0.target_country,
        a1_0.target_gender,
        a1_0.weight 
    from
        advertisement a1_0 
    where
        a1_0.id=?
Hibernate: 
    select
        a1_0.id,
        a1_0.image_url,
        a1_0.landing_url,
        a1_0.name,
        a1_0.reward,
        a1_0.target_country,
        a1_0.target_gender,
        a1_0.weight 
    from
        advertisement a1_0 
    where
        a1_0.id=?
Hibernate: 
    select
        a1_0.id,
        a1_0.image_url,
        a1_0.landing_url,
        a1_0.name,
        a1_0.reward,
        a1_0.target_country,
        a1_0.target_gender,
        a1_0.weight 
    from
        advertisement a1_0 
    where
        a1_0.id=?
Hibernate: 
    select
        a1_0.id,
        a1_0.image_url,
        a1_0.landing_url,
        a1_0.name,
        a1_0.reward,
        a1_0.target_country,
        a1_0.target_gender,
        a1_0.weight 
    from
        advertisement a1_0 
    where
        a1_0.id=?
Hibernate: 
    select
        a1_0.id,
        a1_0.image_url,
        a1_0.landing_url,
        a1_0.name,
        a1_0.reward,
        a1_0.target_country,
        a1_0.target_gender,
        a1_0.weight 
    from
        advertisement a1_0 
    where
        a1_0.id=?
Hibernate: 
    select
        a1_0.id,
        a1_0.image_url,
        a1_0.landing_url,
        a1_0.name,
        a1_0.reward,
        a1_0.target_country,
        a1_0.target_gender,
        a1_0.weight 
    from
        advertisement a1_0 
    where
        a1_0.id=?
Hibernate: 
    select
        a1_0.id,
        a1_0.image_url,
        a1_0.landing_url,
        a1_0.name,
        a1_0.reward,
        a1_0.target_country,
        a1_0.target_gender,
        a1_0.weight 
    from
        advertisement a1_0 
    where
        a1_0.id=?
Hibernate: 
    select
        a1_0.id,
        a1_0.image_url,
        a1_0.landing_url,
        a1_0.name,
        a1_0.reward,
        a1_0.target_country,
        a1_0.target_gender,
        a1_0.weight 
    from
        advertisement a1_0 
    where
        a1_0.id=?
Hibernate: 
    select
        a1_0.id,
        a1_0.image_url,
        a1_0.landing_url,
        a1_0.name,
        a1_0.reward,
        a1_0.target_country,
        a1_0.target_gender,
        a1_0.weight 
    from
        advertisement a1_0 
    where
        a1_0.id=?
Hibernate: 
    select
        a1_0.id,
        a1_0.image_url,
        a1_0.landing_url,
        a1_0.name,
        a1_0.reward,
        a1_0.target_country,
        a1_0.target_gender,
        a1_0.weight 
    from
        advertisement a1_0 
    where
        a1_0.id=?
Hibernate: 
    select
        a1_0.id,
        a1_0.image_url,
        a1_0.landing_url,
        a1_0.name,
        a1_0.reward,
        a1_0.target_country,
        a1_0.target_gender,
        a1_0.weight 
    from
        advertisement a1_0 
    where
        a1_0.id=?
Hibernate: 
    select
        a1_0.id,
        a1_0.image_url,
        a1_0.landing_url,
        a1_0.name,
        a1_0.reward,
        a1_0.target_country,
        a1_0.target_gender,
        a1_0.weight 
    from
        advertisement a1_0 
    where
        a1_0.id=?
Hibernate: 
    select
        a1_0.id,
        a1_0.image_url,
        a1_0.landing_url,
        a1_0.name,
        a1_0.reward,
        a1_0.target_country,
        a1_0.target_gender,
        a1_0.weight 
    from
        advertisement a1_0 
    where
        a1_0.id=?
Hibernate: 
    select
        a1_0.id,
        a1_0.image_url,
        a1_0.landing_url,
        a1_0.name,
        a1_0.reward,
        a1_0.target_country,
        a1_0.target_gender,
        a1_0.weight 
    from
        advertisement a1_0 
    where
        a1_0.id=?
Hibernate: 
    select
        a1_0.id,
        a1_0.image_url,
        a1_0.landing_url,
        a1_0.name,
        a1_0.reward,
        a1_0.target_country,
        a1_0.target_gender,
        a1_0.weight 
    from
        advertisement a1_0 
    where
        a1_0.id=?
Hibernate: 
    select
        a1_0.id,
        a1_0.image_url,
        a1_0.landing_url,
        a1_0.name,
        a1_0.reward,
        a1_0.target_country,
        a1_0.target_gender,
        a1_0.weight 
    from
        advertisement a1_0 
    where
        a1_0.id=?
Hibernate: 
    select
        a1_0.id,
        a1_0.image_url,
        a1_0.landing_url,
        a1_0.name,
        a1_0.reward,
        a1_0.target_country,
        a1_0.target_gender,
        a1_0.weight 
    from
        advertisement a1_0 
    where
        a1_0.id=?
Hibernate: 
    select
        a1_0.id,
        a1_0.image_url,
        a1_0.landing_url,
        a1_0.name,
        a1_0.reward,
        a1_0.target_country,
        a1_0.target_gender,
        a1_0.weight 
    from
        advertisement a1_0 
    where
        a1_0.id=?
Hibernate: 
    select
        a1_0.id,
        a1_0.image_url,
        a1_0.landing_url,
        a1_0.name,
        a1_0.reward,
        a1_0.target_country,
        a1_0.target_gender,
        a1_0.weight 
    from
        advertisement a1_0 
    where
        a1_0.id=?
Hibernate: 
    select
        a1_0.id,
        a1_0.image_url,
        a1_0.landing_url,
        a1_0.name,
        a1_0.reward,
        a1_0.target_country,
        a1_0.target_gender,
        a1_0.weight 
    from
        advertisement a1_0 
    where
        a1_0.id=?
Hibernate: 
    select
        a1_0.id,
        a1_0.image_url,
        a1_0.landing_url,
        a1_0.name,
        a1_0.reward,
        a1_0.target_country,
        a1_0.target_gender,
        a1_0.weight 
    from
        advertisement a1_0 
    where
        a1_0.id=?
Hibernate: 
    select
        a1_0.id,
        a1_0.image_url,
        a1_0.landing_url,
        a1_0.name,
        a1_0.reward,
        a1_0.target_country,
        a1_0.target_gender,
        a1_0.weight 
    from
        advertisement a1_0 
    where
        a1_0.id=?
Hibernate: 
    select
        a1_0.id,
        a1_0.image_url,
        a1_0.landing_url,
        a1_0.name,
        a1_0.reward,
        a1_0.target_country,
        a1_0.target_gender,
        a1_0.weight 
    from
        advertisement a1_0 
    where
        a1_0.id=?
Hibernate: 
    select
        a1_0.id,
        a1_0.image_url,
        a1_0.landing_url,
        a1_0.name,
        a1_0.reward,
        a1_0.target_country,
        a1_0.target_gender,
        a1_0.weight 
    from
        advertisement a1_0 
    where
        a1_0.id=?
Hibernate: 
    select
        a1_0.id,
        a1_0.image_url,
        a1_0.landing_url,
        a1_0.name,
        a1_0.reward,
        a1_0.target_country,
        a1_0.target_gender,
        a1_0.weight 
    from
        advertisement a1_0 
    where
        a1_0.id=?
Hibernate: 
    select
        a1_0.id,
        a1_0.image_url,
        a1_0.landing_url,
        a1_0.name,
        a1_0.reward,
        a1_0.target_country,
        a1_0.target_gender,
        a1_0.weight 
    from
        advertisement a1_0 
    where
        a1_0.id=?
Hibernate: 
    select
        a1_0.id,
        a1_0.image_url,
        a1_0.landing_url,
        a1_0.name,
        a1_0.reward,
        a1_0.target_country,
        a1_0.target_gender,
        a1_0.weight 
    from
        advertisement a1_0 
    where
        a1_0.id=?
Hibernate: 
    select
        a1_0.id,
        a1_0.image_url,
        a1_0.landing_url,
        a1_0.name,
        a1_0.reward,
        a1_0.target_country,
        a1_0.target_gender,
        a1_0.weight 
    from
        advertisement a1_0 
    where
        a1_0.id=?
Hibernate: 
    select
        a1_0.id,
        a1_0.image_url,
        a1_0.landing_url,
        a1_0.name,
        a1_0.reward,
        a1_0.target_country,
        a1_0.target_gender,
        a1_0.weight 
    from
        advertisement a1_0 
    where
        a1_0.id=?
Hibernate: 
    select
        a1_0.id,
        a1_0.image_url,
        a1_0.landing_url,
        a1_0.name,
        a1_0.reward,
        a1_0.target_country,
        a1_0.target_gender,
        a1_0.weight 
    from
        advertisement a1_0 
    where
        a1_0.id=?
Hibernate: 
    select
        a1_0.id,
        a1_0.image_url,
        a1_0.landing_url,
        a1_0.name,
        a1_0.reward,
        a1_0.target_country,
        a1_0.target_gender,
        a1_0.weight 
    from
        advertisement a1_0 
    where
        a1_0.id=?
Hibernate: 
    select
        a1_0.id,
        a1_0.image_url,
        a1_0.landing_url,
        a1_0.name,
        a1_0.reward,
        a1_0.target_country,
        a1_0.target_gender,
        a1_0.weight 
    from
        advertisement a1_0 
    where
        a1_0.id=?
Hibernate: 
    select
        a1_0.id,
        a1_0.image_url,
        a1_0.landing_url,
        a1_0.name,
        a1_0.reward,
        a1_0.target_country,
        a1_0.target_gender,
        a1_0.weight 
    from
        advertisement a1_0 
    where
        a1_0.id=?
Hibernate: 
    select
        a1_0.id,
        a1_0.image_url,
        a1_0.landing_url,
        a1_0.name,
        a1_0.reward,
        a1_0.target_country,
        a1_0.target_gender,
        a1_0.weight 
    from
        advertisement a1_0 
    where
        a1_0.id=?
Hibernate: 
    select
        a1_0.id,
        a1_0.image_url,
        a1_0.landing_url,
        a1_0.name,
        a1_0.reward,
        a1_0.target_country,
        a1_0.target_gender,
        a1_0.weight 
    from
        advertisement a1_0 
    where
        a1_0.id=?
Hibernate: 
    select
        a1_0.id,
        a1_0.image_url,
        a1_0.landing_url,
        a1_0.name,
        a1_0.reward,
        a1_0.target_country,
        a1_0.target_gender,
        a1_0.weight 
    from
        advertisement a1_0 
    where
        a1_0.id=?
Hibernate: 
    select
        a1_0.id,
        a1_0.image_url,
        a1_0.landing_url,
        a1_0.name,
        a1_0.reward,
        a1_0.target_country,
        a1_0.target_gender,
        a1_0.weight 
    from
        advertisement a1_0 
    where
        a1_0.id=?
Hibernate: 
    select
        a1_0.id,
        a1_0.image_url,
        a1_0.landing_url,
        a1_0.name,
        a1_0.reward,
        a1_0.target_country,
        a1_0.target_gender,
        a1_0.weight 
    from
        advertisement a1_0 
    where
        a1_0.id=?
Hibernate: 
    select
        a1_0.id,
        a1_0.image_url,
        a1_0.landing_url,
        a1_0.name,
        a1_0.reward,
        a1_0.target_country,
        a1_0.target_gender,
        a1_0.weight 
    from
        advertisement a1_0 
    where
        a1_0.id=?
Hibernate: 
    select
        a1_0.id,
        a1_0.image_url,
        a1_0.landing_url,
        a1_0.name,
        a1_0.reward,
        a1_0.target_country,
        a1_0.target_gender,
        a1_0.weight 
    from
        advertisement a1_0 
    where
        a1_0.id=?
Hibernate: 
    select
        a1_0.id,
        a1_0.image_url,
        a1_0.landing_url,
        a1_0.name,
        a1_0.reward,
        a1_0.target_country,
        a1_0.target_gender,
        a1_0.weight 
    from
        advertisement a1_0 
    where
        a1_0.id=?
Hibernate: 
    select
        a1_0.id,
        a1_0.image_url,
        a1_0.landing_url,
        a1_0.name,
        a1_0.reward,
        a1_0.target_country,
        a1_0.target_gender,
        a1_0.weight 
    from
        advertisement a1_0 
    where
        a1_0.id=?
Hibernate: 
    select
        a1_0.id,
        a1_0.image_url,
        a1_0.landing_url,
        a1_0.name,
        a1_0.reward,
        a1_0.target_country,
        a1_0.target_gender,
        a1_0.weight 
    from
        advertisement a1_0 
    where
        a1_0.id=?
Hibernate: 
    select
        a1_0.id,
        a1_0.image_url,
        a1_0.landing_url,
        a1_0.name,
        a1_0.reward,
        a1_0.target_country,
        a1_0.target_gender,
        a1_0.weight 
    from
        advertisement a1_0 
    where
        a1_0.id=?
Hibernate: 
    select
        a1_0.id,
        a1_0.image_url,
        a1_0.landing_url,
        a1_0.name,
        a1_0.reward,
        a1_0.target_country,
        a1_0.target_gender,
        a1_0.weight 
    from
        advertisement a1_0 
    where
        a1_0.id=?
Hibernate: 
    select
        a1_0.id,
        a1_0.image_url,
        a1_0.landing_url,
        a1_0.name,
        a1_0.reward,
        a1_0.target_country,
        a1_0.target_gender,
        a1_0.weight 
    from
        advertisement a1_0 
    where
        a1_0.id=?
Hibernate: 
    select
        a1_0.id,
        a1_0.image_url,
        a1_0.landing_url,
        a1_0.name,
        a1_0.reward,
        a1_0.target_country,
        a1_0.target_gender,
        a1_0.weight 
    from
        advertisement a1_0 
    where
        a1_0.id=?
Hibernate: 
    select
        a1_0.id,
        a1_0.image_url,
        a1_0.landing_url,
        a1_0.name,
        a1_0.reward,
        a1_0.target_country,
        a1_0.target_gender,
        a1_0.weight 
    from
        advertisement a1_0 
    where
        a1_0.id=?
Hibernate: 
    select
        a1_0.id,
        a1_0.image_url,
        a1_0.landing_url,
        a1_0.name,
        a1_0.reward,
        a1_0.target_country,
        a1_0.target_gender,
        a1_0.weight 
    from
        advertisement a1_0 
    where
        a1_0.id=?
Hibernate: 
    select
        a1_0.id,
        a1_0.image_url,
        a1_0.landing_url,
        a1_0.name,
        a1_0.reward,
        a1_0.target_country,
        a1_0.target_gender,
        a1_0.weight 
    from
        advertisement a1_0 
    where
        a1_0.id=?
Hibernate: 
    select
        a1_0.id,
        a1_0.image_url,
        a1_0.landing_url,
        a1_0.name,
        a1_0.reward,
        a1_0.target_country,
        a1_0.target_gender,
        a1_0.weight 
    from
        advertisement a1_0 
    where
        a1_0.id=?
Hibernate: 
    select
        a1_0.id,
        a1_0.image_url,
        a1_0.landing_url,
        a1_0.name,
        a1_0.reward,
        a1_0.target_country,
        a1_0.target_gender,
        a1_0.weight 
    from
        advertisement a1_0 
    where
        a1_0.id=?
Hibernate: 
    select
        a1_0.id,
        a1_0.image_url,
        a1_0.landing_url,
        a1_0.name,
        a1_0.reward,
        a1_0.target_country,
        a1_0.target_gender,
        a1_0.weight 
    from
        advertisement a1_0 
    where
        a1_0.id=?
Hibernate: 
    select
        a1_0.id,
        a1_0.image_url,
        a1_0.landing_url,
        a1_0.name,
        a1_0.reward,
        a1_0.target_country,
        a1_0.target_gender,
        a1_0.weight 
    from
        advertisement a1_0 
    where
        a1_0.id=?
Hibernate: 
    select
        a1_0.id,
        a1_0.image_url,
        a1_0.landing_url,
        a1_0.name,
        a1_0.reward,
        a1_0.target_country,
        a1_0.target_gender,
        a1_0.weight 
    from
        advertisement a1_0 
    where
        a1_0.id=?
Hibernate: 
    select
        a1_0.id,
        a1_0.image_url,
        a1_0.landing_url,
        a1_0.name,
        a1_0.reward,
        a1_0.target_country,
        a1_0.target_gender,
        a1_0.weight 
    from
        advertisement a1_0 
    where
        a1_0.id=?
Hibernate: 
    select
        a1_0.id,
        a1_0.image_url,
        a1_0.landing_url,
        a1_0.name,
        a1_0.reward,
        a1_0.target_country,
        a1_0.target_gender,
        a1_0.weight 
    from
        advertisement a1_0 
    where
        a1_0.id=?
Hibernate: 
    select
        a1_0.id,
        a1_0.image_url,
        a1_0.landing_url,
        a1_0.name,
        a1_0.reward,
        a1_0.target_country,
        a1_0.target_gender,
        a1_0.weight 
    from
        advertisement a1_0 
    where
        a1_0.id=?
Hibernate: 
    select
        a1_0.id,
        a1_0.image_url,
        a1_0.landing_url,
        a1_0.name,
        a1_0.reward,
        a1_0.target_country,
        a1_0.target_gender,
        a1_0.weight 
    from
        advertisement a1_0 
    where
        a1_0.id=?
Hibernate: 
    select
        a1_0.id,
        a1_0.image_url,
        a1_0.landing_url,
        a1_0.name,
        a1_0.reward,
        a1_0.target_country,
        a1_0.target_gender,
        a1_0.weight 
    from
        advertisement a1_0 
    where
        a1_0.id=?
Hibernate: 
    select
        a1_0.id,
        a1_0.image_url,
        a1_0.landing_url,
        a1_0.name,
        a1_0.reward,
        a1_0.target_country,
        a1_0.target_gender,
        a1_0.weight 
    from
        advertisement a1_0 
    where
        a1_0.id=?
Hibernate: 
    select
        a1_0.id,
        a1_0.image_url,
        a1_0.landing_url,
        a1_0.name,
        a1_0.reward,
        a1_0.target_country,
        a1_0.target_gender,
        a1_0.weight 
    from
        advertisement a1_0 
    where
        a1_0.id=?
Hibernate: 
    select
        a1_0.id,
        a1_0.image_url,
        a1_0.landing_url,
        a1_0.name,
        a1_0.reward,
        a1_0.target_country,
        a1_0.target_gender,
        a1_0.weight 
    from
        advertisement a1_0 
    where
        a1_0.id=?
Hibernate: 
    select
        a1_0.id,
        a1_0.image_url,
        a1_0.landing_url,
        a1_0.name,
        a1_0.reward,
        a1_0.target_country,
        a1_0.target_gender,
        a1_0.weight 
    from
        advertisement a1_0 
    where
        a1_0.id=?
Hibernate: 
    select
        a1_0.id,
        a1_0.image_url,
        a1_0.landing_url,
        a1_0.name,
        a1_0.reward,
        a1_0.target_country,
        a1_0.target_gender,
        a1_0.weight 
    from
        advertisement a1_0 
    where
        a1_0.id=?
Hibernate: 
    select
        a1_0.id,
        a1_0.image_url,
        a1_0.landing_url,
        a1_0.name,
        a1_0.reward,
        a1_0.target_country,
        a1_0.target_gender,
        a1_0.weight 
    from
        advertisement a1_0 
    where
        a1_0.id=?
Hibernate: 
    select
        a1_0.id,
        a1_0.image_url,
        a1_0.landing_url,
        a1_0.name,
        a1_0.reward,
        a1_0.target_country,
        a1_0.target_gender,
        a1_0.weight 
    from
        advertisement a1_0 
    where
        a1_0.id=?
Hibernate: 
    select
        a1_0.id,
        a1_0.image_url,
        a1_0.landing_url,
        a1_0.name,
        a1_0.reward,
        a1_0.target_country,
        a1_0.target_gender,
        a1_0.weight 
    from
        advertisement a1_0 
    where
        a1_0.id=?
Hibernate: 
    select
        a1_0.id,
        a1_0.image_url,
        a1_0.landing_url,
        a1_0.name,
        a1_0.reward,
        a1_0.target_country,
        a1_0.target_gender,
        a1_0.weight 
    from
        advertisement a1_0 
    where
        a1_0.id=?
Hibernate: 
    select
        a1_0.id,
        a1_0.image_url,
        a1_0.landing_url,
        a1_0.name,
        a1_0.reward,
        a1_0.target_country,
        a1_0.target_gender,
        a1_0.weight 
    from
        advertisement a1_0 
    where
        a1_0.id=?
Hibernate: 
    select
        a1_0.id,
        a1_0.image_url,
        a1_0.landing_url,
        a1_0.name,
        a1_0.reward,
        a1_0.target_country,
        a1_0.target_gender,
        a1_0.weight 
    from
        advertisement a1_0 
    where
        a1_0.id=?
Hibernate: 
    select
        a1_0.id,
        a1_0.image_url,
        a1_0.landing_url,
        a1_0.name,
        a1_0.reward,
        a1_0.target_country,
        a1_0.target_gender,
        a1_0.weight 
    from
        advertisement a1_0 
    where
        a1_0.id=?
Hibernate: 
    select
        a1_0.id,
        a1_0.image_url,
        a1_0.landing_url,
        a1_0.name,
        a1_0.reward,
        a1_0.target_country,
        a1_0.target_gender,
        a1_0.weight 
    from
        advertisement a1_0 
    where
        a1_0.id=?
Hibernate: 
    select
        a1_0.id,
        a1_0.image_url,
        a1_0.landing_url,
        a1_0.name,
        a1_0.reward,
        a1_0.target_country,
        a1_0.target_gender,
        a1_0.weight 
    from
        advertisement a1_0 
    where
        a1_0.id=?
Hibernate: 
    select
        a1_0.id,
        a1_0.image_url,
        a1_0.landing_url,
        a1_0.name,
        a1_0.reward,
        a1_0.target_country,
        a1_0.target_gender,
        a1_0.weight 
    from
        advertisement a1_0 
    where
        a1_0.id=?
Hibernate: 
    select
        a1_0.id,
        a1_0.image_url,
        a1_0.landing_url,
        a1_0.name,
        a1_0.reward,
        a1_0.target_country,
        a1_0.target_gender,
        a1_0.weight 
    from
        advertisement a1_0 
    where
        a1_0.id=?
Hibernate: 
    select
        a1_0.id,
        a1_0.image_url,
        a1_0.landing_url,
        a1_0.name,
        a1_0.reward,
        a1_0.target_country,
        a1_0.target_gender,
        a1_0.weight 
    from
        advertisement a1_0 
    where
        a1_0.id=?
Hibernate: 
    select
        a1_0.id,
        a1_0.image_url,
        a1_0.landing_url,
        a1_0.name,
        a1_0.reward,
        a1_0.target_country,
        a1_0.target_gender,
        a1_0.weight 
    from
        advertisement a1_0 
    where
        a1_0.id=?
Hibernate: 
    select
        a1_0.id,
        a1_0.image_url,
        a1_0.landing_url,
        a1_0.name,
        a1_0.reward,
        a1_0.target_country,
        a1_0.target_gender,
        a1_0.weight 
    from
        advertisement a1_0 
    where
        a1_0.id=?
Hibernate: 
    select
        a1_0.id,
        a1_0.image_url,
        a1_0.landing_url,
        a1_0.name,
        a1_0.reward,
        a1_0.target_country,
        a1_0.target_gender,
        a1_0.weight 
    from
        advertisement a1_0 
    where
        a1_0.id=?
Hibernate: 
    select
        a1_0.id,
        a1_0.image_url,
        a1_0.landing_url,
        a1_0.name,
        a1_0.reward,
        a1_0.target_country,
        a1_0.target_gender,
        a1_0.weight 
    from
        advertisement a1_0 
    where
        a1_0.id=?
Hibernate: 
    select
        a1_0.id,
        a1_0.image_url,
        a1_0.landing_url,
        a1_0.name,
        a1_0.reward,
        a1_0.target_country,
        a1_0.target_gender,
        a1_0.weight 
    from
        advertisement a1_0 
    where
        a1_0.id=?
Hibernate: 
    select
        a1_0.id,
        a1_0.image_url,
        a1_0.landing_url,
        a1_0.name,
        a1_0.reward,
        a1_0.target_country,
        a1_0.target_gender,
        a1_0.weight 
    from
        advertisement a1_0 
    where
        a1_0.id=?
Hibernate: 
    select
        a1_0.id,
        a1_0.image_url,
        a1_0.landing_url,
        a1_0.name,
        a1_0.reward,
        a1_0.target_country,
        a1_0.target_gender,
        a1_0.weight 
    from
        advertisement a1_0 
    where
        a1_0.id=?
Hibernate: 
    select
        a1_0.id,
        a1_0.image_url,
        a1_0.landing_url,
        a1_0.name,
        a1_0.reward,
        a1_0.target_country,
        a1_0.target_gender,
        a1_0.weight 
    from
        advertisement a1_0 
    where
        a1_0.id=?
Hibernate: 
    select
        a1_0.id,
        a1_0.image_url,
        a1_0.landing_url,
        a1_0.name,
        a1_0.reward,
        a1_0.target_country,
        a1_0.target_gender,
        a1_0.weight 
    from
        advertisement a1_0 
    where
        a1_0.id=?
Hibernate: 
    select
        a1_0.id,
        a1_0.image_url,
        a1_0.landing_url,
        a1_0.name,
        a1_0.reward,
        a1_0.target_country,
        a1_0.target_gender,
        a1_0.weight 
    from
        advertisement a1_0 
    where
        a1_0.id=?
Hibernate: 
    select
        a1_0.id,
        a1_0.image_url,
        a1_0.landing_url,
        a1_0.name,
        a1_0.reward,
        a1_0.target_country,
        a1_0.target_gender,
        a1_0.weight 
    from
        advertisement a1_0 
    where
        a1_0.id=?
Hibernate: 
    select
        a1_0.id,
        a1_0.image_url,
        a1_0.landing_url,
        a1_0.name,
        a1_0.reward,
        a1_0.target_country,
        a1_0.target_gender,
        a1_0.weight 
    from
        advertisement a1_0 
    where
        a1_0.id=?
Hibernate: 
    select
        a1_0.id,
        a1_0.image_url,
        a1_0.landing_url,
        a1_0.name,
        a1_0.reward,
        a1_0.target_country,
        a1_0.target_gender,
        a1_0.weight 
    from
        advertisement a1_0 
    where
        a1_0.id=?
Hibernate: 
    select
        a1_0.id,
        a1_0.image_url,
        a1_0.landing_url,
        a1_0.name,
        a1_0.reward,
        a1_0.target_country,
        a1_0.target_gender,
        a1_0.weight 
    from
        advertisement a1_0 
    where
        a1_0.id=?
Hibernate: 
    select
        a1_0.id,
        a1_0.image_url,
        a1_0.landing_url,
        a1_0.name,
        a1_0.reward,
        a1_0.target_country,
        a1_0.target_gender,
        a1_0.weight 
    from
        advertisement a1_0 
    where
        a1_0.id=?
Hibernate: 
    select
        a1_0.id,
        a1_0.image_url,
        a1_0.landing_url,
        a1_0.name,
        a1_0.reward,
        a1_0.target_country,
        a1_0.target_gender,
        a1_0.weight 
    from
        advertisement a1_0 
    where
        a1_0.id=?
Hibernate: 
    select
        a1_0.id,
        a1_0.image_url,
        a1_0.landing_url,
        a1_0.name,
        a1_0.reward,
        a1_0.target_country,
        a1_0.target_gender,
        a1_0.weight 
    from
        advertisement a1_0 
    where
        a1_0.id=?
Hibernate: 
    select
        a1_0.id,
        a1_0.image_url,
        a1_0.landing_url,
        a1_0.name,
        a1_0.reward,
        a1_0.target_country,
        a1_0.target_gender,
        a1_0.weight 
    from
        advertisement a1_0 
    where
        a1_0.id=?
Hibernate: 
    select
        a1_0.id,
        a1_0.image_url,
        a1_0.landing_url,
        a1_0.name,
        a1_0.reward,
        a1_0.target_country,
        a1_0.target_gender,
        a1_0.weight 
    from
        advertisement a1_0 
    where
        a1_0.id=?
Hibernate: 
    select
        a1_0.id,
        a1_0.image_url,
        a1_0.landing_url,
        a1_0.name,
        a1_0.reward,
        a1_0.target_country,
        a1_0.target_gender,
        a1_0.weight 
    from
        advertisement a1_0 
    where
        a1_0.id=?
Hibernate: 
    select
        a1_0.id,
        a1_0.image_url,
        a1_0.landing_url,
        a1_0.name,
        a1_0.reward,
        a1_0.target_country,
        a1_0.target_gender,
        a1_0.weight 
    from
        advertisement a1_0 
    where
        a1_0.id=?
Hibernate: 
    select
        a1_0.id,
        a1_0.image_url,
        a1_0.landing_url,
        a1_0.name,
        a1_0.reward,
        a1_0.target_country,
        a1_0.target_gender,
        a1_0.weight 
    from
        advertisement a1_0 
    where
        a1_0.id=?
Hibernate: 
    select
        a1_0.id,
        a1_0.image_url,
        a1_0.landing_url,
        a1_0.name,
        a1_0.reward,
        a1_0.target_country,
        a1_0.target_gender,
        a1_0.weight 
    from
        advertisement a1_0 
    where
        a1_0.id=?
Hibernate: 
    select
        a1_0.id,
        a1_0.image_url,
        a1_0.landing_url,
        a1_0.name,
        a1_0.reward,
        a1_0.target_country,
        a1_0.target_gender,
        a1_0.weight 
    from
        advertisement a1_0 
    where
        a1_0.id=?
Hibernate: 
    select
        a1_0.id,
        a1_0.image_url,
        a1_0.landing_url,
        a1_0.name,
        a1_0.reward,
        a1_0.target_country,
        a1_0.target_gender,
        a1_0.weight 
    from
        advertisement a1_0 
    where
        a1_0.id=?
Hibernate: 
    select
        a1_0.id,
        a1_0.image_url,
        a1_0.landing_url,
        a1_0.name,
        a1_0.reward,
        a1_0.target_country,
        a1_0.target_gender,
        a1_0.weight 
    from
        advertisement a1_0 
    where
        a1_0.id=?
Hibernate: 
    select
        a1_0.id,
        a1_0.image_url,
        a1_0.landing_url,
        a1_0.name,
        a1_0.reward,
        a1_0.target_country,
        a1_0.target_gender,
        a1_0.weight 
    from
        advertisement a1_0 
    where
        a1_0.id=?
Hibernate: 
    select
        a1_0.id,
        a1_0.image_url,
        a1_0.landing_url,
        a1_0.name,
        a1_0.reward,
        a1_0.target_country,
        a1_0.target_gender,
        a1_0.weight 
    from
        advertisement a1_0 
    where
        a1_0.id=?
Hibernate: 
    select
        a1_0.id,
        a1_0.image_url,
        a1_0.landing_url,
        a1_0.name,
        a1_0.reward,
        a1_0.target_country,
        a1_0.target_gender,
        a1_0.weight 
    from
        advertisement a1_0 
    where
        a1_0.id=?
Hibernate: 
    select
        a1_0.id,
        a1_0.image_url,
        a1_0.landing_url,
        a1_0.name,
        a1_0.reward,
        a1_0.target_country,
        a1_0.target_gender,
        a1_0.weight 
    from
        advertisement a1_0 
    where
        a1_0.id=?
Hibernate: 
    select
        a1_0.id,
        a1_0.image_url,
        a1_0.landing_url,
        a1_0.name,
        a1_0.reward,
        a1_0.target_country,
        a1_0.target_gender,
        a1_0.weight 
    from
        advertisement a1_0 
    where
        a1_0.id=?
Hibernate: 
    select
        a1_0.id,
        a1_0.image_url,
        a1_0.landing_url,
        a1_0.name,
        a1_0.reward,
        a1_0.target_country,
        a1_0.target_gender,
        a1_0.weight 
    from
        advertisement a1_0 
    where
        a1_0.id=?
Hibernate: 
    select
        a1_0.id,
        a1_0.image_url,
        a1_0.landing_url,
        a1_0.name,
        a1_0.reward,
        a1_0.target_country,
        a1_0.target_gender,
        a1_0.weight 
    from
        advertisement a1_0 
    where
        a1_0.id=?
Hibernate: 
    select
        a1_0.id,
        a1_0.image_url,
        a1_0.landing_url,
        a1_0.name,
        a1_0.reward,
        a1_0.target_country,
        a1_0.target_gender,
        a1_0.weight 
    from
        advertisement a1_0 
    where
        a1_0.id=?
Hibernate: 
    select
        a1_0.id,
        a1_0.image_url,
        a1_0.landing_url,
        a1_0.name,
        a1_0.reward,
        a1_0.target_country,
        a1_0.target_gender,
        a1_0.weight 
    from
        advertisement a1_0 
    where
        a1_0.id=?
Hibernate: 
    select
        a1_0.id,
        a1_0.image_url,
        a1_0.landing_url,
        a1_0.name,
        a1_0.reward,
        a1_0.target_country,
        a1_0.target_gender,
        a1_0.weight 
    from
        advertisement a1_0 
    where
        a1_0.id=?
Hibernate: 
    select
        a1_0.id,
        a1_0.image_url,
        a1_0.landing_url,
        a1_0.name,
        a1_0.reward,
        a1_0.target_country,
        a1_0.target_gender,
        a1_0.weight 
    from
        advertisement a1_0 
    where
        a1_0.id=?
Hibernate: 
    select
        a1_0.id,
        a1_0.image_url,
        a1_0.landing_url,
        a1_0.name,
        a1_0.reward,
        a1_0.target_country,
        a1_0.target_gender,
        a1_0.weight 
    from
        advertisement a1_0 
    where
        a1_0.id=?
Hibernate: 
    select
        a1_0.id,
        a1_0.image_url,
        a1_0.landing_url,
        a1_0.name,
        a1_0.reward,
        a1_0.target_country,
        a1_0.target_gender,
        a1_0.weight 
    from
        advertisement a1_0 
    where
        a1_0.id=?
Hibernate: 
    select
        a1_0.id,
        a1_0.image_url,
        a1_0.landing_url,
        a1_0.name,
        a1_0.reward,
        a1_0.target_country,
        a1_0.target_gender,
        a1_0.weight 
    from
        advertisement a1_0 
    where
        a1_0.id=?
Hibernate: 
    select
        a1_0.id,
        a1_0.image_url,
        a1_0.landing_url,
        a1_0.name,
        a1_0.reward,
        a1_0.target_country,
        a1_0.target_gender,
        a1_0.weight 
    from
        advertisement a1_0 
    where
        a1_0.id=?
Hibernate: 
    select
        a1_0.id,
        a1_0.image_url,
        a1_0.landing_url,
        a1_0.name,
        a1_0.reward,
        a1_0.target_country,
        a1_0.target_gender,
        a1_0.weight 
    from
        advertisement a1_0 
    where
        a1_0.id=?
Hibernate: 
    select
        a1_0.id,
        a1_0.image_url,
        a1_0.landing_url,
        a1_0.name,
        a1_0.reward,
        a1_0.target_country,
        a1_0.target_gender,
        a1_0.weight 
    from
        advertisement a1_0 
    where
        a1_0.id=?
Hibernate: 
    select
        a1_0.id,
        a1_0.image_url,
        a1_0.landing_url,
        a1_0.name,
        a1_0.reward,
        a1_0.target_country,
        a1_0.target_gender,
        a1_0.weight 
    from
        advertisement a1_0 
    where
        a1_0.id=?
Hibernate: 
    select
        a1_0.id,
        a1_0.image_url,
        a1_0.landing_url,
        a1_0.name,
        a1_0.reward,
        a1_0.target_country,
        a1_0.target_gender,
        a1_0.weight 
    from
        advertisement a1_0 
    where
        a1_0.id=?
Hibernate: 
    select
        a1_0.id,
        a1_0.image_url,
        a1_0.landing_url,
        a1_0.name,
        a1_0.reward,
        a1_0.target_country,
        a1_0.target_gender,
        a1_0.weight 
    from
        advertisement a1_0 
    where
        a1_0.id=?
Hibernate: 
    select
        a1_0.id,
        a1_0.image_url,
        a1_0.landing_url,
        a1_0.name,
        a1_0.reward,
        a1_0.target_country,
        a1_0.target_gender,
        a1_0.weight 
    from
        advertisement a1_0 
    where
        a1_0.id=?
Hibernate: 
    select
        a1_0.id,
        a1_0.image_url,
        a1_0.landing_url,
        a1_0.name,
        a1_0.reward,
        a1_0.target_country,
        a1_0.target_gender,
        a1_0.weight 
    from
        advertisement a1_0 
    where
        a1_0.id=?
Hibernate: 
    select
        a1_0.id,
        a1_0.image_url,
        a1_0.landing_url,
        a1_0.name,
        a1_0.reward,
        a1_0.target_country,
        a1_0.target_gender,
        a1_0.weight 
    from
        advertisement a1_0 
    where
        a1_0.id=?
Hibernate: 
    select
        a1_0.id,
        a1_0.image_url,
        a1_0.landing_url,
        a1_0.name,
        a1_0.reward,
        a1_0.target_country,
        a1_0.target_gender,
        a1_0.weight 
    from
        advertisement a1_0 
    where
        a1_0.id=?
Hibernate: 
    select
        a1_0.id,
        a1_0.image_url,
        a1_0.landing_url,
        a1_0.name,
        a1_0.reward,
        a1_0.target_country,
        a1_0.target_gender,
        a1_0.weight 
    from
        advertisement a1_0 
    where
        a1_0.id=?
Hibernate: 
    select
        a1_0.id,
        a1_0.image_url,
        a1_0.landing_url,
        a1_0.name,
        a1_0.reward,
        a1_0.target_country,
        a1_0.target_gender,
        a1_0.weight 
    from
        advertisement a1_0 
    where
        a1_0.id=?
Hibernate: 
    select
        a1_0.id,
        a1_0.image_url,
        a1_0.landing_url,
        a1_0.name,
        a1_0.reward,
        a1_0.target_country,
        a1_0.target_gender,
        a1_0.weight 
    from
        advertisement a1_0 
    where
        a1_0.id=?
Hibernate: 
    select
        a1_0.id,
        a1_0.image_url,
        a1_0.landing_url,
        a1_0.name,
        a1_0.reward,
        a1_0.target_country,
        a1_0.target_gender,
        a1_0.weight 
    from
        advertisement a1_0 
    where
        a1_0.id=?
Hibernate: 
    select
        a1_0.id,
        a1_0.image_url,
        a1_0.landing_url,
        a1_0.name,
        a1_0.reward,
        a1_0.target_country,
        a1_0.target_gender,
        a1_0.weight 
    from
        advertisement a1_0 
    where
        a1_0.id=?
Hibernate: 
    select
        a1_0.id,
        a1_0.image_url,
        a1_0.landing_url,
        a1_0.name,
        a1_0.reward,
        a1_0.target_country,
        a1_0.target_gender,
        a1_0.weight 
    from
        advertisement a1_0 
    where
        a1_0.id=?
Hibernate: 
    select
        a1_0.id,
        a1_0.image_url,
        a1_0.landing_url,
        a1_0.name,
        a1_0.reward,
        a1_0.target_country,
        a1_0.target_gender,
        a1_0.weight 
    from
        advertisement a1_0 
    where
        a1_0.id=?
Hibernate: 
    select
        a1_0.id,
        a1_0.image_url,
        a1_0.landing_url,
        a1_0.name,
        a1_0.reward,
        a1_0.target_country,
        a1_0.target_gender,
        a1_0.weight 
    from
        advertisement a1_0 
    where
        a1_0.id=?
Hibernate: 
    select
        a1_0.id,
        a1_0.image_url,
        a1_0.landing_url,
        a1_0.name,
        a1_0.reward,
        a1_0.target_country,
        a1_0.target_gender,
        a1_0.weight 
    from
        advertisement a1_0 
    where
        a1_0.id=?
Hibernate: 
    select
        a1_0.id,
        a1_0.image_url,
        a1_0.landing_url,
        a1_0.name,
        a1_0.reward,
        a1_0.target_country,
        a1_0.target_gender,
        a1_0.weight 
    from
        advertisement a1_0 
    where
        a1_0.id=?
Hibernate: 
    select
        a1_0.id,
        a1_0.image_url,
        a1_0.landing_url,
        a1_0.name,
        a1_0.reward,
        a1_0.target_country,
        a1_0.target_gender,
        a1_0.weight 
    from
        advertisement a1_0 
    where
        a1_0.id=?
Hibernate: 
    select
        a1_0.id,
        a1_0.image_url,
        a1_0.landing_url,
        a1_0.name,
        a1_0.reward,
        a1_0.target_country,
        a1_0.target_gender,
        a1_0.weight 
    from
        advertisement a1_0 
    where
        a1_0.id=?
Hibernate: 
    select
        a1_0.id,
        a1_0.image_url,
        a1_0.landing_url,
        a1_0.name,
        a1_0.reward,
        a1_0.target_country,
        a1_0.target_gender,
        a1_0.weight 
    from
        advertisement a1_0 
    where
        a1_0.id=?
Hibernate: 
    select
        a1_0.id,
        a1_0.image_url,
        a1_0.landing_url,
        a1_0.name,
        a1_0.reward,
        a1_0.target_country,
        a1_0.target_gender,
        a1_0.weight 
    from
        advertisement a1_0 
    where
        a1_0.id=?
Hibernate: 
    select
        a1_0.id,
        a1_0.image_url,
        a1_0.landing_url,
        a1_0.name,
        a1_0.reward,
        a1_0.target_country,
        a1_0.target_gender,
        a1_0.weight 
    from
        advertisement a1_0 
    where
        a1_0.id=?
Hibernate: 
    select
        a1_0.id,
        a1_0.image_url,
        a1_0.landing_url,
        a1_0.name,
        a1_0.reward,
        a1_0.target_country,
        a1_0.target_gender,
        a1_0.weight 
    from
        advertisement a1_0 
    where
        a1_0.id=?
Hibernate: 
    select
        a1_0.id,
        a1_0.image_url,
        a1_0.landing_url,
        a1_0.name,
        a1_0.reward,
        a1_0.target_country,
        a1_0.target_gender,
        a1_0.weight 
    from
        advertisement a1_0 
    where
        a1_0.id=?
Hibernate: 
    select
        a1_0.id,
        a1_0.image_url,
        a1_0.landing_url,
        a1_0.name,
        a1_0.reward,
        a1_0.target_country,
        a1_0.target_gender,
        a1_0.weight 
    from
        advertisement a1_0 
    where
        a1_0.id=?
Hibernate: 
    select
        a1_0.id,
        a1_0.image_url,
        a1_0.landing_url,
        a1_0.name,
        a1_0.reward,
        a1_0.target_country,
        a1_0.target_gender,
        a1_0.weight 
    from
        advertisement a1_0 
    where
        a1_0.id=?
Hibernate: 
    select
        a1_0.id,
        a1_0.image_url,
        a1_0.landing_url,
        a1_0.name,
        a1_0.reward,
        a1_0.target_country,
        a1_0.target_gender,
        a1_0.weight 
    from
        advertisement a1_0 
    where
        a1_0.id=?
Hibernate: 
    select
        a1_0.id,
        a1_0.image_url,
        a1_0.landing_url,
        a1_0.name,
        a1_0.reward,
        a1_0.target_country,
        a1_0.target_gender,
        a1_0.weight 
    from
        advertisement a1_0 
    where
        a1_0.id=?
Hibernate: 
    select
        a1_0.id,
        a1_0.image_url,
        a1_0.landing_url,
        a1_0.name,
        a1_0.reward,
        a1_0.target_country,
        a1_0.target_gender,
        a1_0.weight 
    from
        advertisement a1_0 
    where
        a1_0.id=?
Hibernate: 
    select
        a1_0.id,
        a1_0.image_url,
        a1_0.landing_url,
        a1_0.name,
        a1_0.reward,
        a1_0.target_country,
        a1_0.target_gender,
        a1_0.weight 
    from
        advertisement a1_0 
    where
        a1_0.id=?
Hibernate: 
    select
        a1_0.id,
        a1_0.image_url,
        a1_0.landing_url,
        a1_0.name,
        a1_0.reward,
        a1_0.target_country,
        a1_0.target_gender,
        a1_0.weight 
    from
        advertisement a1_0 
    where
        a1_0.id=?
Hibernate: 
    select
        a1_0.id,
        a1_0.image_url,
        a1_0.landing_url,
        a1_0.name,
        a1_0.reward,
        a1_0.target_country,
        a1_0.target_gender,
        a1_0.weight 
    from
        advertisement a1_0 
    where
        a1_0.id=?
Hibernate: 
    select
        a1_0.id,
        a1_0.image_url,
        a1_0.landing_url,
        a1_0.name,
        a1_0.reward,
        a1_0.target_country,
        a1_0.target_gender,
[...]
        a1_0.weight 
    from
        advertisement a1_0 
    where
        a1_0.id=?
Hibernate: 
    select
        a1_0.id,
        a1_0.image_url,
        a1_0.landing_url,
        a1_0.name,
        a1_0.reward,
        a1_0.target_country,
        a1_0.target_gender,
        a1_0.weight 
    from
        advertisement a1_0 
    where
        a1_0.id=?
Hibernate: 
    select
        a1_0.id,
        a1_0.image_url,
        a1_0.landing_url,
        a1_0.name,
        a1_0.reward,
        a1_0.target_country,
        a1_0.target_gender,
        a1_0.weight 
    from
        advertisement a1_0 
    where
        a1_0.id=?
Hibernate: 
    select
        a1_0.id,
        a1_0.image_url,
        a1_0.landing_url,
        a1_0.name,
        a1_0.reward,
        a1_0.target_country,
        a1_0.target_gender,
        a1_0.weight 
    from
        advertisement a1_0 
    where
        a1_0.id=?
Hibernate: 
    select
        a1_0.id,
        a1_0.image_url,
        a1_0.landing_url,
        a1_0.name,
        a1_0.reward,
        a1_0.target_country,
        a1_0.target_gender,
        a1_0.weight 
    from
        advertisement a1_0 
    where
        a1_0.id=?
Hibernate: 
    select
        a1_0.id,
        a1_0.image_url,
        a1_0.landing_url,
        a1_0.name,
        a1_0.reward,
        a1_0.target_country,
        a1_0.target_gender,
        a1_0.weight 
    from
        advertisement a1_0 
    where
        a1_0.id=?
Hibernate: 
    select
        a1_0.id,
        a1_0.image_url,
        a1_0.landing_url,
        a1_0.name,
        a1_0.reward,
        a1_0.target_country,
        a1_0.target_gender,
        a1_0.weight 
    from
        advertisement a1_0 
    where
        a1_0.id=?
Hibernate: 
    select
        a1_0.id,
        a1_0.image_url,
        a1_0.landing_url,
        a1_0.name,
        a1_0.reward,
        a1_0.target_country,
        a1_0.target_gender,
        a1_0.weight 
    from
        advertisement a1_0 
    where
        a1_0.id=?
Hibernate: 
    select
        a1_0.id,
        a1_0.image_url,
        a1_0.landing_url,
        a1_0.name,
        a1_0.reward,
        a1_0.target_country,
        a1_0.target_gender,
        a1_0.weight 
    from
        advertisement a1_0 
    where
        a1_0.id=?
Hibernate: 
    select
        a1_0.id,
        a1_0.image_url,
        a1_0.landing_url,
        a1_0.name,
        a1_0.reward,
        a1_0.target_country,
        a1_0.target_gender,
        a1_0.weight 
    from
        advertisement a1_0 
    where
        a1_0.id=?
Hibernate: 
    select
        a1_0.id,
        a1_0.image_url,
        a1_0.landing_url,
        a1_0.name,
        a1_0.reward,
        a1_0.target_country,
        a1_0.target_gender,
        a1_0.weight 
    from
        advertisement a1_0 
    where
        a1_0.id=?
Hibernate: 
    select
        a1_0.id,
        a1_0.image_url,
        a1_0.landing_url,
        a1_0.name,
        a1_0.reward,
        a1_0.target_country,
        a1_0.target_gender,
        a1_0.weight 
    from
        advertisement a1_0 
    where
        a1_0.id=?
Hibernate: 
    select
        a1_0.id,
        a1_0.image_url,
        a1_0.landing_url,
        a1_0.name,
        a1_0.reward,
        a1_0.target_country,
        a1_0.target_gender,
        a1_0.weight 
    from
        advertisement a1_0 
    where
        a1_0.id=?
Hibernate: 
    select
        a1_0.id,
        a1_0.image_url,
        a1_0.landing_url,
        a1_0.name,
        a1_0.reward,
        a1_0.target_country,
        a1_0.target_gender,
        a1_0.weight 
    from
        advertisement a1_0 
    where
        a1_0.id=?
Hibernate: 
    select
        a1_0.id,
        a1_0.image_url,
        a1_0.landing_url,
        a1_0.name,
        a1_0.reward,
        a1_0.target_country,
        a1_0.target_gender,
        a1_0.weight 
    from
        advertisement a1_0 
    where
        a1_0.id=?
Hibernate: 
    select
        a1_0.id,
        a1_0.image_url,
        a1_0.landing_url,
        a1_0.name,
        a1_0.reward,
        a1_0.target_country,
        a1_0.target_gender,
        a1_0.weight 
    from
        advertisement a1_0 
    where
        a1_0.id=?
Hibernate: 
    select
        a1_0.id,
        a1_0.image_url,
        a1_0.landing_url,
        a1_0.name,
        a1_0.reward,
        a1_0.target_country,
        a1_0.target_gender,
        a1_0.weight 
    from
        advertisement a1_0 
    where
        a1_0.id=?
Hibernate: 
    select
        a1_0.id,
        a1_0.image_url,
        a1_0.landing_url,
        a1_0.name,
        a1_0.reward,
        a1_0.target_country,
        a1_0.target_gender,
        a1_0.weight 
    from
        advertisement a1_0 
    where
        a1_0.id=?
Hibernate: 
    select
        a1_0.id,
        a1_0.image_url,
        a1_0.landing_url,
        a1_0.name,
        a1_0.reward,
        a1_0.target_country,
        a1_0.target_gender,
        a1_0.weight 
    from
        advertisement a1_0 
    where
        a1_0.id=?
Hibernate: 
    select
        a1_0.id,
        a1_0.image_url,
        a1_0.landing_url,
        a1_0.name,
        a1_0.reward,
        a1_0.target_country,
        a1_0.target_gender,
        a1_0.weight 
    from
        advertisement a1_0 
    where
        a1_0.id=?
Hibernate: 
    select
        a1_0.id,
        a1_0.image_url,
        a1_0.landing_url,
        a1_0.name,
        a1_0.reward,
        a1_0.target_country,
        a1_0.target_gender,
        a1_0.weight 
    from
        advertisement a1_0 
    where
        a1_0.id=?
Hibernate: 
    select
        a1_0.id,
        a1_0.image_url,
        a1_0.landing_url,
        a1_0.name,
        a1_0.reward,
        a1_0.target_country,
        a1_0.target_gender,
        a1_0.weight 
    from
        advertisement a1_0 
    where
        a1_0.id=?
Hibernate: 
    select
        a1_0.id,
        a1_0.image_url,
        a1_0.landing_url,
        a1_0.name,
        a1_0.reward,
        a1_0.target_country,
        a1_0.target_gender,
        a1_0.weight 
    from
        advertisement a1_0 
    where
        a1_0.id=?
Hibernate: 
    select
        a1_0.id,
        a1_0.image_url,
        a1_0.landing_url,
        a1_0.name,
        a1_0.reward,
        a1_0.target_country,
        a1_0.target_gender,
        a1_0.weight 
    from
        advertisement a1_0 
    where
        a1_0.id=?
Hibernate: 
    select
        a1_0.id,
        a1_0.image_url,
        a1_0.landing_url,
        a1_0.name,
        a1_0.reward,
        a1_0.target_country,
        a1_0.target_gender,
        a1_0.weight 
    from
        advertisement a1_0 
    where
        a1_0.id=?
Hibernate: 
    select
        a1_0.id,
        a1_0.image_url,
        a1_0.landing_url,
        a1_0.name,
        a1_0.reward,
        a1_0.target_country,
        a1_0.target_gender,
        a1_0.weight 
    from
        advertisement a1_0 
    where
        a1_0.id=?
Hibernate: 
    select
        a1_0.id,
        a1_0.image_url,
        a1_0.landing_url,
        a1_0.name,
        a1_0.reward,
        a1_0.target_country,
        a1_0.target_gender,
        a1_0.weight 
    from
        advertisement a1_0 
    where
        a1_0.id=?
Hibernate: 
    select
        a1_0.id,
        a1_0.image_url,
        a1_0.landing_url,
        a1_0.name,
        a1_0.reward,
        a1_0.target_country,
        a1_0.target_gender,
        a1_0.weight 
    from
        advertisement a1_0 
    where
        a1_0.id=?
Hibernate: 
    select
        a1_0.id,
        a1_0.image_url,
        a1_0.landing_url,
        a1_0.name,
        a1_0.reward,
        a1_0.target_country,
        a1_0.target_gender,
        a1_0.weight 
    from
        advertisement a1_0 
    where
        a1_0.id=?
Hibernate: 
    select
        a1_0.id,
        a1_0.image_url,
        a1_0.landing_url,
        a1_0.name,
        a1_0.reward,
        a1_0.target_country,
        a1_0.target_gender,
        a1_0.weight 
    from
        advertisement a1_0 
    where
        a1_0.id=?
Hibernate: 
    select
        a1_0.id,
        a1_0.image_url,
        a1_0.landing_url,
        a1_0.name,
        a1_0.reward,
        a1_0.target_country,
        a1_0.target_gender,
        a1_0.weight 
    from
        advertisement a1_0 
    where
        a1_0.id=?
Hibernate: 
    select
        a1_0.id,
        a1_0.image_url,
        a1_0.landing_url,
        a1_0.name,
        a1_0.reward,
        a1_0.target_country,
        a1_0.target_gender,
        a1_0.weight 
    from
        advertisement a1_0 
    where
        a1_0.id=?
Hibernate: 
    select
        a1_0.id,
        a1_0.image_url,
        a1_0.landing_url,
        a1_0.name,
        a1_0.reward,
        a1_0.target_country,
        a1_0.target_gender,
        a1_0.weight 
    from
        advertisement a1_0 
    where
        a1_0.id=?
Hibernate: 
    select
        a1_0.id,
        a1_0.image_url,
        a1_0.landing_url,
        a1_0.name,
        a1_0.reward,
        a1_0.target_country,
        a1_0.target_gender,
        a1_0.weight 
    from
        advertisement a1_0 
    where
        a1_0.id=?
Hibernate: 
    select
        a1_0.id,
        a1_0.image_url,
        a1_0.landing_url,
        a1_0.name,
        a1_0.reward,
        a1_0.target_country,
        a1_0.target_gender,
        a1_0.weight 
    from
        advertisement a1_0 
    where
        a1_0.id=?
Hibernate: 
    select
        a1_0.id,
        a1_0.image_url,
        a1_0.landing_url,
        a1_0.name,
        a1_0.reward,
        a1_0.target_country,
        a1_0.target_gender,
        a1_0.weight 
    from
        advertisement a1_0 
    where
        a1_0.id=?
Hibernate: 
    select
        a1_0.id,
        a1_0.image_url,
        a1_0.landing_url,
        a1_0.name,
        a1_0.reward,
        a1_0.target_country,
        a1_0.target_gender,
        a1_0.weight 
    from
        advertisement a1_0 
    where
        a1_0.id=?
Hibernate: 
    select
        a1_0.id,
        a1_0.image_url,
        a1_0.landing_url,
        a1_0.name,
        a1_0.reward,
        a1_0.target_country,
        a1_0.target_gender,
        a1_0.weight 
    from
        advertisement a1_0 
    where
        a1_0.id=?
Hibernate: 
    select
        a1_0.id,
        a1_0.image_url,
        a1_0.landing_url,
        a1_0.name,
        a1_0.reward,
        a1_0.target_country,
        a1_0.target_gender,
        a1_0.weight 
    from
        advertisement a1_0 
    where
        a1_0.id=?
Hibernate: 
    select
        a1_0.id,
        a1_0.image_url,
        a1_0.landing_url,
        a1_0.name,
        a1_0.reward,
        a1_0.target_country,
        a1_0.target_gender,
        a1_0.weight 
    from
        advertisement a1_0 
    where
        a1_0.id=?
Hibernate: 
    select
        a1_0.id,
        a1_0.image_url,
        a1_0.landing_url,
        a1_0.name,
        a1_0.reward,
        a1_0.target_country,
        a1_0.target_gender,
        a1_0.weight 
    from
        advertisement a1_0 
    where
        a1_0.id=?
Hibernate: 
    select
        a1_0.id,
        a1_0.image_url,
        a1_0.landing_url,
        a1_0.name,
        a1_0.reward,
        a1_0.target_country,
        a1_0.target_gender,
        a1_0.weight 
    from
        advertisement a1_0 
    where
        a1_0.id=?
Hibernate: 
    select
        a1_0.id,
        a1_0.image_url,
        a1_0.landing_url,
        a1_0.name,
        a1_0.reward,
        a1_0.target_country,
        a1_0.target_gender,
        a1_0.weight 
    from
        advertisement a1_0 
    where
        a1_0.id=?
Hibernate: 
    select
        a1_0.id,
        a1_0.image_url,
        a1_0.landing_url,
        a1_0.name,
        a1_0.reward,
        a1_0.target_country,
        a1_0.target_gender,
        a1_0.weight 
    from
        advertisement a1_0 
    where
        a1_0.id=?
Hibernate: 
    select
        a1_0.id,
        a1_0.image_url,
        a1_0.landing_url,
        a1_0.name,
        a1_0.reward,
        a1_0.target_country,
        a1_0.target_gender,
        a1_0.weight 
    from
        advertisement a1_0 
    where
        a1_0.id=?
Hibernate: 
    select
        a1_0.id,
        a1_0.image_url,
        a1_0.landing_url,
        a1_0.name,
        a1_0.reward,
        a1_0.target_country,
        a1_0.target_gender,
        a1_0.weight 
    from
        advertisement a1_0 
    where
        a1_0.id=?
Hibernate: 
    select
        a1_0.id,
        a1_0.image_url,
        a1_0.landing_url,
        a1_0.name,
        a1_0.reward,
        a1_0.target_country,
        a1_0.target_gender,
        a1_0.weight 
    from
        advertisement a1_0 
    where
        a1_0.id=?
Hibernate: 
    select
        a1_0.id,
        a1_0.image_url,
        a1_0.landing_url,
        a1_0.name,
        a1_0.reward,
        a1_0.target_country,
        a1_0.target_gender,
        a1_0.weight 
    from
        advertisement a1_0 
    where
        a1_0.id=?
Hibernate: 
    select
        a1_0.id,
        a1_0.image_url,
        a1_0.landing_url,
        a1_0.name,
        a1_0.reward,
        a1_0.target_country,
        a1_0.target_gender,
        a1_0.weight 
    from
        advertisement a1_0 
    where
        a1_0.id=?
Hibernate: 
    select
        a1_0.id,
        a1_0.image_url,
        a1_0.landing_url,
        a1_0.name,
        a1_0.reward,
        a1_0.target_country,
        a1_0.target_gender,
        a1_0.weight 
    from
        advertisement a1_0 
    where
        a1_0.id=?
Hibernate: 
    select
        a1_0.id,
        a1_0.image_url,
        a1_0.landing_url,
        a1_0.name,
        a1_0.reward,
        a1_0.target_country,
        a1_0.target_gender,
        a1_0.weight 
    from
        advertisement a1_0 
    where
        a1_0.id=?
Hibernate: 
    select
        a1_0.id,
        a1_0.image_url,
        a1_0.landing_url,
        a1_0.name,
        a1_0.reward,
        a1_0.target_country,
        a1_0.target_gender,
        a1_0.weight 
    from
        advertisement a1_0 
    where
        a1_0.id=?
Hibernate: 
    select
        a1_0.id,
        a1_0.image_url,
        a1_0.landing_url,
        a1_0.name,
        a1_0.reward,
        a1_0.target_country,
        a1_0.target_gender,
        a1_0.weight 
    from
        advertisement a1_0 
    where
        a1_0.id=?
Hibernate: 
    select
        a1_0.id,
        a1_0.image_url,
        a1_0.landing_url,
        a1_0.name,
        a1_0.reward,
        a1_0.target_country,
        a1_0.target_gender,
        a1_0.weight 
    from
        advertisement a1_0 
    where
        a1_0.id=?
Hibernate: 
    select
        a1_0.id,
        a1_0.image_url,
        a1_0.landing_url,
        a1_0.name,
        a1_0.reward,
        a1_0.target_country,
        a1_0.target_gender,
        a1_0.weight 
    from
        advertisement a1_0 
    where
        a1_0.id=?
Hibernate: 
    select
        a1_0.id,
        a1_0.image_url,
        a1_0.landing_url,
        a1_0.name,
        a1_0.reward,
        a1_0.target_country,
        a1_0.target_gender,
        a1_0.weight 
    from
        advertisement a1_0 
    where
        a1_0.id=?
Hibernate: 
    select
        a1_0.id,
        a1_0.image_url,
        a1_0.landing_url,
        a1_0.name,
        a1_0.reward,
        a1_0.target_country,
        a1_0.target_gender,
        a1_0.weight 
    from
        advertisement a1_0 
    where
        a1_0.id=?
Hibernate: 
    select
        a1_0.id,
        a1_0.image_url,
        a1_0.landing_url,
        a1_0.name,
        a1_0.reward,
        a1_0.target_country,
        a1_0.target_gender,
        a1_0.weight 
    from
        advertisement a1_0 
    where
        a1_0.id=?
Hibernate: 
    select
        a1_0.id,
        a1_0.image_url,
        a1_0.landing_url,
        a1_0.name,
        a1_0.reward,
        a1_0.target_country,
        a1_0.target_gender,
        a1_0.weight 
    from
        advertisement a1_0 
    where
        a1_0.id=?
Hibernate: 
    select
        a1_0.id,
        a1_0.image_url,
        a1_0.landing_url,
        a1_0.name,
        a1_0.reward,
        a1_0.target_country,
        a1_0.target_gender,
        a1_0.weight 
    from
        advertisement a1_0 
    where
        a1_0.id=?
Hibernate: 
    select
        a1_0.id,
        a1_0.image_url,
        a1_0.landing_url,
        a1_0.name,
        a1_0.reward,
        a1_0.target_country,
        a1_0.target_gender,
        a1_0.weight 
    from
        advertisement a1_0 
    where
        a1_0.id=?
Hibernate: 
    select
        a1_0.id,
        a1_0.image_url,
        a1_0.landing_url,
        a1_0.name,
        a1_0.reward,
        a1_0.target_country,
        a1_0.target_gender,
        a1_0.weight 
    from
        advertisement a1_0 
    where
        a1_0.id=?
Hibernate: 
    select
        a1_0.id,
        a1_0.image_url,
        a1_0.landing_url,
        a1_0.name,
        a1_0.reward,
        a1_0.target_country,
        a1_0.target_gender,
        a1_0.weight 
    from
        advertisement a1_0 
    where
        a1_0.id=?
Hibernate: 
    select
        a1_0.id,
        a1_0.image_url,
        a1_0.landing_url,
        a1_0.name,
        a1_0.reward,
        a1_0.target_country,
        a1_0.target_gender,
        a1_0.weight 
    from
        advertisement a1_0 
    where
        a1_0.id=?
Hibernate: 
    select
        a1_0.id,
        a1_0.image_url,
        a1_0.landing_url,
        a1_0.name,
        a1_0.reward,
        a1_0.target_country,
        a1_0.target_gender,
        a1_0.weight 
    from
        advertisement a1_0 
    where
        a1_0.id=?
Hibernate: 
    select
        a1_0.id,
        a1_0.image_url,
        a1_0.landing_url,
        a1_0.name,
        a1_0.reward,
        a1_0.target_country,
        a1_0.target_gender,
        a1_0.weight 
    from
        advertisement a1_0 
    where
        a1_0.id=?
Hibernate: 
    select
        a1_0.id,
        a1_0.image_url,
        a1_0.landing_url,
        a1_0.name,
        a1_0.reward,
        a1_0.target_country,
        a1_0.target_gender,
        a1_0.weight 
    from
        advertisement a1_0 
    where
        a1_0.id=?
Hibernate: 
    select
        a1_0.id,
        a1_0.image_url,
        a1_0.landing_url,
        a1_0.name,
        a1_0.reward,
        a1_0.target_country,
        a1_0.target_gender,
        a1_0.weight 
    from
        advertisement a1_0 
    where
        a1_0.id=?
Hibernate: 
    select
        a1_0.id,
        a1_0.image_url,
        a1_0.landing_url,
        a1_0.name,
        a1_0.reward,
        a1_0.target_country,
        a1_0.target_gender,
        a1_0.weight 
    from
        advertisement a1_0 
    where
        a1_0.id=?
Hibernate: 
    select
        a1_0.id,
        a1_0.image_url,
        a1_0.landing_url,
        a1_0.name,
        a1_0.reward,
        a1_0.target_country,
        a1_0.target_gender,
        a1_0.weight 
    from
        advertisement a1_0 
    where
        a1_0.target_gender=? 
        and a1_0.target_country=?
Hibernate: 
    select
        a1_0.id,
        a1_0.image_url,
        a1_0.landing_url,
        a1_0.name,
        a1_0.reward,
        a1_0.target_country,
        a1_0.target_gender,
        a1_0.weight 
    from
        advertisement a1_0 
    where
        a1_0.target_gender=? 
        and a1_0.target_country=?
Hibernate: 
    select
        a1_0.id,
        a1_0.image_url,
        a1_0.landing_url,
        a1_0.name,
        a1_0.reward,
        a1_0.target_country,
        a1_0.target_gender,
        a1_0.weight 
    from
        advertisement a1_0 
    where
        a1_0.target_gender=? 
        and a1_0.target_country=?
Hibernate: 
    select
        a1_0.id,
        a1_0.image_url,
        a1_0.landing_url,
        a1_0.name,
        a1_0.reward,
        a1_0.target_country,
        a1_0.target_gender,
        a1_0.weight 
    from
        advertisement a1_0 
    where
        a1_0.target_gender=? 
        and a1_0.target_country=?
]]></system-out>
  <system-err><![CDATA[]]></system-err>
</testsuite>
