<?xml version="1.0" encoding="UTF-8"?>
<testsuite name="com.example.assignment2.advertisement.application.ExternalAPIServiceTest" tests="1" skipped="0" failures="0" errors="0" timestamp="2023-04-08T09:02:17" hostname="DESKTOP-8HUJJQR" time="2.821">
  <properties/>
  <testcase name="getAdCampaignIds()" classname="com.example.assignment2.advertisement.application.ExternalAPIServiceTest" time="2.821"/>
  <system-out><![CDATA[18:02:04.123 [Test worker] DEBUG org.springframework.test.context.support.AbstractContextLoader - Could not detect default resource locations for test class [com.example.assignment2.advertisement.application.ExternalAPIServiceTest]: no resource found for suffixes {-context.xml, Context.groovy}.
18:02:04.129 [Test worker] INFO org.springframework.test.context.support.AnnotationConfigContextLoaderUtils - Could not detect default configuration classes for test class [com.example.assignment2.advertisement.application.ExternalAPIServiceTest]: ExternalAPIServiceTest does not declare any static, non-private, non-final, nested classes annotated with @Configuration.
18:02:04.175 [Test worker] DEBUG org.springframework.boot.test.context.SpringBootTestContextBootstrapper - Using ContextCustomizers for test class [ExternalAPIServiceTest]: [DisableObservabilityContextCustomizer, PropertyMappingContextCustomizer, Customizer, ExcludeFilterContextCustomizer, DuplicateJsonObjectContextCustomizer, MockitoContextCustomizer, TestRestTemplateContextCustomizer, WebTestClientContextCustomizer]
18:02:04.340 [Test worker] DEBUG org.springframework.context.annotation.ClassPathScanningCandidateComponentProvider - Identified candidate component class: file [C:\Users\hjlim\SpringProject\Assignment\hjlim4u-naver.com\Assignment2\build\classes\java\main\com\example\assignment2\Assignment2Application.class]
18:02:04.342 [Test worker] INFO org.springframework.boot.test.context.SpringBootTestContextBootstrapper - Found @SpringBootConfiguration com.example.assignment2.Assignment2Application for test class com.example.assignment2.advertisement.application.ExternalAPIServiceTest
18:02:04.550 [Test worker] DEBUG org.springframework.boot.test.context.SpringBootTestContextBootstrapper - Using TestExecutionListeners for test class [ExternalAPIServiceTest]: [ServletTestExecutionListener, DirtiesContextBeforeModesTestExecutionListener, ApplicationEventsTestExecutionListener, MockitoTestExecutionListener, DependencyInjectionTestExecutionListener, DirtiesContextTestExecutionListener, TransactionalTestExecutionListener, SqlScriptsTestExecutionListener, EventPublishingTestExecutionListener, RestDocsTestExecutionListener, MockRestServiceServerResetTestExecutionListener, MockMvcPrintOnlyOnFailureTestExecutionListener, WebDriverTestExecutionListener, MockWebServiceServerTestExecutionListener, ResetMocksTestExecutionListener]
18:02:04.552 [Test worker] DEBUG org.springframework.test.context.support.AbstractDirtiesContextTestExecutionListener - Before test class: class [ExternalAPIServiceTest], class annotated with @DirtiesContext [false] with mode [null]

  .   ____          _            __ _ _
 /\\ / ___'_ __ _ _(_)_ __  __ _ \ \ \ \
( ( )\___ | '_ | '_| | '_ \/ _` | \ \ \ \
 \\/  ___)| |_)| | | | | || (_| |  ) ) ) )
  '  |____| .__|_| |_|_| |_\__, | / / / /
 =========|_|==============|___/=/_/_/_/
 :: Spring Boot ::       (v3.0.3-SNAPSHOT)

2023-04-08T18:02:05.116+09:00  INFO 3924 --- [    Test worker] c.e.a.a.a.ExternalAPIServiceTest         : Starting ExternalAPIServiceTest using Java 17.0.6 with PID 3924 (started by hjlim in C:\Users\hjlim\SpringProject\Assignment\hjlim4u-naver.com\Assignment2)
2023-04-08T18:02:05.118+09:00  INFO 3924 --- [    Test worker] c.e.a.a.a.ExternalAPIServiceTest         : No active profile set, falling back to 1 default profile: "default"
2023-04-08T18:02:06.683+09:00  INFO 3924 --- [    Test worker] .s.d.r.c.RepositoryConfigurationDelegate : Bootstrapping Spring Data JPA repositories in DEFAULT mode.
2023-04-08T18:02:06.955+09:00  INFO 3924 --- [    Test worker] .s.d.r.c.RepositoryConfigurationDelegate : Finished Spring Data repository scanning in 250 ms. Found 1 JPA repository interfaces.
2023-04-08T18:02:07.740+09:00  INFO 3924 --- [    Test worker] o.hibernate.jpa.internal.util.LogHelper  : HHH000204: Processing PersistenceUnitInfo [name: default]
2023-04-08T18:02:07.932+09:00  INFO 3924 --- [    Test worker] org.hibernate.Version                    : HHH000412: Hibernate ORM core version 6.1.7.Final
2023-04-08T18:02:08.601+09:00  INFO 3924 --- [    Test worker] com.zaxxer.hikari.HikariDataSource       : HikariPool-1 - Starting...
2023-04-08T18:02:08.951+09:00  INFO 3924 --- [    Test worker] com.zaxxer.hikari.pool.HikariPool        : HikariPool-1 - Added connection com.mysql.cj.jdbc.ConnectionImpl@542ff147
2023-04-08T18:02:08.954+09:00  INFO 3924 --- [    Test worker] com.zaxxer.hikari.HikariDataSource       : HikariPool-1 - Start completed.
2023-04-08T18:02:09.052+09:00  INFO 3924 --- [    Test worker] SQL dialect                              : HHH000400: Using dialect: org.hibernate.dialect.MySQLDialect
2023-04-08T18:02:10.335+09:00  INFO 3924 --- [    Test worker] o.h.e.t.j.p.i.JtaPlatformInitiator       : HHH000490: Using JtaPlatform implementation: [org.hibernate.engine.transaction.jta.platform.internal.NoJtaPlatform]
2023-04-08T18:02:10.352+09:00  INFO 3924 --- [    Test worker] j.LocalContainerEntityManagerFactoryBean : Initialized JPA EntityManagerFactory for persistence unit 'default'
2023-04-08T18:02:12.487+09:00  WARN 3924 --- [    Test worker] JpaBaseConfiguration$JpaWebConfiguration : spring.jpa.open-in-view is enabled by default. Therefore, database queries may be performed during view rendering. Explicitly configure spring.jpa.open-in-view to disable this warning
2023-04-08T18:02:12.820+09:00  INFO 3924 --- [    Test worker] o.s.b.a.w.s.WelcomePageHandlerMapping    : Adding welcome page: class path resource [static/index.html]
2023-04-08T18:02:15.493+09:00  INFO 3924 --- [    Test worker] c.e.a.a.a.ExternalAPIServiceTest         : Started ExternalAPIServiceTest in 10.846 seconds (process running for 13.108)
Hibernate: 
    select
        a1_0.id,
        a1_0.image_url,
        a1_0.landing_url,
        a1_0.name,
        a1_0.reward,
        a1_0.target_country,
        a1_0.target_gender,
        a1_0.weight 
    from
        advertisement a1_0 
    where
        a1_0.id=?
Hibernate: 
    select
        a1_0.id,
        a1_0.image_url,
        a1_0.landing_url,
        a1_0.name,
        a1_0.reward,
        a1_0.target_country,
        a1_0.target_gender,
        a1_0.weight 
    from
        advertisement a1_0 
    where
        a1_0.id=?
Hibernate: 
    select
        a1_0.id,
        a1_0.image_url,
        a1_0.landing_url,
        a1_0.name,
        a1_0.reward,
        a1_0.target_country,
        a1_0.target_gender,
        a1_0.weight 
    from
        advertisement a1_0 
    where
        a1_0.id=?
Hibernate: 
    select
        a1_0.id,
        a1_0.image_url,
        a1_0.landing_url,
        a1_0.name,
        a1_0.reward,
        a1_0.target_country,
        a1_0.target_gender,
        a1_0.weight 
    from
        advertisement a1_0 
    where
        a1_0.id=?
Hibernate: 
    select
        a1_0.id,
        a1_0.image_url,
        a1_0.landing_url,
        a1_0.name,
        a1_0.reward,
        a1_0.target_country,
        a1_0.target_gender,
        a1_0.weight 
    from
        advertisement a1_0 
    where
        a1_0.id=?
Hibernate: 
    select
        a1_0.id,
        a1_0.image_url,
        a1_0.landing_url,
        a1_0.name,
        a1_0.reward,
        a1_0.target_country,
        a1_0.target_gender,
        a1_0.weight 
    from
        advertisement a1_0 
    where
        a1_0.id=?
Hibernate: 
    select
        a1_0.id,
        a1_0.image_url,
        a1_0.landing_url,
        a1_0.name,
        a1_0.reward,
        a1_0.target_country,
        a1_0.target_gender,
        a1_0.weight 
    from
        advertisement a1_0 
    where
        a1_0.id=?
Hibernate: 
    select
        a1_0.id,
        a1_0.image_url,
        a1_0.landing_url,
        a1_0.name,
        a1_0.reward,
        a1_0.target_country,
        a1_0.target_gender,
        a1_0.weight 
    from
        advertisement a1_0 
    where
        a1_0.id=?
Hibernate: 
    select
        a1_0.id,
        a1_0.image_url,
        a1_0.landing_url,
        a1_0.name,
        a1_0.reward,
        a1_0.target_country,
        a1_0.target_gender,
        a1_0.weight 
    from
        advertisement a1_0 
    where
        a1_0.id=?
Hibernate: 
    select
        a1_0.id,
        a1_0.image_url,
        a1_0.landing_url,
        a1_0.name,
        a1_0.reward,
        a1_0.target_country,
        a1_0.target_gender,
        a1_0.weight 
    from
        advertisement a1_0 
    where
        a1_0.id=?
Hibernate: 
    select
        a1_0.id,
        a1_0.image_url,
        a1_0.landing_url,
        a1_0.name,
        a1_0.reward,
        a1_0.target_country,
        a1_0.target_gender,
        a1_0.weight 
    from
        advertisement a1_0 
    where
        a1_0.id=?
Hibernate: 
    select
        a1_0.id,
        a1_0.image_url,
        a1_0.landing_url,
        a1_0.name,
        a1_0.reward,
        a1_0.target_country,
        a1_0.target_gender,
        a1_0.weight 
    from
        advertisement a1_0 
    where
        a1_0.id=?
Hibernate: 
    select
        a1_0.id,
        a1_0.image_url,
        a1_0.landing_url,
        a1_0.name,
        a1_0.reward,
        a1_0.target_country,
        a1_0.target_gender,
        a1_0.weight 
    from
        advertisement a1_0 
    where
        a1_0.id=?
Hibernate: 
    select
        a1_0.id,
        a1_0.image_url,
        a1_0.landing_url,
        a1_0.name,
        a1_0.reward,
        a1_0.target_country,
        a1_0.target_gender,
        a1_0.weight 
    from
        advertisement a1_0 
    where
        a1_0.id=?
Hibernate: 
    select
        a1_0.id,
        a1_0.image_url,
        a1_0.landing_url,
        a1_0.name,
        a1_0.reward,
        a1_0.target_country,
        a1_0.target_gender,
        a1_0.weight 
    from
        advertisement a1_0 
    where
        a1_0.id=?
Hibernate: 
    select
        a1_0.id,
        a1_0.image_url,
        a1_0.landing_url,
        a1_0.name,
        a1_0.reward,
        a1_0.target_country,
        a1_0.target_gender,
        a1_0.weight 
    from
        advertisement a1_0 
    where
        a1_0.id=?
Hibernate: 
    select
        a1_0.id,
        a1_0.image_url,
        a1_0.landing_url,
        a1_0.name,
        a1_0.reward,
        a1_0.target_country,
        a1_0.target_gender,
        a1_0.weight 
    from
        advertisement a1_0 
    where
        a1_0.id=?
Hibernate: 
    select
        a1_0.id,
        a1_0.image_url,
        a1_0.landing_url,
        a1_0.name,
        a1_0.reward,
        a1_0.target_country,
        a1_0.target_gender,
        a1_0.weight 
    from
        advertisement a1_0 
    where
        a1_0.id=?
Hibernate: 
    select
        a1_0.id,
        a1_0.image_url,
        a1_0.landing_url,
        a1_0.name,
        a1_0.reward,
        a1_0.target_country,
        a1_0.target_gender,
        a1_0.weight 
    from
        advertisement a1_0 
    where
        a1_0.id=?
Hibernate: 
    select
        a1_0.id,
        a1_0.image_url,
        a1_0.landing_url,
        a1_0.name,
        a1_0.reward,
        a1_0.target_country,
        a1_0.target_gender,
        a1_0.weight 
    from
        advertisement a1_0 
    where
        a1_0.id=?
Hibernate: 
    select
        a1_0.id,
        a1_0.image_url,
        a1_0.landing_url,
        a1_0.name,
        a1_0.reward,
        a1_0.target_country,
        a1_0.target_gender,
        a1_0.weight 
    from
        advertisement a1_0 
    where
        a1_0.id=?
Hibernate: 
    select
        a1_0.id,
        a1_0.image_url,
        a1_0.landing_url,
        a1_0.name,
        a1_0.reward,
        a1_0.target_country,
        a1_0.target_gender,
        a1_0.weight 
    from
        advertisement a1_0 
    where
        a1_0.id=?
Hibernate: 
    select
        a1_0.id,
        a1_0.image_url,
        a1_0.landing_url,
        a1_0.name,
        a1_0.reward,
        a1_0.target_country,
        a1_0.target_gender,
        a1_0.weight 
    from
        advertisement a1_0 
    where
        a1_0.id=?
Hibernate: 
    select
        a1_0.id,
        a1_0.image_url,
        a1_0.landing_url,
        a1_0.name,
        a1_0.reward,
        a1_0.target_country,
        a1_0.target_gender,
        a1_0.weight 
    from
        advertisement a1_0 
    where
        a1_0.id=?
Hibernate: 
    select
        a1_0.id,
        a1_0.image_url,
        a1_0.landing_url,
        a1_0.name,
        a1_0.reward,
        a1_0.target_country,
        a1_0.target_gender,
        a1_0.weight 
    from
        advertisement a1_0 
    where
        a1_0.id=?
Hibernate: 
    select
        a1_0.id,
        a1_0.image_url,
        a1_0.landing_url,
        a1_0.name,
        a1_0.reward,
        a1_0.target_country,
        a1_0.target_gender,
        a1_0.weight 
    from
        advertisement a1_0 
    where
        a1_0.id=?
Hibernate: 
    select
        a1_0.id,
        a1_0.image_url,
        a1_0.landing_url,
        a1_0.name,
        a1_0.reward,
        a1_0.target_country,
        a1_0.target_gender,
        a1_0.weight 
    from
        advertisement a1_0 
    where
        a1_0.id=?
Hibernate: 
    select
        a1_0.id,
        a1_0.image_url,
        a1_0.landing_url,
        a1_0.name,
        a1_0.reward,
        a1_0.target_country,
        a1_0.target_gender,
        a1_0.weight 
    from
        advertisement a1_0 
    where
        a1_0.id=?
Hibernate: 
    select
        a1_0.id,
        a1_0.image_url,
        a1_0.landing_url,
        a1_0.name,
        a1_0.reward,
        a1_0.target_country,
        a1_0.target_gender,
        a1_0.weight 
    from
        advertisement a1_0 
    where
        a1_0.id=?
Hibernate: 
    select
        a1_0.id,
        a1_0.image_url,
        a1_0.landing_url,
        a1_0.name,
        a1_0.reward,
        a1_0.target_country,
        a1_0.target_gender,
        a1_0.weight 
    from
        advertisement a1_0 
    where
        a1_0.id=?
Hibernate: 
    select
        a1_0.id,
        a1_0.image_url,
        a1_0.landing_url,
        a1_0.name,
        a1_0.reward,
        a1_0.target_country,
        a1_0.target_gender,
        a1_0.weight 
    from
        advertisement a1_0 
    where
        a1_0.id=?
Hibernate: 
    select
        a1_0.id,
        a1_0.image_url,
        a1_0.landing_url,
        a1_0.name,
        a1_0.reward,
        a1_0.target_country,
        a1_0.target_gender,
        a1_0.weight 
    from
        advertisement a1_0 
    where
        a1_0.id=?
Hibernate: 
    select
        a1_0.id,
        a1_0.image_url,
        a1_0.landing_url,
        a1_0.name,
        a1_0.reward,
        a1_0.target_country,
        a1_0.target_gender,
        a1_0.weight 
    from
        advertisement a1_0 
    where
        a1_0.id=?
Hibernate: 
    select
        a1_0.id,
        a1_0.image_url,
        a1_0.landing_url,
        a1_0.name,
        a1_0.reward,
        a1_0.target_country,
        a1_0.target_gender,
        a1_0.weight 
    from
        advertisement a1_0 
    where
        a1_0.id=?
Hibernate: 
    select
        a1_0.id,
        a1_0.image_url,
        a1_0.landing_url,
        a1_0.name,
        a1_0.reward,
        a1_0.target_country,
        a1_0.target_gender,
        a1_0.weight 
    from
        advertisement a1_0 
    where
        a1_0.id=?
Hibernate: 
    select
        a1_0.id,
        a1_0.image_url,
        a1_0.landing_url,
        a1_0.name,
        a1_0.reward,
        a1_0.target_country,
        a1_0.target_gender,
        a1_0.weight 
    from
        advertisement a1_0 
    where
        a1_0.id=?
Hibernate: 
    select
        a1_0.id,
        a1_0.image_url,
        a1_0.landing_url,
        a1_0.name,
        a1_0.reward,
        a1_0.target_country,
        a1_0.target_gender,
        a1_0.weight 
    from
        advertisement a1_0 
    where
        a1_0.id=?
Hibernate: 
    select
        a1_0.id,
        a1_0.image_url,
        a1_0.landing_url,
        a1_0.name,
        a1_0.reward,
        a1_0.target_country,
        a1_0.target_gender,
        a1_0.weight 
    from
        advertisement a1_0 
    where
        a1_0.id=?
Hibernate: 
    select
        a1_0.id,
        a1_0.image_url,
        a1_0.landing_url,
        a1_0.name,
        a1_0.reward,
        a1_0.target_country,
        a1_0.target_gender,
        a1_0.weight 
    from
        advertisement a1_0 
    where
        a1_0.id=?
Hibernate: 
    select
        a1_0.id,
        a1_0.image_url,
        a1_0.landing_url,
        a1_0.name,
        a1_0.reward,
        a1_0.target_country,
        a1_0.target_gender,
        a1_0.weight 
    from
        advertisement a1_0 
    where
        a1_0.id=?
Hibernate: 
    select
        a1_0.id,
        a1_0.image_url,
        a1_0.landing_url,
        a1_0.name,
        a1_0.reward,
        a1_0.target_country,
        a1_0.target_gender,
        a1_0.weight 
    from
        advertisement a1_0 
    where
        a1_0.id=?
Hibernate: 
    select
        a1_0.id,
        a1_0.image_url,
        a1_0.landing_url,
        a1_0.name,
        a1_0.reward,
        a1_0.target_country,
        a1_0.target_gender,
        a1_0.weight 
    from
        advertisement a1_0 
    where
        a1_0.id=?
Hibernate: 
    select
        a1_0.id,
        a1_0.image_url,
        a1_0.landing_url,
        a1_0.name,
        a1_0.reward,
        a1_0.target_country,
        a1_0.target_gender,
        a1_0.weight 
    from
        advertisement a1_0 
    where
        a1_0.id=?
Hibernate: 
    select
        a1_0.id,
        a1_0.image_url,
        a1_0.landing_url,
        a1_0.name,
        a1_0.reward,
        a1_0.target_country,
        a1_0.target_gender,
        a1_0.weight 
    from
        advertisement a1_0 
    where
        a1_0.id=?
Hibernate: 
    select
        a1_0.id,
        a1_0.image_url,
        a1_0.landing_url,
        a1_0.name,
        a1_0.reward,
        a1_0.target_country,
        a1_0.target_gender,
        a1_0.weight 
    from
        advertisement a1_0 
    where
        a1_0.id=?
Hibernate: 
    select
        a1_0.id,
        a1_0.image_url,
        a1_0.landing_url,
        a1_0.name,
        a1_0.reward,
        a1_0.target_country,
        a1_0.target_gender,
        a1_0.weight 
    from
        advertisement a1_0 
    where
        a1_0.id=?
Hibernate: 
    select
        a1_0.id,
        a1_0.image_url,
        a1_0.landing_url,
        a1_0.name,
        a1_0.reward,
        a1_0.target_country,
        a1_0.target_gender,
        a1_0.weight 
    from
        advertisement a1_0 
    where
        a1_0.id=?
Hibernate: 
    select
        a1_0.id,
        a1_0.image_url,
        a1_0.landing_url,
        a1_0.name,
        a1_0.reward,
        a1_0.target_country,
        a1_0.target_gender,
        a1_0.weight 
    from
        advertisement a1_0 
    where
        a1_0.id=?
Hibernate: 
    select
        a1_0.id,
        a1_0.image_url,
        a1_0.landing_url,
        a1_0.name,
        a1_0.reward,
        a1_0.target_country,
        a1_0.target_gender,
        a1_0.weight 
    from
        advertisement a1_0 
    where
        a1_0.id=?
Hibernate: 
    select
        a1_0.id,
        a1_0.image_url,
        a1_0.landing_url,
        a1_0.name,
        a1_0.reward,
        a1_0.target_country,
        a1_0.target_gender,
        a1_0.weight 
    from
        advertisement a1_0 
    where
        a1_0.id=?
Hibernate: 
    select
        a1_0.id,
        a1_0.image_url,
        a1_0.landing_url,
        a1_0.name,
        a1_0.reward,
        a1_0.target_country,
        a1_0.target_gender,
        a1_0.weight 
    from
        advertisement a1_0 
    where
        a1_0.id=?
Hibernate: 
    select
        a1_0.id,
        a1_0.image_url,
        a1_0.landing_url,
        a1_0.name,
        a1_0.reward,
        a1_0.target_country,
        a1_0.target_gender,
        a1_0.weight 
    from
        advertisement a1_0 
    where
        a1_0.id=?
Hibernate: 
    select
        a1_0.id,
        a1_0.image_url,
        a1_0.landing_url,
        a1_0.name,
        a1_0.reward,
        a1_0.target_country,
        a1_0.target_gender,
        a1_0.weight 
    from
        advertisement a1_0 
    where
        a1_0.id=?
Hibernate: 
    select
        a1_0.id,
        a1_0.image_url,
        a1_0.landing_url,
        a1_0.name,
        a1_0.reward,
        a1_0.target_country,
        a1_0.target_gender,
        a1_0.weight 
    from
        advertisement a1_0 
    where
        a1_0.id=?
Hibernate: 
    select
        a1_0.id,
        a1_0.image_url,
        a1_0.landing_url,
        a1_0.name,
        a1_0.reward,
        a1_0.target_country,
        a1_0.target_gender,
        a1_0.weight 
    from
        advertisement a1_0 
    where
        a1_0.id=?
Hibernate: 
    select
        a1_0.id,
        a1_0.image_url,
        a1_0.landing_url,
        a1_0.name,
        a1_0.reward,
        a1_0.target_country,
        a1_0.target_gender,
        a1_0.weight 
    from
        advertisement a1_0 
    where
        a1_0.id=?
Hibernate: 
    select
        a1_0.id,
        a1_0.image_url,
        a1_0.landing_url,
        a1_0.name,
        a1_0.reward,
        a1_0.target_country,
        a1_0.target_gender,
        a1_0.weight 
    from
        advertisement a1_0 
    where
        a1_0.id=?
Hibernate: 
    select
        a1_0.id,
        a1_0.image_url,
        a1_0.landing_url,
        a1_0.name,
        a1_0.reward,
        a1_0.target_country,
        a1_0.target_gender,
        a1_0.weight 
    from
        advertisement a1_0 
    where
        a1_0.id=?
Hibernate: 
    select
        a1_0.id,
        a1_0.image_url,
        a1_0.landing_url,
        a1_0.name,
        a1_0.reward,
        a1_0.target_country,
        a1_0.target_gender,
        a1_0.weight 
    from
        advertisement a1_0 
    where
        a1_0.id=?
Hibernate: 
    select
        a1_0.id,
        a1_0.image_url,
        a1_0.landing_url,
        a1_0.name,
        a1_0.reward,
        a1_0.target_country,
        a1_0.target_gender,
        a1_0.weight 
    from
        advertisement a1_0 
    where
        a1_0.id=?
Hibernate: 
    select
        a1_0.id,
        a1_0.image_url,
        a1_0.landing_url,
        a1_0.name,
        a1_0.reward,
        a1_0.target_country,
        a1_0.target_gender,
        a1_0.weight 
    from
        advertisement a1_0 
    where
        a1_0.id=?
Hibernate: 
    select
        a1_0.id,
        a1_0.image_url,
        a1_0.landing_url,
        a1_0.name,
        a1_0.reward,
        a1_0.target_country,
        a1_0.target_gender,
        a1_0.weight 
    from
        advertisement a1_0 
    where
        a1_0.id=?
Hibernate: 
    select
        a1_0.id,
        a1_0.image_url,
        a1_0.landing_url,
        a1_0.name,
        a1_0.reward,
        a1_0.target_country,
        a1_0.target_gender,
        a1_0.weight 
    from
        advertisement a1_0 
    where
        a1_0.id=?
Hibernate: 
    select
        a1_0.id,
        a1_0.image_url,
        a1_0.landing_url,
        a1_0.name,
        a1_0.reward,
        a1_0.target_country,
        a1_0.target_gender,
        a1_0.weight 
    from
        advertisement a1_0 
    where
        a1_0.id=?
Hibernate: 
    select
        a1_0.id,
        a1_0.image_url,
        a1_0.landing_url,
        a1_0.name,
        a1_0.reward,
        a1_0.target_country,
        a1_0.target_gender,
        a1_0.weight 
    from
        advertisement a1_0 
    where
        a1_0.id=?
Hibernate: 
    select
        a1_0.id,
        a1_0.image_url,
        a1_0.landing_url,
        a1_0.name,
        a1_0.reward,
        a1_0.target_country,
        a1_0.target_gender,
        a1_0.weight 
    from
        advertisement a1_0 
    where
        a1_0.id=?
Hibernate: 
    select
        a1_0.id,
        a1_0.image_url,
        a1_0.landing_url,
        a1_0.name,
        a1_0.reward,
        a1_0.target_country,
        a1_0.target_gender,
        a1_0.weight 
    from
        advertisement a1_0 
    where
        a1_0.id=?
Hibernate: 
    select
        a1_0.id,
        a1_0.image_url,
        a1_0.landing_url,
        a1_0.name,
        a1_0.reward,
        a1_0.target_country,
        a1_0.target_gender,
        a1_0.weight 
    from
        advertisement a1_0 
    where
        a1_0.id=?
Hibernate: 
    select
        a1_0.id,
        a1_0.image_url,
        a1_0.landing_url,
        a1_0.name,
        a1_0.reward,
        a1_0.target_country,
        a1_0.target_gender,
        a1_0.weight 
    from
        advertisement a1_0 
    where
        a1_0.id=?
Hibernate: 
    select
        a1_0.id,
        a1_0.image_url,
        a1_0.landing_url,
        a1_0.name,
        a1_0.reward,
        a1_0.target_country,
        a1_0.target_gender,
        a1_0.weight 
    from
        advertisement a1_0 
    where
        a1_0.id=?
Hibernate: 
    select
        a1_0.id,
        a1_0.image_url,
        a1_0.landing_url,
        a1_0.name,
        a1_0.reward,
        a1_0.target_country,
        a1_0.target_gender,
        a1_0.weight 
    from
        advertisement a1_0 
    where
        a1_0.id=?
Hibernate: 
    select
        a1_0.id,
        a1_0.image_url,
        a1_0.landing_url,
        a1_0.name,
        a1_0.reward,
        a1_0.target_country,
        a1_0.target_gender,
        a1_0.weight 
    from
        advertisement a1_0 
    where
        a1_0.id=?
Hibernate: 
    select
        a1_0.id,
        a1_0.image_url,
        a1_0.landing_url,
        a1_0.name,
        a1_0.reward,
        a1_0.target_country,
        a1_0.target_gender,
        a1_0.weight 
    from
        advertisement a1_0 
    where
        a1_0.id=?
Hibernate: 
    select
        a1_0.id,
        a1_0.image_url,
        a1_0.landing_url,
        a1_0.name,
        a1_0.reward,
        a1_0.target_country,
        a1_0.target_gender,
        a1_0.weight 
    from
        advertisement a1_0 
    where
        a1_0.id=?
Hibernate: 
    select
        a1_0.id,
        a1_0.image_url,
        a1_0.landing_url,
        a1_0.name,
        a1_0.reward,
        a1_0.target_country,
        a1_0.target_gender,
        a1_0.weight 
    from
        advertisement a1_0 
    where
        a1_0.id=?
Hibernate: 
    select
        a1_0.id,
        a1_0.image_url,
        a1_0.landing_url,
        a1_0.name,
        a1_0.reward,
        a1_0.target_country,
        a1_0.target_gender,
        a1_0.weight 
    from
        advertisement a1_0 
    where
        a1_0.id=?
Hibernate: 
    select
        a1_0.id,
        a1_0.image_url,
        a1_0.landing_url,
        a1_0.name,
        a1_0.reward,
        a1_0.target_country,
        a1_0.target_gender,
        a1_0.weight 
    from
        advertisement a1_0 
    where
        a1_0.id=?
Hibernate: 
    select
        a1_0.id,
        a1_0.image_url,
        a1_0.landing_url,
        a1_0.name,
        a1_0.reward,
        a1_0.target_country,
        a1_0.target_gender,
        a1_0.weight 
    from
        advertisement a1_0 
    where
        a1_0.id=?
Hibernate: 
    select
        a1_0.id,
        a1_0.image_url,
        a1_0.landing_url,
        a1_0.name,
        a1_0.reward,
        a1_0.target_country,
        a1_0.target_gender,
        a1_0.weight 
    from
        advertisement a1_0 
    where
        a1_0.id=?
Hibernate: 
    select
        a1_0.id,
        a1_0.image_url,
        a1_0.landing_url,
        a1_0.name,
        a1_0.reward,
        a1_0.target_country,
        a1_0.target_gender,
        a1_0.weight 
    from
        advertisement a1_0 
    where
        a1_0.id=?
Hibernate: 
    select
        a1_0.id,
        a1_0.image_url,
        a1_0.landing_url,
        a1_0.name,
        a1_0.reward,
        a1_0.target_country,
        a1_0.target_gender,
        a1_0.weight 
    from
        advertisement a1_0 
    where
        a1_0.id=?
Hibernate: 
    select
        a1_0.id,
        a1_0.image_url,
        a1_0.landing_url,
        a1_0.name,
        a1_0.reward,
        a1_0.target_country,
        a1_0.target_gender,
        a1_0.weight 
    from
        advertisement a1_0 
    where
        a1_0.id=?
Hibernate: 
    select
        a1_0.id,
        a1_0.image_url,
        a1_0.landing_url,
        a1_0.name,
        a1_0.reward,
        a1_0.target_country,
        a1_0.target_gender,
        a1_0.weight 
    from
        advertisement a1_0 
    where
        a1_0.id=?
Hibernate: 
    select
        a1_0.id,
        a1_0.image_url,
        a1_0.landing_url,
        a1_0.name,
        a1_0.reward,
        a1_0.target_country,
        a1_0.target_gender,
        a1_0.weight 
    from
        advertisement a1_0 
    where
        a1_0.id=?
Hibernate: 
    select
        a1_0.id,
        a1_0.image_url,
        a1_0.landing_url,
        a1_0.name,
        a1_0.reward,
        a1_0.target_country,
        a1_0.target_gender,
        a1_0.weight 
    from
        advertisement a1_0 
    where
        a1_0.id=?
Hibernate: 
    select
        a1_0.id,
        a1_0.image_url,
        a1_0.landing_url,
        a1_0.name,
        a1_0.reward,
        a1_0.target_country,
        a1_0.target_gender,
        a1_0.weight 
    from
        advertisement a1_0 
    where
        a1_0.id=?
Hibernate: 
    select
        a1_0.id,
        a1_0.image_url,
        a1_0.landing_url,
        a1_0.name,
        a1_0.reward,
        a1_0.target_country,
        a1_0.target_gender,
        a1_0.weight 
    from
        advertisement a1_0 
    where
        a1_0.id=?
Hibernate: 
    select
        a1_0.id,
        a1_0.image_url,
        a1_0.landing_url,
        a1_0.name,
        a1_0.reward,
        a1_0.target_country,
        a1_0.target_gender,
        a1_0.weight 
    from
        advertisement a1_0 
    where
        a1_0.id=?
Hibernate: 
    select
        a1_0.id,
        a1_0.image_url,
        a1_0.landing_url,
        a1_0.name,
        a1_0.reward,
        a1_0.target_country,
        a1_0.target_gender,
        a1_0.weight 
    from
        advertisement a1_0 
    where
        a1_0.id=?
Hibernate: 
    select
        a1_0.id,
        a1_0.image_url,
        a1_0.landing_url,
        a1_0.name,
        a1_0.reward,
        a1_0.target_country,
        a1_0.target_gender,
        a1_0.weight 
    from
        advertisement a1_0 
    where
        a1_0.id=?
Hibernate: 
    select
        a1_0.id,
        a1_0.image_url,
        a1_0.landing_url,
        a1_0.name,
        a1_0.reward,
        a1_0.target_country,
        a1_0.target_gender,
        a1_0.weight 
    from
        advertisement a1_0 
    where
        a1_0.id=?
Hibernate: 
    select
        a1_0.id,
        a1_0.image_url,
        a1_0.landing_url,
        a1_0.name,
        a1_0.reward,
        a1_0.target_country,
        a1_0.target_gender,
        a1_0.weight 
    from
        advertisement a1_0 
    where
        a1_0.id=?
Hibernate: 
    select
        a1_0.id,
        a1_0.image_url,
        a1_0.landing_url,
        a1_0.name,
        a1_0.reward,
        a1_0.target_country,
        a1_0.target_gender,
        a1_0.weight 
    from
        advertisement a1_0 
    where
        a1_0.id=?
Hibernate: 
    select
        a1_0.id,
        a1_0.image_url,
        a1_0.landing_url,
        a1_0.name,
        a1_0.reward,
        a1_0.target_country,
        a1_0.target_gender,
        a1_0.weight 
    from
        advertisement a1_0 
    where
        a1_0.id=?
Hibernate: 
    select
        a1_0.id,
        a1_0.image_url,
        a1_0.landing_url,
        a1_0.name,
        a1_0.reward,
        a1_0.target_country,
        a1_0.target_gender,
        a1_0.weight 
    from
        advertisement a1_0 
    where
        a1_0.id=?
Hibernate: 
    select
        a1_0.id,
        a1_0.image_url,
        a1_0.landing_url,
        a1_0.name,
        a1_0.reward,
        a1_0.target_country,
        a1_0.target_gender,
        a1_0.weight 
    from
        advertisement a1_0 
    where
        a1_0.id=?
Hibernate: 
    select
        a1_0.id,
        a1_0.image_url,
        a1_0.landing_url,
        a1_0.name,
        a1_0.reward,
        a1_0.target_country,
        a1_0.target_gender,
        a1_0.weight 
    from
        advertisement a1_0 
    where
        a1_0.id=?
Hibernate: 
    select
        a1_0.id,
        a1_0.image_url,
        a1_0.landing_url,
        a1_0.name,
        a1_0.reward,
        a1_0.target_country,
        a1_0.target_gender,
        a1_0.weight 
    from
        advertisement a1_0 
    where
        a1_0.id=?
Hibernate: 
    select
        a1_0.id,
        a1_0.image_url,
        a1_0.landing_url,
        a1_0.name,
        a1_0.reward,
        a1_0.target_country,
        a1_0.target_gender,
        a1_0.weight 
    from
        advertisement a1_0 
    where
        a1_0.id=?
Hibernate: 
    select
        a1_0.id,
        a1_0.image_url,
        a1_0.landing_url,
        a1_0.name,
        a1_0.reward,
        a1_0.target_country,
        a1_0.target_gender,
        a1_0.weight 
    from
        advertisement a1_0 
    where
        a1_0.id=?
Hibernate: 
    select
        a1_0.id,
        a1_0.image_url,
        a1_0.landing_url,
        a1_0.name,
        a1_0.reward,
        a1_0.target_country,
        a1_0.target_gender,
        a1_0.weight 
    from
        advertisement a1_0 
    where
        a1_0.id=?
Hibernate: 
    select
        a1_0.id,
        a1_0.image_url,
        a1_0.landing_url,
        a1_0.name,
        a1_0.reward,
        a1_0.target_country,
        a1_0.target_gender,
        a1_0.weight 
    from
        advertisement a1_0 
    where
        a1_0.id=?
Hibernate: 
    select
        a1_0.id,
        a1_0.image_url,
        a1_0.landing_url,
        a1_0.name,
        a1_0.reward,
        a1_0.target_country,
        a1_0.target_gender,
        a1_0.weight 
    from
        advertisement a1_0 
    where
        a1_0.id=?
Hibernate: 
    select
        a1_0.id,
        a1_0.image_url,
        a1_0.landing_url,
        a1_0.name,
        a1_0.reward,
        a1_0.target_country,
        a1_0.target_gender,
        a1_0.weight 
    from
        advertisement a1_0 
    where
        a1_0.id=?
Hibernate: 
    select
        a1_0.id,
        a1_0.image_url,
        a1_0.landing_url,
        a1_0.name,
        a1_0.reward,
        a1_0.target_country,
        a1_0.target_gender,
        a1_0.weight 
    from
        advertisement a1_0 
    where
        a1_0.id=?
Hibernate: 
    select
        a1_0.id,
        a1_0.image_url,
        a1_0.landing_url,
        a1_0.name,
        a1_0.reward,
        a1_0.target_country,
        a1_0.target_gender,
        a1_0.weight 
    from
        advertisement a1_0 
    where
        a1_0.id=?
Hibernate: 
    select
        a1_0.id,
        a1_0.image_url,
        a1_0.landing_url,
        a1_0.name,
        a1_0.reward,
        a1_0.target_country,
        a1_0.target_gender,
        a1_0.weight 
    from
        advertisement a1_0 
    where
        a1_0.id=?
Hibernate: 
    select
        a1_0.id,
        a1_0.image_url,
        a1_0.landing_url,
        a1_0.name,
        a1_0.reward,
        a1_0.target_country,
        a1_0.target_gender,
        a1_0.weight 
    from
        advertisement a1_0 
    where
        a1_0.id=?
Hibernate: 
    select
        a1_0.id,
        a1_0.image_url,
        a1_0.landing_url,
        a1_0.name,
        a1_0.reward,
        a1_0.target_country,
        a1_0.target_gender,
        a1_0.weight 
    from
        advertisement a1_0 
    where
        a1_0.id=?
Hibernate: 
    select
        a1_0.id,
        a1_0.image_url,
        a1_0.landing_url,
        a1_0.name,
        a1_0.reward,
        a1_0.target_country,
        a1_0.target_gender,
        a1_0.weight 
    from
        advertisement a1_0 
    where
        a1_0.id=?
Hibernate: 
    select
        a1_0.id,
        a1_0.image_url,
        a1_0.landing_url,
        a1_0.name,
        a1_0.reward,
        a1_0.target_country,
        a1_0.target_gender,
        a1_0.weight 
    from
        advertisement a1_0 
    where
        a1_0.id=?
Hibernate: 
    select
        a1_0.id,
        a1_0.image_url,
        a1_0.landing_url,
        a1_0.name,
        a1_0.reward,
        a1_0.target_country,
        a1_0.target_gender,
        a1_0.weight 
    from
        advertisement a1_0 
    where
        a1_0.id=?
Hibernate: 
    select
        a1_0.id,
        a1_0.image_url,
        a1_0.landing_url,
        a1_0.name,
        a1_0.reward,
        a1_0.target_country,
        a1_0.target_gender,
        a1_0.weight 
    from
        advertisement a1_0 
    where
        a1_0.id=?
Hibernate: 
    select
        a1_0.id,
        a1_0.image_url,
        a1_0.landing_url,
        a1_0.name,
        a1_0.reward,
        a1_0.target_country,
        a1_0.target_gender,
        a1_0.weight 
    from
        advertisement a1_0 
    where
        a1_0.id=?
Hibernate: 
    select
        a1_0.id,
        a1_0.image_url,
        a1_0.landing_url,
        a1_0.name,
        a1_0.reward,
        a1_0.target_country,
        a1_0.target_gender,
        a1_0.weight 
    from
        advertisement a1_0 
    where
        a1_0.id=?
Hibernate: 
    select
        a1_0.id,
        a1_0.image_url,
        a1_0.landing_url,
        a1_0.name,
        a1_0.reward,
        a1_0.target_country,
        a1_0.target_gender,
        a1_0.weight 
    from
        advertisement a1_0 
    where
        a1_0.id=?
Hibernate: 
    select
        a1_0.id,
        a1_0.image_url,
        a1_0.landing_url,
        a1_0.name,
        a1_0.reward,
        a1_0.target_country,
        a1_0.target_gender,
        a1_0.weight 
    from
        advertisement a1_0 
    where
        a1_0.id=?
Hibernate: 
    select
        a1_0.id,
        a1_0.image_url,
        a1_0.landing_url,
        a1_0.name,
        a1_0.reward,
        a1_0.target_country,
        a1_0.target_gender,
        a1_0.weight 
    from
        advertisement a1_0 
    where
        a1_0.id=?
Hibernate: 
    select
        a1_0.id,
        a1_0.image_url,
        a1_0.landing_url,
        a1_0.name,
        a1_0.reward,
        a1_0.target_country,
        a1_0.target_gender,
        a1_0.weight 
    from
        advertisement a1_0 
    where
        a1_0.id=?
Hibernate: 
    select
        a1_0.id,
        a1_0.image_url,
        a1_0.landing_url,
        a1_0.name,
        a1_0.reward,
        a1_0.target_country,
        a1_0.target_gender,
        a1_0.weight 
    from
        advertisement a1_0 
    where
        a1_0.id=?
Hibernate: 
    select
        a1_0.id,
        a1_0.image_url,
        a1_0.landing_url,
        a1_0.name,
        a1_0.reward,
        a1_0.target_country,
        a1_0.target_gender,
        a1_0.weight 
    from
        advertisement a1_0 
    where
        a1_0.id=?
Hibernate: 
    select
        a1_0.id,
        a1_0.image_url,
        a1_0.landing_url,
        a1_0.name,
        a1_0.reward,
        a1_0.target_country,
        a1_0.target_gender,
        a1_0.weight 
    from
        advertisement a1_0 
    where
        a1_0.id=?
Hibernate: 
    select
        a1_0.id,
        a1_0.image_url,
        a1_0.landing_url,
        a1_0.name,
        a1_0.reward,
        a1_0.target_country,
        a1_0.target_gender,
        a1_0.weight 
    from
        advertisement a1_0 
    where
        a1_0.id=?
Hibernate: 
    select
        a1_0.id,
        a1_0.image_url,
        a1_0.landing_url,
        a1_0.name,
        a1_0.reward,
        a1_0.target_country,
        a1_0.target_gender,
        a1_0.weight 
    from
        advertisement a1_0 
    where
        a1_0.id=?
Hibernate: 
    select
        a1_0.id,
        a1_0.image_url,
        a1_0.landing_url,
        a1_0.name,
        a1_0.reward,
        a1_0.target_country,
        a1_0.target_gender,
        a1_0.weight 
    from
        advertisement a1_0 
    where
        a1_0.id=?
Hibernate: 
    select
        a1_0.id,
        a1_0.image_url,
        a1_0.landing_url,
        a1_0.name,
        a1_0.reward,
        a1_0.target_country,
        a1_0.target_gender,
        a1_0.weight 
    from
        advertisement a1_0 
    where
        a1_0.id=?
Hibernate: 
    select
        a1_0.id,
        a1_0.image_url,
        a1_0.landing_url,
        a1_0.name,
        a1_0.reward,
        a1_0.target_country,
        a1_0.target_gender,
        a1_0.weight 
    from
        advertisement a1_0 
    where
        a1_0.id=?
Hibernate: 
    select
        a1_0.id,
        a1_0.image_url,
        a1_0.landing_url,
        a1_0.name,
        a1_0.reward,
        a1_0.target_country,
        a1_0.target_gender,
        a1_0.weight 
    from
        advertisement a1_0 
    where
        a1_0.id=?
Hibernate: 
    select
        a1_0.id,
        a1_0.image_url,
        a1_0.landing_url,
        a1_0.name,
        a1_0.reward,
        a1_0.target_country,
        a1_0.target_gender,
        a1_0.weight 
    from
        advertisement a1_0 
    where
        a1_0.id=?
Hibernate: 
    select
        a1_0.id,
        a1_0.image_url,
        a1_0.landing_url,
        a1_0.name,
        a1_0.reward,
        a1_0.target_country,
        a1_0.target_gender,
        a1_0.weight 
    from
        advertisement a1_0 
    where
        a1_0.id=?
Hibernate: 
    select
        a1_0.id,
        a1_0.image_url,
        a1_0.landing_url,
        a1_0.name,
        a1_0.reward,
        a1_0.target_country,
        a1_0.target_gender,
        a1_0.weight 
    from
        advertisement a1_0 
    where
        a1_0.id=?
Hibernate: 
    select
        a1_0.id,
        a1_0.image_url,
        a1_0.landing_url,
        a1_0.name,
        a1_0.reward,
        a1_0.target_country,
        a1_0.target_gender,
        a1_0.weight 
    from
        advertisement a1_0 
    where
        a1_0.id=?
Hibernate: 
    select
        a1_0.id,
        a1_0.image_url,
        a1_0.landing_url,
        a1_0.name,
        a1_0.reward,
        a1_0.target_country,
        a1_0.target_gender,
        a1_0.weight 
    from
        advertisement a1_0 
    where
        a1_0.id=?
Hibernate: 
    select
        a1_0.id,
        a1_0.image_url,
        a1_0.landing_url,
        a1_0.name,
        a1_0.reward,
        a1_0.target_country,
        a1_0.target_gender,
        a1_0.weight 
    from
        advertisement a1_0 
    where
        a1_0.id=?
Hibernate: 
    select
        a1_0.id,
        a1_0.image_url,
        a1_0.landing_url,
        a1_0.name,
        a1_0.reward,
        a1_0.target_country,
        a1_0.target_gender,
        a1_0.weight 
    from
        advertisement a1_0 
    where
        a1_0.id=?
Hibernate: 
    select
        a1_0.id,
        a1_0.image_url,
        a1_0.landing_url,
        a1_0.name,
        a1_0.reward,
        a1_0.target_country,
        a1_0.target_gender,
        a1_0.weight 
    from
        advertisement a1_0 
    where
        a1_0.id=?
Hibernate: 
    select
        a1_0.id,
        a1_0.image_url,
        a1_0.landing_url,
        a1_0.name,
        a1_0.reward,
        a1_0.target_country,
        a1_0.target_gender,
        a1_0.weight 
    from
        advertisement a1_0 
    where
        a1_0.id=?
Hibernate: 
    select
        a1_0.id,
        a1_0.image_url,
        a1_0.landing_url,
        a1_0.name,
        a1_0.reward,
        a1_0.target_country,
        a1_0.target_gender,
        a1_0.weight 
    from
        advertisement a1_0 
    where
        a1_0.id=?
Hibernate: 
    select
        a1_0.id,
        a1_0.image_url,
        a1_0.landing_url,
        a1_0.name,
        a1_0.reward,
        a1_0.target_country,
        a1_0.target_gender,
        a1_0.weight 
    from
        advertisement a1_0 
    where
        a1_0.id=?
Hibernate: 
    select
        a1_0.id,
        a1_0.image_url,
        a1_0.landing_url,
        a1_0.name,
        a1_0.reward,
        a1_0.target_country,
        a1_0.target_gender,
        a1_0.weight 
    from
        advertisement a1_0 
    where
        a1_0.id=?
Hibernate: 
    select
        a1_0.id,
        a1_0.image_url,
        a1_0.landing_url,
        a1_0.name,
        a1_0.reward,
        a1_0.target_country,
        a1_0.target_gender,
        a1_0.weight 
    from
        advertisement a1_0 
    where
        a1_0.id=?
Hibernate: 
    select
        a1_0.id,
        a1_0.image_url,
        a1_0.landing_url,
        a1_0.name,
        a1_0.reward,
        a1_0.target_country,
        a1_0.target_gender,
        a1_0.weight 
    from
        advertisement a1_0 
    where
        a1_0.id=?
Hibernate: 
    select
        a1_0.id,
        a1_0.image_url,
        a1_0.landing_url,
        a1_0.name,
        a1_0.reward,
        a1_0.target_country,
        a1_0.target_gender,
        a1_0.weight 
    from
        advertisement a1_0 
    where
        a1_0.id=?
Hibernate: 
    select
        a1_0.id,
        a1_0.image_url,
        a1_0.landing_url,
        a1_0.name,
        a1_0.reward,
        a1_0.target_country,
        a1_0.target_gender,
        a1_0.weight 
    from
        advertisement a1_0 
    where
        a1_0.id=?
Hibernate: 
    select
        a1_0.id,
        a1_0.image_url,
        a1_0.landing_url,
        a1_0.name,
        a1_0.reward,
        a1_0.target_country,
        a1_0.target_gender,
        a1_0.weight 
    from
        advertisement a1_0 
    where
        a1_0.id=?
Hibernate: 
    select
        a1_0.id,
        a1_0.image_url,
        a1_0.landing_url,
        a1_0.name,
        a1_0.reward,
        a1_0.target_country,
        a1_0.target_gender,
        a1_0.weight 
    from
        advertisement a1_0 
    where
        a1_0.id=?
Hibernate: 
    select
        a1_0.id,
        a1_0.image_url,
        a1_0.landing_url,
        a1_0.name,
        a1_0.reward,
        a1_0.target_country,
        a1_0.target_gender,
        a1_0.weight 
    from
        advertisement a1_0 
    where
        a1_0.id=?
Hibernate: 
    select
        a1_0.id,
        a1_0.image_url,
        a1_0.landing_url,
        a1_0.name,
        a1_0.reward,
        a1_0.target_country,
        a1_0.target_gender,
        a1_0.weight 
    from
        advertisement a1_0 
    where
        a1_0.id=?
Hibernate: 
    select
        a1_0.id,
        a1_0.image_url,
        a1_0.landing_url,
        a1_0.name,
        a1_0.reward,
        a1_0.target_country,
        a1_0.target_gender,
        a1_0.weight 
    from
        advertisement a1_0 
    where
        a1_0.id=?
Hibernate: 
    select
        a1_0.id,
        a1_0.image_url,
        a1_0.landing_url,
        a1_0.name,
        a1_0.reward,
        a1_0.target_country,
        a1_0.target_gender,
        a1_0.weight 
    from
        advertisement a1_0 
    where
        a1_0.id=?
Hibernate: 
    select
        a1_0.id,
        a1_0.image_url,
        a1_0.landing_url,
        a1_0.name,
        a1_0.reward,
        a1_0.target_country,
        a1_0.target_gender,
        a1_0.weight 
    from
        advertisement a1_0 
    where
        a1_0.id=?
Hibernate: 
    select
        a1_0.id,
        a1_0.image_url,
        a1_0.landing_url,
        a1_0.name,
        a1_0.reward,
        a1_0.target_country,
        a1_0.target_gender,
        a1_0.weight 
    from
        advertisement a1_0 
    where
        a1_0.id=?
Hibernate: 
    select
        a1_0.id,
        a1_0.image_url,
        a1_0.landing_url,
        a1_0.name,
        a1_0.reward,
        a1_0.target_country,
        a1_0.target_gender,
        a1_0.weight 
    from
        advertisement a1_0 
    where
        a1_0.id=?
Hibernate: 
    select
        a1_0.id,
        a1_0.image_url,
        a1_0.landing_url,
        a1_0.name,
        a1_0.reward,
        a1_0.target_country,
        a1_0.target_gender,
        a1_0.weight 
    from
        advertisement a1_0 
    where
        a1_0.id=?
Hibernate: 
    select
        a1_0.id,
        a1_0.image_url,
        a1_0.landing_url,
        a1_0.name,
        a1_0.reward,
        a1_0.target_country,
        a1_0.target_gender,
        a1_0.weight 
    from
        advertisement a1_0 
    where
        a1_0.id=?
Hibernate: 
    select
        a1_0.id,
        a1_0.image_url,
        a1_0.landing_url,
        a1_0.name,
        a1_0.reward,
        a1_0.target_country,
        a1_0.target_gender,
        a1_0.weight 
    from
        advertisement a1_0 
    where
        a1_0.id=?
Hibernate: 
    select
        a1_0.id,
        a1_0.image_url,
        a1_0.landing_url,
        a1_0.name,
        a1_0.reward,
        a1_0.target_country,
        a1_0.target_gender,
        a1_0.weight 
    from
        advertisement a1_0 
    where
        a1_0.id=?
Hibernate: 
    select
        a1_0.id,
        a1_0.image_url,
        a1_0.landing_url,
        a1_0.name,
        a1_0.reward,
        a1_0.target_country,
        a1_0.target_gender,
        a1_0.weight 
    from
        advertisement a1_0 
    where
        a1_0.id=?
Hibernate: 
    select
        a1_0.id,
        a1_0.image_url,
        a1_0.landing_url,
        a1_0.name,
        a1_0.reward,
        a1_0.target_country,
        a1_0.target_gender,
        a1_0.weight 
    from
        advertisement a1_0 
    where
        a1_0.id=?
Hibernate: 
    select
        a1_0.id,
        a1_0.image_url,
        a1_0.landing_url,
        a1_0.name,
        a1_0.reward,
        a1_0.target_country,
        a1_0.target_gender,
        a1_0.weight 
    from
        advertisement a1_0 
    where
        a1_0.id=?
Hibernate: 
    select
        a1_0.id,
        a1_0.image_url,
        a1_0.landing_url,
        a1_0.name,
        a1_0.reward,
        a1_0.target_country,
        a1_0.target_gender,
        a1_0.weight 
    from
        advertisement a1_0 
    where
        a1_0.id=?
Hibernate: 
    select
        a1_0.id,
        a1_0.image_url,
        a1_0.landing_url,
        a1_0.name,
        a1_0.reward,
        a1_0.target_country,
        a1_0.target_gender,
        a1_0.weight 
    from
        advertisement a1_0 
    where
        a1_0.id=?
Hibernate: 
    select
        a1_0.id,
        a1_0.image_url,
        a1_0.landing_url,
        a1_0.name,
        a1_0.reward,
        a1_0.target_country,
        a1_0.target_gender,
        a1_0.weight 
    from
        advertisement a1_0 
    where
        a1_0.id=?
Hibernate: 
    select
        a1_0.id,
        a1_0.image_url,
        a1_0.landing_url,
        a1_0.name,
        a1_0.reward,
        a1_0.target_country,
        a1_0.target_gender,
        a1_0.weight 
    from
        advertisement a1_0 
    where
        a1_0.id=?
Hibernate: 
    select
        a1_0.id,
        a1_0.image_url,
        a1_0.landing_url,
        a1_0.name,
        a1_0.reward,
        a1_0.target_country,
        a1_0.target_gender,
        a1_0.weight 
    from
        advertisement a1_0 
    where
        a1_0.id=?
Hibernate: 
    select
        a1_0.id,
        a1_0.image_url,
        a1_0.landing_url,
        a1_0.name,
        a1_0.reward,
        a1_0.target_country,
        a1_0.target_gender,
        a1_0.weight 
    from
        advertisement a1_0 
    where
        a1_0.id=?
Hibernate: 
    select
        a1_0.id,
        a1_0.image_url,
        a1_0.landing_url,
        a1_0.name,
        a1_0.reward,
        a1_0.target_country,
        a1_0.target_gender,
        a1_0.weight 
    from
        advertisement a1_0 
    where
        a1_0.id=?
Hibernate: 
    select
        a1_0.id,
        a1_0.image_url,
        a1_0.landing_url,
        a1_0.name,
        a1_0.reward,
        a1_0.target_country,
        a1_0.target_gender,
        a1_0.weight 
    from
        advertisement a1_0 
    where
        a1_0.id=?
Hibernate: 
    select
        a1_0.id,
        a1_0.image_url,
        a1_0.landing_url,
        a1_0.name,
        a1_0.reward,
        a1_0.target_country,
        a1_0.target_gender,
        a1_0.weight 
    from
        advertisement a1_0 
    where
        a1_0.id=?
Hibernate: 
    select
        a1_0.id,
        a1_0.image_url,
        a1_0.landing_url,
        a1_0.name,
        a1_0.reward,
        a1_0.target_country,
        a1_0.target_gender,
        a1_0.weight 
    from
        advertisement a1_0 
    where
        a1_0.id=?
Hibernate: 
    select
        a1_0.id,
        a1_0.image_url,
        a1_0.landing_url,
        a1_0.name,
        a1_0.reward,
        a1_0.target_country,
        a1_0.target_gender,
        a1_0.weight 
    from
        advertisement a1_0 
    where
        a1_0.id=?
Hibernate: 
    select
        a1_0.id,
        a1_0.image_url,
        a1_0.landing_url,
        a1_0.name,
        a1_0.reward,
        a1_0.target_country,
        a1_0.target_gender,
        a1_0.weight 
    from
        advertisement a1_0 
    where
        a1_0.id=?
Hibernate: 
    select
        a1_0.id,
        a1_0.image_url,
        a1_0.landing_url,
        a1_0.name,
        a1_0.reward,
        a1_0.target_country,
        a1_0.target_gender,
        a1_0.weight 
    from
        advertisement a1_0 
    where
        a1_0.id=?
Hibernate: 
    select
        a1_0.id,
        a1_0.image_url,
        a1_0.landing_url,
        a1_0.name,
        a1_0.reward,
        a1_0.target_country,
        a1_0.target_gender,
        a1_0.weight 
    from
        advertisement a1_0 
    where
        a1_0.id=?
Hibernate: 
    select
        a1_0.id,
        a1_0.image_url,
        a1_0.landing_url,
        a1_0.name,
        a1_0.reward,
        a1_0.target_country,
        a1_0.target_gender,
        a1_0.weight 
    from
        advertisement a1_0 
    where
        a1_0.id=?
Hibernate: 
    select
        a1_0.id,
        a1_0.image_url,
        a1_0.landing_url,
        a1_0.name,
        a1_0.reward,
        a1_0.target_country,
        a1_0.target_gender,
        a1_0.weight 
    from
        advertisement a1_0 
    where
        a1_0.id=?
Hibernate: 
    select
        a1_0.id,
        a1_0.image_url,
        a1_0.landing_url,
        a1_0.name,
        a1_0.reward,
        a1_0.target_country,
        a1_0.target_gender,
        a1_0.weight 
    from
        advertisement a1_0 
    where
        a1_0.id=?
Hibernate: 
    select
        a1_0.id,
        a1_0.image_url,
        a1_0.landing_url,
        a1_0.name,
        a1_0.reward,
        a1_0.target_country,
        a1_0.target_gender,
        a1_0.weight 
    from
        advertisement a1_0 
    where
        a1_0.id=?
Hibernate: 
    select
        a1_0.id,
        a1_0.image_url,
        a1_0.landing_url,
        a1_0.name,
        a1_0.reward,
        a1_0.target_country,
        a1_0.target_gender,
        a1_0.weight 
    from
        advertisement a1_0 
    where
        a1_0.id=?
Hibernate: 
    select
        a1_0.id,
        a1_0.image_url,
        a1_0.landing_url,
        a1_0.name,
        a1_0.reward,
        a1_0.target_country,
        a1_0.target_gender,
        a1_0.weight 
    from
        advertisement a1_0 
    where
        a1_0.id=?
Hibernate: 
    select
        a1_0.id,
        a1_0.image_url,
        a1_0.landing_url,
        a1_0.name,
        a1_0.reward,
        a1_0.target_country,
        a1_0.target_gender,
        a1_0.weight 
    from
        advertisement a1_0 
    where
        a1_0.id=?
Hibernate: 
    select
        a1_0.id,
        a1_0.image_url,
        a1_0.landing_url,
        a1_0.name,
        a1_0.reward,
        a1_0.target_country,
        a1_0.target_gender,
        a1_0.weight 
    from
        advertisement a1_0 
    where
        a1_0.id=?
Hibernate: 
    select
        a1_0.id,
        a1_0.image_url,
        a1_0.landing_url,
        a1_0.name,
        a1_0.reward,
        a1_0.target_country,
        a1_0.target_gender,
        a1_0.weight 
    from
        advertisement a1_0 
    where
        a1_0.id=?
Hibernate: 
    select
        a1_0.id,
        a1_0.image_url,
        a1_0.landing_url,
        a1_0.name,
        a1_0.reward,
        a1_0.target_country,
        a1_0.target_gender,
        a1_0.weight 
    from
        advertisement a1_0 
    where
        a1_0.id=?
Hibernate: 
    select
        a1_0.id,
        a1_0.image_url,
        a1_0.landing_url,
        a1_0.name,
        a1_0.reward,
        a1_0.target_country,
        a1_0.target_gender,
        a1_0.weight 
    from
        advertisement a1_0 
    where
        a1_0.id=?
Hibernate: 
    select
        a1_0.id,
        a1_0.image_url,
        a1_0.landing_url,
        a1_0.name,
        a1_0.reward,
        a1_0.target_country,
        a1_0.target_gender,
        a1_0.weight 
    from
        advertisement a1_0 
    where
        a1_0.id=?
Hibernate: 
    select
        a1_0.id,
        a1_0.image_url,
        a1_0.landing_url,
        a1_0.name,
        a1_0.reward,
        a1_0.target_country,
        a1_0.target_gender,
        a1_0.weight 
    from
        advertisement a1_0 
    where
        a1_0.id=?
Hibernate: 
    select
        a1_0.id,
        a1_0.image_url,
        a1_0.landing_url,
        a1_0.name,
        a1_0.reward,
        a1_0.target_country,
        a1_0.target_gender,
        a1_0.weight 
    from
        advertisement a1_0 
    where
        a1_0.id=?
Hibernate: 
    select
        a1_0.id,
        a1_0.image_url,
        a1_0.landing_url,
        a1_0.name,
        a1_0.reward,
        a1_0.target_country,
        a1_0.target_gender,
        a1_0.weight 
    from
        advertisement a1_0 
    where
        a1_0.id=?
Hibernate: 
    select
        a1_0.id,
        a1_0.image_url,
        a1_0.landing_url,
        a1_0.name,
        a1_0.reward,
        a1_0.target_country,
        a1_0.target_gender,
        a1_0.weight 
    from
        advertisement a1_0 
    where
        a1_0.id=?
Hibernate: 
    select
        a1_0.id,
        a1_0.image_url,
        a1_0.landing_url,
        a1_0.name,
        a1_0.reward,
        a1_0.target_country,
        a1_0.target_gender,
        a1_0.weight 
    from
        advertisement a1_0 
    where
        a1_0.id=?
Hibernate: 
    select
        a1_0.id,
        a1_0.image_url,
        a1_0.landing_url,
        a1_0.name,
        a1_0.reward,
        a1_0.target_country,
        a1_0.target_gender,
        a1_0.weight 
    from
        advertisement a1_0 
    where
        a1_0.id=?
Hibernate: 
    select
        a1_0.id,
        a1_0.image_url,
        a1_0.landing_url,
        a1_0.name,
        a1_0.reward,
        a1_0.target_country,
        a1_0.target_gender,
        a1_0.weight 
    from
        advertisement a1_0 
    where
        a1_0.id=?
Hibernate: 
    select
        a1_0.id,
        a1_0.image_url,
        a1_0.landing_url,
        a1_0.name,
        a1_0.reward,
        a1_0.target_country,
        a1_0.target_gender,
        a1_0.weight 
    from
        advertisement a1_0 
    where
        a1_0.id=?
Hibernate: 
    select
        a1_0.id,
        a1_0.image_url,
        a1_0.landing_url,
        a1_0.name,
        a1_0.reward,
        a1_0.target_country,
        a1_0.target_gender,
        a1_0.weight 
    from
        advertisement a1_0 
    where
        a1_0.id=?
Hibernate: 
    select
        a1_0.id,
        a1_0.image_url,
        a1_0.landing_url,
        a1_0.name,
        a1_0.reward,
        a1_0.target_country,
        a1_0.target_gender,
        a1_0.weight 
    from
        advertisement a1_0 
    where
        a1_0.id=?
Hibernate: 
    select
        a1_0.id,
        a1_0.image_url,
        a1_0.landing_url,
        a1_0.name,
        a1_0.reward,
        a1_0.target_country,
        a1_0.target_gender,
        a1_0.weight 
    from
        advertisement a1_0 
    where
        a1_0.id=?
Hibernate: 
    select
        a1_0.id,
        a1_0.image_url,
        a1_0.landing_url,
        a1_0.name,
        a1_0.reward,
        a1_0.target_country,
        a1_0.target_gender,
        a1_0.weight 
    from
        advertisement a1_0 
    where
        a1_0.id=?
Hibernate: 
    select
        a1_0.id,
        a1_0.image_url,
        a1_0.landing_url,
        a1_0.name,
        a1_0.reward,
        a1_0.target_country,
        a1_0.target_gender,
        a1_0.weight 
    from
        advertisement a1_0 
    where
        a1_0.id=?
Hibernate: 
    select
        a1_0.id,
        a1_0.image_url,
        a1_0.landing_url,
        a1_0.name,
        a1_0.reward,
        a1_0.target_country,
        a1_0.target_gender,
        a1_0.weight 
    from
        advertisement a1_0 
    where
        a1_0.id=?
Hibernate: 
    select
        a1_0.id,
        a1_0.image_url,
        a1_0.landing_url,
        a1_0.name,
        a1_0.reward,
        a1_0.target_country,
        a1_0.target_gender,
        a1_0.weight 
    from
        advertisement a1_0 
    where
        a1_0.id=?
Hibernate: 
    select
        a1_0.id,
        a1_0.image_url,
        a1_0.landing_url,
        a1_0.name,
        a1_0.reward,
        a1_0.target_country,
        a1_0.target_gender,
        a1_0.weight 
    from
        advertisement a1_0 
    where
        a1_0.id=?
Hibernate: 
    select
        a1_0.id,
        a1_0.image_url,
        a1_0.landing_url,
        a1_0.name,
        a1_0.reward,
        a1_0.target_country,
        a1_0.target_gender,
        a1_0.weight 
    from
        advertisement a1_0 
    where
        a1_0.id=?
Hibernate: 
    select
        a1_0.id,
        a1_0.image_url,
        a1_0.landing_url,
        a1_0.name,
        a1_0.reward,
        a1_0.target_country,
        a1_0.target_gender,
        a1_0.weight 
    from
        advertisement a1_0 
    where
        a1_0.id=?
Hibernate: 
    select
        a1_0.id,
        a1_0.image_url,
        a1_0.landing_url,
        a1_0.name,
        a1_0.reward,
        a1_0.target_country,
        a1_0.target_gender,
        a1_0.weight 
    from
        advertisement a1_0 
    where
        a1_0.id=?
Hibernate: 
    select
        a1_0.id,
        a1_0.image_url,
        a1_0.landing_url,
        a1_0.name,
        a1_0.reward,
        a1_0.target_country,
        a1_0.target_gender,
        a1_0.weight 
    from
        advertisement a1_0 
    where
        a1_0.id=?
Hibernate: 
    select
        a1_0.id,
        a1_0.image_url,
        a1_0.landing_url,
        a1_0.name,
        a1_0.reward,
        a1_0.target_country,
        a1_0.target_gender,
        a1_0.weight 
    from
        advertisement a1_0 
    where
        a1_0.id=?
Hibernate: 
    select
        a1_0.id,
        a1_0.image_url,
        a1_0.landing_url,
        a1_0.name,
        a1_0.reward,
        a1_0.target_country,
        a1_0.target_gender,
        a1_0.weight 
    from
        advertisement a1_0 
    where
        a1_0.id=?
Hibernate: 
    select
        a1_0.id,
        a1_0.image_url,
        a1_0.landing_url,
        a1_0.name,
        a1_0.reward,
        a1_0.target_country,
        a1_0.target_gender,
        a1_0.weight 
    from
        advertisement a1_0 
    where
        a1_0.id=?
Hibernate: 
    select
        a1_0.id,
        a1_0.image_url,
        a1_0.landing_url,
        a1_0.name,
        a1_0.reward,
        a1_0.target_country,
        a1_0.target_gender,
        a1_0.weight 
    from
        advertisement a1_0 
    where
        a1_0.id=?
Hibernate: 
    select
        a1_0.id,
        a1_0.image_url,
        a1_0.landing_url,
        a1_0.name,
        a1_0.reward,
        a1_0.target_country,
        a1_0.target_gender,
        a1_0.weight 
    from
        advertisement a1_0 
    where
        a1_0.id=?
Hibernate: 
    select
        a1_0.id,
        a1_0.image_url,
        a1_0.landing_url,
        a1_0.name,
        a1_0.reward,
        a1_0.target_country,
        a1_0.target_gender,
        a1_0.weight 
    from
        advertisement a1_0 
    where
        a1_0.id=?
Hibernate: 
    select
        a1_0.id,
        a1_0.image_url,
        a1_0.landing_url,
        a1_0.name,
        a1_0.reward,
        a1_0.target_country,
        a1_0.target_gender,
        a1_0.weight 
    from
        advertisement a1_0 
    where
        a1_0.id=?
Hibernate: 
    select
        a1_0.id,
        a1_0.image_url,
        a1_0.landing_url,
        a1_0.name,
        a1_0.reward,
        a1_0.target_country,
        a1_0.target_gender,
        a1_0.weight 
    from
        advertisement a1_0 
    where
        a1_0.id=?
Hibernate: 
    select
        a1_0.id,
        a1_0.image_url,
        a1_0.landing_url,
        a1_0.name,
        a1_0.reward,
        a1_0.target_country,
        a1_0.target_gender,
        a1_0.weight 
    from
        advertisement a1_0 
    where
        a1_0.id=?
Hibernate: 
    select
        a1_0.id,
        a1_0.image_url,
        a1_0.landing_url,
        a1_0.name,
        a1_0.reward,
        a1_0.target_country,
        a1_0.target_gender,
        a1_0.weight 
    from
        advertisement a1_0 
    where
        a1_0.id=?
Hibernate: 
    select
        a1_0.id,
        a1_0.image_url,
        a1_0.landing_url,
        a1_0.name,
        a1_0.reward,
        a1_0.target_country,
        a1_0.target_gender,
        a1_0.weight 
    from
        advertisement a1_0 
    where
        a1_0.id=?
Hibernate: 
    select
        a1_0.id,
        a1_0.image_url,
        a1_0.landing_url,
        a1_0.name,
        a1_0.reward,
        a1_0.target_country,
        a1_0.target_gender,
        a1_0.weight 
    from
        advertisement a1_0 
    where
        a1_0.id=?
Hibernate: 
    select
        a1_0.id,
        a1_0.image_url,
        a1_0.landing_url,
        a1_0.name,
        a1_0.reward,
        a1_0.target_country,
        a1_0.target_gender,
        a1_0.weight 
    from
        advertisement a1_0 
    where
        a1_0.id=?
Hibernate: 
    select
        a1_0.id,
        a1_0.image_url,
        a1_0.landing_url,
        a1_0.name,
        a1_0.reward,
        a1_0.target_country,
        a1_0.target_gender,
        a1_0.weight 
    from
        advertisement a1_0 
    where
        a1_0.id=?
Hibernate: 
    select
        a1_0.id,
        a1_0.image_url,
        a1_0.landing_url,
        a1_0.name,
        a1_0.reward,
        a1_0.target_country,
        a1_0.target_gender,
        a1_0.weight 
    from
        advertisement a1_0 
    where
        a1_0.id=?
Hibernate: 
    select
        a1_0.id,
        a1_0.image_url,
        a1_0.landing_url,
        a1_0.name,
        a1_0.reward,
        a1_0.target_country,
        a1_0.target_gender,
        a1_0.weight 
    from
        advertisement a1_0 
    where
        a1_0.id=?
Hibernate: 
    select
        a1_0.id,
        a1_0.image_url,
        a1_0.landing_url,
        a1_0.name,
        a1_0.reward,
        a1_0.target_country,
        a1_0.target_gender,
        a1_0.weight 
    from
        advertisement a1_0 
    where
        a1_0.id=?
Hibernate: 
    select
        a1_0.id,
        a1_0.image_url,
        a1_0.landing_url,
        a1_0.name,
        a1_0.reward,
        a1_0.target_country,
        a1_0.target_gender,
        a1_0.weight 
    from
        advertisement a1_0 
    where
        a1_0.id=?
Hibernate: 
    select
        a1_0.id,
        a1_0.image_url,
        a1_0.landing_url,
        a1_0.name,
        a1_0.reward,
        a1_0.target_country,
        a1_0.target_gender,
        a1_0.weight 
    from
        advertisement a1_0 
    where
        a1_0.id=?
Hibernate: 
    select
        a1_0.id,
        a1_0.image_url,
        a1_0.landing_url,
        a1_0.name,
        a1_0.reward,
        a1_0.target_country,
        a1_0.target_gender,
        a1_0.weight 
    from
        advertisement a1_0 
    where
        a1_0.id=?
Hibernate: 
    select
        a1_0.id,
        a1_0.image_url,
        a1_0.landing_url,
        a1_0.name,
        a1_0.reward,
        a1_0.target_country,
        a1_0.target_gender,
        a1_0.weight 
    from
        advertisement a1_0 
    where
        a1_0.id=?
Hibernate: 
    select
        a1_0.id,
        a1_0.image_url,
        a1_0.landing_url,
        a1_0.name,
        a1_0.reward,
        a1_0.target_country,
        a1_0.target_gender,
        a1_0.weight 
    from
        advertisement a1_0 
    where
        a1_0.id=?
Hibernate: 
    select
        a1_0.id,
        a1_0.image_url,
        a1_0.landing_url,
        a1_0.name,
        a1_0.reward,
        a1_0.target_country,
        a1_0.target_gender,
        a1_0.weight 
    from
        advertisement a1_0 
    where
        a1_0.id=?
Hibernate: 
    select
        a1_0.id,
        a1_0.image_url,
        a1_0.landing_url,
        a1_0.name,
        a1_0.reward,
        a1_0.target_country,
        a1_0.target_gender,
        a1_0.weight 
    from
        advertisement a1_0 
    where
        a1_0.id=?
Hibernate: 
    select
        a1_0.id,
        a1_0.image_url,
        a1_0.landing_url,
        a1_0.name,
        a1_0.reward,
        a1_0.target_country,
        a1_0.target_gender,
        a1_0.weight 
    from
        advertisement a1_0 
    where
        a1_0.id=?
Hibernate: 
    select
        a1_0.id,
        a1_0.image_url,
        a1_0.landing_url,
        a1_0.name,
        a1_0.reward,
        a1_0.target_country,
        a1_0.target_gender,
        a1_0.weight 
    from
        advertisement a1_0 
    where
        a1_0.id=?
Hibernate: 
    select
        a1_0.id,
        a1_0.image_url,
        a1_0.landing_url,
        a1_0.name,
        a1_0.reward,
        a1_0.target_country,
        a1_0.target_gender,
        a1_0.weight 
    from
        advertisement a1_0 
    where
        a1_0.id=?
Hibernate: 
    select
        a1_0.id,
        a1_0.image_url,
        a1_0.landing_url,
        a1_0.name,
        a1_0.reward,
        a1_0.target_country,
        a1_0.target_gender,
        a1_0.weight 
    from
        advertisement a1_0 
    where
        a1_0.id=?
Hibernate: 
    select
        a1_0.id,
        a1_0.image_url,
        a1_0.landing_url,
        a1_0.name,
        a1_0.reward,
        a1_0.target_country,
        a1_0.target_gender,
        a1_0.weight 
    from
        advertisement a1_0 
    where
        a1_0.id=?
Hibernate: 
    select
        a1_0.id,
        a1_0.image_url,
        a1_0.landing_url,
        a1_0.name,
        a1_0.reward,
        a1_0.target_country,
        a1_0.target_gender,
        a1_0.weight 
    from
        advertisement a1_0 
    where
        a1_0.id=?
Hibernate: 
    select
        a1_0.id,
        a1_0.image_url,
        a1_0.landing_url,
        a1_0.name,
        a1_0.reward,
        a1_0.target_country,
        a1_0.target_gender,
        a1_0.weight 
    from
        advertisement a1_0 
    where
        a1_0.id=?
Hibernate: 
    select
        a1_0.id,
        a1_0.image_url,
        a1_0.landing_url,
        a1_0.name,
        a1_0.reward,
        a1_0.target_country,
        a1_0.target_gender,
        a1_0.weight 
    from
        advertisement a1_0 
    where
        a1_0.id=?
Hibernate: 
    select
        a1_0.id,
        a1_0.image_url,
        a1_0.landing_url,
        a1_0.name,
        a1_0.reward,
        a1_0.target_country,
        a1_0.target_gender,
        a1_0.weight 
    from
        advertisement a1_0 
    where
        a1_0.id=?
Hibernate: 
    select
        a1_0.id,
        a1_0.image_url,
        a1_0.landing_url,
        a1_0.name,
        a1_0.reward,
        a1_0.target_country,
        a1_0.target_gender,
        a1_0.weight 
    from
        advertisement a1_0 
    where
        a1_0.id=?
Hibernate: 
    select
        a1_0.id,
        a1_0.image_url,
        a1_0.landing_url,
        a1_0.name,
        a1_0.reward,
        a1_0.target_country,
        a1_0.target_gender,
        a1_0.weight 
    from
        advertisement a1_0 
    where
        a1_0.id=?
Hibernate: 
    select
        a1_0.id,
        a1_0.image_url,
        a1_0.landing_url,
        a1_0.name,
        a1_0.reward,
        a1_0.target_country,
        a1_0.target_gender,
        a1_0.weight 
    from
        advertisement a1_0 
    where
        a1_0.id=?
Hibernate: 
    select
        a1_0.id,
        a1_0.image_url,
        a1_0.landing_url,
        a1_0.name,
        a1_0.reward,
        a1_0.target_country,
        a1_0.target_gender,
        a1_0.weight 
    from
        advertisement a1_0 
    where
        a1_0.id=?
Hibernate: 
    select
        a1_0.id,
        a1_0.image_url,
        a1_0.landing_url,
        a1_0.name,
        a1_0.reward,
        a1_0.target_country,
        a1_0.target_gender,
        a1_0.weight 
    from
        advertisement a1_0 
    where
        a1_0.id=?
Hibernate: 
    select
        a1_0.id,
        a1_0.image_url,
        a1_0.landing_url,
        a1_0.name,
        a1_0.reward,
        a1_0.target_country,
        a1_0.target_gender,
        a1_0.weight 
    from
        advertisement a1_0 
    where
        a1_0.id=?
Hibernate: 
    select
        a1_0.id,
        a1_0.image_url,
        a1_0.landing_url,
        a1_0.name,
        a1_0.reward,
        a1_0.target_country,
        a1_0.target_gender,
        a1_0.weight 
    from
        advertisement a1_0 
    where
        a1_0.id=?
Hibernate: 
    select
        a1_0.id,
        a1_0.image_url,
        a1_0.landing_url,
        a1_0.name,
        a1_0.reward,
        a1_0.target_country,
        a1_0.target_gender,
        a1_0.weight 
    from
        advertisement a1_0 
    where
        a1_0.id=?
Hibernate: 
    select
        a1_0.id,
        a1_0.image_url,
        a1_0.landing_url,
        a1_0.name,
        a1_0.reward,
        a1_0.target_country,
        a1_0.target_gender,
        a1_0.weight 
    from
        advertisement a1_0 
    where
        a1_0.id=?
Hibernate: 
    select
        a1_0.id,
        a1_0.image_url,
        a1_0.landing_url,
        a1_0.name,
        a1_0.reward,
        a1_0.target_country,
        a1_0.target_gender,
        a1_0.weight 
    from
        advertisement a1_0 
    where
        a1_0.id=?
Hibernate: 
    select
        a1_0.id,
        a1_0.image_url,
        a1_0.landing_url,
        a1_0.name,
        a1_0.reward,
        a1_0.target_country,
        a1_0.target_gender,
        a1_0.weight 
    from
        advertisement a1_0 
    where
        a1_0.id=?
Hibernate: 
    select
        a1_0.id,
        a1_0.image_url,
        a1_0.landing_url,
        a1_0.name,
        a1_0.reward,
        a1_0.target_country,
        a1_0.target_gender,
        a1_0.weight 
    from
        advertisement a1_0 
    where
        a1_0.id=?
Hibernate: 
    select
        a1_0.id,
        a1_0.image_url,
        a1_0.landing_url,
        a1_0.name,
        a1_0.reward,
        a1_0.target_country,
        a1_0.target_gender,
        a1_0.weight 
    from
        advertisement a1_0 
    where
        a1_0.id=?
Hibernate: 
    select
        a1_0.id,
        a1_0.image_url,
        a1_0.landing_url,
        a1_0.name,
        a1_0.reward,
        a1_0.target_country,
        a1_0.target_gender,
        a1_0.weight 
    from
        advertisement a1_0 
    where
        a1_0.id=?
Hibernate: 
    select
        a1_0.id,
        a1_0.image_url,
        a1_0.landing_url,
        a1_0.name,
        a1_0.reward,
        a1_0.target_country,
        a1_0.target_gender,
        a1_0.weight 
    from
        advertisement a1_0 
    where
        a1_0.id=?
Hibernate: 
    select
        a1_0.id,
        a1_0.image_url,
        a1_0.landing_url,
        a1_0.name,
        a1_0.reward,
        a1_0.target_country,
        a1_0.target_gender,
        a1_0.weight 
    from
        advertisement a1_0 
    where
        a1_0.id=?
Hibernate: 
    select
        a1_0.id,
        a1_0.image_url,
        a1_0.landing_url,
        a1_0.name,
        a1_0.reward,
        a1_0.target_country,
        a1_0.target_gender,
        a1_0.weight 
    from
        advertisement a1_0 
    where
        a1_0.id=?
Hibernate: 
    select
        a1_0.id,
        a1_0.image_url,
        a1_0.landing_url,
        a1_0.name,
        a1_0.reward,
        a1_0.target_country,
        a1_0.target_gender,
        a1_0.weight 
    from
        advertisement a1_0 
    where
        a1_0.id=?
Hibernate: 
    select
        a1_0.id,
        a1_0.image_url,
        a1_0.landing_url,
        a1_0.name,
        a1_0.reward,
        a1_0.target_country,
        a1_0.target_gender,
        a1_0.weight 
    from
        advertisement a1_0 
    where
        a1_0.id=?
Hibernate: 
    select
        a1_0.id,
        a1_0.image_url,
        a1_0.landing_url,
        a1_0.name,
        a1_0.reward,
        a1_0.target_country,
        a1_0.target_gender,
        a1_0.weight 
    from
        advertisement a1_0 
    where
        a1_0.id=?
Hibernate: 
    select
        a1_0.id,
        a1_0.image_url,
        a1_0.landing_url,
        a1_0.name,
        a1_0.reward,
        a1_0.target_country,
        a1_0.target_gender,
        a1_0.weight 
    from
        advertisement a1_0 
    where
        a1_0.id=?
Hibernate: 
    select
        a1_0.id,
        a1_0.image_url,
        a1_0.landing_url,
        a1_0.name,
        a1_0.reward,
        a1_0.target_country,
        a1_0.target_gender,
        a1_0.weight 
    from
        advertisement a1_0 
    where
        a1_0.id=?
Hibernate: 
    select
        a1_0.id,
        a1_0.image_url,
        a1_0.landing_url,
        a1_0.name,
        a1_0.reward,
        a1_0.target_country,
        a1_0.target_gender,
        a1_0.weight 
    from
        advertisement a1_0 
    where
        a1_0.id=?
Hibernate: 
    select
        a1_0.id,
        a1_0.image_url,
        a1_0.landing_url,
        a1_0.name,
        a1_0.reward,
        a1_0.target_country,
        a1_0.target_gender,
        a1_0.weight 
    from
        advertisement a1_0 
    where
        a1_0.id=?
Hibernate: 
    select
        a1_0.id,
        a1_0.image_url,
        a1_0.landing_url,
        a1_0.name,
        a1_0.reward,
        a1_0.target_country,
        a1_0.target_gender,
        a1_0.weight 
    from
        advertisement a1_0 
    where
        a1_0.id=?
Hibernate: 
    select
        a1_0.id,
        a1_0.image_url,
        a1_0.landing_url,
        a1_0.name,
        a1_0.reward,
        a1_0.target_country,
        a1_0.target_gender,
        a1_0.weight 
    from
        advertisement a1_0 
    where
        a1_0.id=?
Hibernate: 
    select
        a1_0.id,
        a1_0.image_url,
        a1_0.landing_url,
        a1_0.name,
        a1_0.reward,
        a1_0.target_country,
        a1_0.target_gender,
        a1_0.weight 
    from
        advertisement a1_0 
    where
        a1_0.id=?
Hibernate: 
    select
        a1_0.id,
        a1_0.image_url,
        a1_0.landing_url,
        a1_0.name,
        a1_0.reward,
        a1_0.target_country,
        a1_0.target_gender,
        a1_0.weight 
    from
        advertisement a1_0 
    where
        a1_0.id=?
Hibernate: 
    select
        a1_0.id,
        a1_0.image_url,
        a1_0.landing_url,
        a1_0.name,
        a1_0.reward,
        a1_0.target_country,
        a1_0.target_gender,
        a1_0.weight 
    from
        advertisement a1_0 
    where
        a1_0.id=?
Hibernate: 
    select
        a1_0.id,
        a1_0.image_url,
        a1_0.landing_url,
        a1_0.name,
        a1_0.reward,
        a1_0.target_country,
        a1_0.target_gender,
        a1_0.weight 
    from
        advertisement a1_0 
    where
        a1_0.id=?
Hibernate: 
    select
        a1_0.id,
        a1_0.image_url,
        a1_0.landing_url,
        a1_0.name,
        a1_0.reward,
        a1_0.target_country,
        a1_0.target_gender,
        a1_0.weight 
    from
        advertisement a1_0 
    where
        a1_0.id=?
Hibernate: 
    select
        a1_0.id,
        a1_0.image_url,
        a1_0.landing_url,
        a1_0.name,
        a1_0.reward,
[...]
        a1_0.name,
        a1_0.reward,
        a1_0.target_country,
        a1_0.target_gender,
        a1_0.weight 
    from
        advertisement a1_0 
    where
        a1_0.id=?
Hibernate: 
    select
        a1_0.id,
        a1_0.image_url,
        a1_0.landing_url,
        a1_0.name,
        a1_0.reward,
        a1_0.target_country,
        a1_0.target_gender,
        a1_0.weight 
    from
        advertisement a1_0 
    where
        a1_0.id=?
Hibernate: 
    select
        a1_0.id,
        a1_0.image_url,
        a1_0.landing_url,
        a1_0.name,
        a1_0.reward,
        a1_0.target_country,
        a1_0.target_gender,
        a1_0.weight 
    from
        advertisement a1_0 
    where
        a1_0.id=?
Hibernate: 
    select
        a1_0.id,
        a1_0.image_url,
        a1_0.landing_url,
        a1_0.name,
        a1_0.reward,
        a1_0.target_country,
        a1_0.target_gender,
        a1_0.weight 
    from
        advertisement a1_0 
    where
        a1_0.id=?
Hibernate: 
    select
        a1_0.id,
        a1_0.image_url,
        a1_0.landing_url,
        a1_0.name,
        a1_0.reward,
        a1_0.target_country,
        a1_0.target_gender,
        a1_0.weight 
    from
        advertisement a1_0 
    where
        a1_0.id=?
Hibernate: 
    select
        a1_0.id,
        a1_0.image_url,
        a1_0.landing_url,
        a1_0.name,
        a1_0.reward,
        a1_0.target_country,
        a1_0.target_gender,
        a1_0.weight 
    from
        advertisement a1_0 
    where
        a1_0.id=?
Hibernate: 
    select
        a1_0.id,
        a1_0.image_url,
        a1_0.landing_url,
        a1_0.name,
        a1_0.reward,
        a1_0.target_country,
        a1_0.target_gender,
        a1_0.weight 
    from
        advertisement a1_0 
    where
        a1_0.id=?
Hibernate: 
    select
        a1_0.id,
        a1_0.image_url,
        a1_0.landing_url,
        a1_0.name,
        a1_0.reward,
        a1_0.target_country,
        a1_0.target_gender,
        a1_0.weight 
    from
        advertisement a1_0 
    where
        a1_0.id=?
Hibernate: 
    select
        a1_0.id,
        a1_0.image_url,
        a1_0.landing_url,
        a1_0.name,
        a1_0.reward,
        a1_0.target_country,
        a1_0.target_gender,
        a1_0.weight 
    from
        advertisement a1_0 
    where
        a1_0.id=?
Hibernate: 
    select
        a1_0.id,
        a1_0.image_url,
        a1_0.landing_url,
        a1_0.name,
        a1_0.reward,
        a1_0.target_country,
        a1_0.target_gender,
        a1_0.weight 
    from
        advertisement a1_0 
    where
        a1_0.id=?
Hibernate: 
    select
        a1_0.id,
        a1_0.image_url,
        a1_0.landing_url,
        a1_0.name,
        a1_0.reward,
        a1_0.target_country,
        a1_0.target_gender,
        a1_0.weight 
    from
        advertisement a1_0 
    where
        a1_0.id=?
Hibernate: 
    select
        a1_0.id,
        a1_0.image_url,
        a1_0.landing_url,
        a1_0.name,
        a1_0.reward,
        a1_0.target_country,
        a1_0.target_gender,
        a1_0.weight 
    from
        advertisement a1_0 
    where
        a1_0.id=?
Hibernate: 
    select
        a1_0.id,
        a1_0.image_url,
        a1_0.landing_url,
        a1_0.name,
        a1_0.reward,
        a1_0.target_country,
        a1_0.target_gender,
        a1_0.weight 
    from
        advertisement a1_0 
    where
        a1_0.id=?
Hibernate: 
    select
        a1_0.id,
        a1_0.image_url,
        a1_0.landing_url,
        a1_0.name,
        a1_0.reward,
        a1_0.target_country,
        a1_0.target_gender,
        a1_0.weight 
    from
        advertisement a1_0 
    where
        a1_0.id=?
Hibernate: 
    select
        a1_0.id,
        a1_0.image_url,
        a1_0.landing_url,
        a1_0.name,
        a1_0.reward,
        a1_0.target_country,
        a1_0.target_gender,
        a1_0.weight 
    from
        advertisement a1_0 
    where
        a1_0.id=?
Hibernate: 
    select
        a1_0.id,
        a1_0.image_url,
        a1_0.landing_url,
        a1_0.name,
        a1_0.reward,
        a1_0.target_country,
        a1_0.target_gender,
        a1_0.weight 
    from
        advertisement a1_0 
    where
        a1_0.id=?
Hibernate: 
    select
        a1_0.id,
        a1_0.image_url,
        a1_0.landing_url,
        a1_0.name,
        a1_0.reward,
        a1_0.target_country,
        a1_0.target_gender,
        a1_0.weight 
    from
        advertisement a1_0 
    where
        a1_0.id=?
Hibernate: 
    select
        a1_0.id,
        a1_0.image_url,
        a1_0.landing_url,
        a1_0.name,
        a1_0.reward,
        a1_0.target_country,
        a1_0.target_gender,
        a1_0.weight 
    from
        advertisement a1_0 
    where
        a1_0.id=?
Hibernate: 
    select
        a1_0.id,
        a1_0.image_url,
        a1_0.landing_url,
        a1_0.name,
        a1_0.reward,
        a1_0.target_country,
        a1_0.target_gender,
        a1_0.weight 
    from
        advertisement a1_0 
    where
        a1_0.id=?
Hibernate: 
    select
        a1_0.id,
        a1_0.image_url,
        a1_0.landing_url,
        a1_0.name,
        a1_0.reward,
        a1_0.target_country,
        a1_0.target_gender,
        a1_0.weight 
    from
        advertisement a1_0 
    where
        a1_0.id=?
Hibernate: 
    select
        a1_0.id,
        a1_0.image_url,
        a1_0.landing_url,
        a1_0.name,
        a1_0.reward,
        a1_0.target_country,
        a1_0.target_gender,
        a1_0.weight 
    from
        advertisement a1_0 
    where
        a1_0.id=?
Hibernate: 
    select
        a1_0.id,
        a1_0.image_url,
        a1_0.landing_url,
        a1_0.name,
        a1_0.reward,
        a1_0.target_country,
        a1_0.target_gender,
        a1_0.weight 
    from
        advertisement a1_0 
    where
        a1_0.id=?
Hibernate: 
    select
        a1_0.id,
        a1_0.image_url,
        a1_0.landing_url,
        a1_0.name,
        a1_0.reward,
        a1_0.target_country,
        a1_0.target_gender,
        a1_0.weight 
    from
        advertisement a1_0 
    where
        a1_0.id=?
Hibernate: 
    select
        a1_0.id,
        a1_0.image_url,
        a1_0.landing_url,
        a1_0.name,
        a1_0.reward,
        a1_0.target_country,
        a1_0.target_gender,
        a1_0.weight 
    from
        advertisement a1_0 
    where
        a1_0.id=?
Hibernate: 
    select
        a1_0.id,
        a1_0.image_url,
        a1_0.landing_url,
        a1_0.name,
        a1_0.reward,
        a1_0.target_country,
        a1_0.target_gender,
        a1_0.weight 
    from
        advertisement a1_0 
    where
        a1_0.id=?
Hibernate: 
    select
        a1_0.id,
        a1_0.image_url,
        a1_0.landing_url,
        a1_0.name,
        a1_0.reward,
        a1_0.target_country,
        a1_0.target_gender,
        a1_0.weight 
    from
        advertisement a1_0 
    where
        a1_0.id=?
Hibernate: 
    select
        a1_0.id,
        a1_0.image_url,
        a1_0.landing_url,
        a1_0.name,
        a1_0.reward,
        a1_0.target_country,
        a1_0.target_gender,
        a1_0.weight 
    from
        advertisement a1_0 
    where
        a1_0.id=?
Hibernate: 
    select
        a1_0.id,
        a1_0.image_url,
        a1_0.landing_url,
        a1_0.name,
        a1_0.reward,
        a1_0.target_country,
        a1_0.target_gender,
        a1_0.weight 
    from
        advertisement a1_0 
    where
        a1_0.id=?
Hibernate: 
    select
        a1_0.id,
        a1_0.image_url,
        a1_0.landing_url,
        a1_0.name,
        a1_0.reward,
        a1_0.target_country,
        a1_0.target_gender,
        a1_0.weight 
    from
        advertisement a1_0 
    where
        a1_0.id=?
Hibernate: 
    select
        a1_0.id,
        a1_0.image_url,
        a1_0.landing_url,
        a1_0.name,
        a1_0.reward,
        a1_0.target_country,
        a1_0.target_gender,
        a1_0.weight 
    from
        advertisement a1_0 
    where
        a1_0.id=?
Hibernate: 
    select
        a1_0.id,
        a1_0.image_url,
        a1_0.landing_url,
        a1_0.name,
        a1_0.reward,
        a1_0.target_country,
        a1_0.target_gender,
        a1_0.weight 
    from
        advertisement a1_0 
    where
        a1_0.id=?
Hibernate: 
    select
        a1_0.id,
        a1_0.image_url,
        a1_0.landing_url,
        a1_0.name,
        a1_0.reward,
        a1_0.target_country,
        a1_0.target_gender,
        a1_0.weight 
    from
        advertisement a1_0 
    where
        a1_0.id=?
Hibernate: 
    select
        a1_0.id,
        a1_0.image_url,
        a1_0.landing_url,
        a1_0.name,
        a1_0.reward,
        a1_0.target_country,
        a1_0.target_gender,
        a1_0.weight 
    from
        advertisement a1_0 
    where
        a1_0.id=?
Hibernate: 
    select
        a1_0.id,
        a1_0.image_url,
        a1_0.landing_url,
        a1_0.name,
        a1_0.reward,
        a1_0.target_country,
        a1_0.target_gender,
        a1_0.weight 
    from
        advertisement a1_0 
    where
        a1_0.id=?
Hibernate: 
    select
        a1_0.id,
        a1_0.image_url,
        a1_0.landing_url,
        a1_0.name,
        a1_0.reward,
        a1_0.target_country,
        a1_0.target_gender,
        a1_0.weight 
    from
        advertisement a1_0 
    where
        a1_0.id=?
Hibernate: 
    select
        a1_0.id,
        a1_0.image_url,
        a1_0.landing_url,
        a1_0.name,
        a1_0.reward,
        a1_0.target_country,
        a1_0.target_gender,
        a1_0.weight 
    from
        advertisement a1_0 
    where
        a1_0.id=?
Hibernate: 
    select
        a1_0.id,
        a1_0.image_url,
        a1_0.landing_url,
        a1_0.name,
        a1_0.reward,
        a1_0.target_country,
        a1_0.target_gender,
        a1_0.weight 
    from
        advertisement a1_0 
    where
        a1_0.id=?
Hibernate: 
    select
        a1_0.id,
        a1_0.image_url,
        a1_0.landing_url,
        a1_0.name,
        a1_0.reward,
        a1_0.target_country,
        a1_0.target_gender,
        a1_0.weight 
    from
        advertisement a1_0 
    where
        a1_0.id=?
Hibernate: 
    select
        a1_0.id,
        a1_0.image_url,
        a1_0.landing_url,
        a1_0.name,
        a1_0.reward,
        a1_0.target_country,
        a1_0.target_gender,
        a1_0.weight 
    from
        advertisement a1_0 
    where
        a1_0.id=?
Hibernate: 
    select
        a1_0.id,
        a1_0.image_url,
        a1_0.landing_url,
        a1_0.name,
        a1_0.reward,
        a1_0.target_country,
        a1_0.target_gender,
        a1_0.weight 
    from
        advertisement a1_0 
    where
        a1_0.id=?
Hibernate: 
    select
        a1_0.id,
        a1_0.image_url,
        a1_0.landing_url,
        a1_0.name,
        a1_0.reward,
        a1_0.target_country,
        a1_0.target_gender,
        a1_0.weight 
    from
        advertisement a1_0 
    where
        a1_0.id=?
Hibernate: 
    select
        a1_0.id,
        a1_0.image_url,
        a1_0.landing_url,
        a1_0.name,
        a1_0.reward,
        a1_0.target_country,
        a1_0.target_gender,
        a1_0.weight 
    from
        advertisement a1_0 
    where
        a1_0.id=?
Hibernate: 
    select
        a1_0.id,
        a1_0.image_url,
        a1_0.landing_url,
        a1_0.name,
        a1_0.reward,
        a1_0.target_country,
        a1_0.target_gender,
        a1_0.weight 
    from
        advertisement a1_0 
    where
        a1_0.id=?
Hibernate: 
    select
        a1_0.id,
        a1_0.image_url,
        a1_0.landing_url,
        a1_0.name,
        a1_0.reward,
        a1_0.target_country,
        a1_0.target_gender,
        a1_0.weight 
    from
        advertisement a1_0 
    where
        a1_0.id=?
Hibernate: 
    select
        a1_0.id,
        a1_0.image_url,
        a1_0.landing_url,
        a1_0.name,
        a1_0.reward,
        a1_0.target_country,
        a1_0.target_gender,
        a1_0.weight 
    from
        advertisement a1_0 
    where
        a1_0.id=?
Hibernate: 
    select
        a1_0.id,
        a1_0.image_url,
        a1_0.landing_url,
        a1_0.name,
        a1_0.reward,
        a1_0.target_country,
        a1_0.target_gender,
        a1_0.weight 
    from
        advertisement a1_0 
    where
        a1_0.id=?
Hibernate: 
    select
        a1_0.id,
        a1_0.image_url,
        a1_0.landing_url,
        a1_0.name,
        a1_0.reward,
        a1_0.target_country,
        a1_0.target_gender,
        a1_0.weight 
    from
        advertisement a1_0 
    where
        a1_0.id=?
Hibernate: 
    select
        a1_0.id,
        a1_0.image_url,
        a1_0.landing_url,
        a1_0.name,
        a1_0.reward,
        a1_0.target_country,
        a1_0.target_gender,
        a1_0.weight 
    from
        advertisement a1_0 
    where
        a1_0.id=?
Hibernate: 
    select
        a1_0.id,
        a1_0.image_url,
        a1_0.landing_url,
        a1_0.name,
        a1_0.reward,
        a1_0.target_country,
        a1_0.target_gender,
        a1_0.weight 
    from
        advertisement a1_0 
    where
        a1_0.id=?
Hibernate: 
    select
        a1_0.id,
        a1_0.image_url,
        a1_0.landing_url,
        a1_0.name,
        a1_0.reward,
        a1_0.target_country,
        a1_0.target_gender,
        a1_0.weight 
    from
        advertisement a1_0 
    where
        a1_0.id=?
Hibernate: 
    select
        a1_0.id,
        a1_0.image_url,
        a1_0.landing_url,
        a1_0.name,
        a1_0.reward,
        a1_0.target_country,
        a1_0.target_gender,
        a1_0.weight 
    from
        advertisement a1_0 
    where
        a1_0.id=?
Hibernate: 
    select
        a1_0.id,
        a1_0.image_url,
        a1_0.landing_url,
        a1_0.name,
        a1_0.reward,
        a1_0.target_country,
        a1_0.target_gender,
        a1_0.weight 
    from
        advertisement a1_0 
    where
        a1_0.id=?
Hibernate: 
    select
        a1_0.id,
        a1_0.image_url,
        a1_0.landing_url,
        a1_0.name,
        a1_0.reward,
        a1_0.target_country,
        a1_0.target_gender,
        a1_0.weight 
    from
        advertisement a1_0 
    where
        a1_0.id=?
Hibernate: 
    select
        a1_0.id,
        a1_0.image_url,
        a1_0.landing_url,
        a1_0.name,
        a1_0.reward,
        a1_0.target_country,
        a1_0.target_gender,
        a1_0.weight 
    from
        advertisement a1_0 
    where
        a1_0.id=?
Hibernate: 
    select
        a1_0.id,
        a1_0.image_url,
        a1_0.landing_url,
        a1_0.name,
        a1_0.reward,
        a1_0.target_country,
        a1_0.target_gender,
        a1_0.weight 
    from
        advertisement a1_0 
    where
        a1_0.id=?
Hibernate: 
    select
        a1_0.id,
        a1_0.image_url,
        a1_0.landing_url,
        a1_0.name,
        a1_0.reward,
        a1_0.target_country,
        a1_0.target_gender,
        a1_0.weight 
    from
        advertisement a1_0 
    where
        a1_0.id=?
Hibernate: 
    select
        a1_0.id,
        a1_0.image_url,
        a1_0.landing_url,
        a1_0.name,
        a1_0.reward,
        a1_0.target_country,
        a1_0.target_gender,
        a1_0.weight 
    from
        advertisement a1_0 
    where
        a1_0.id=?
Hibernate: 
    select
        a1_0.id,
        a1_0.image_url,
        a1_0.landing_url,
        a1_0.name,
        a1_0.reward,
        a1_0.target_country,
        a1_0.target_gender,
        a1_0.weight 
    from
        advertisement a1_0 
    where
        a1_0.id=?
Hibernate: 
    select
        a1_0.id,
        a1_0.image_url,
        a1_0.landing_url,
        a1_0.name,
        a1_0.reward,
        a1_0.target_country,
        a1_0.target_gender,
        a1_0.weight 
    from
        advertisement a1_0 
    where
        a1_0.id=?
Hibernate: 
    select
        a1_0.id,
        a1_0.image_url,
        a1_0.landing_url,
        a1_0.name,
        a1_0.reward,
        a1_0.target_country,
        a1_0.target_gender,
        a1_0.weight 
    from
        advertisement a1_0 
    where
        a1_0.id=?
Hibernate: 
    select
        a1_0.id,
        a1_0.image_url,
        a1_0.landing_url,
        a1_0.name,
        a1_0.reward,
        a1_0.target_country,
        a1_0.target_gender,
        a1_0.weight 
    from
        advertisement a1_0 
    where
        a1_0.id=?
Hibernate: 
    select
        a1_0.id,
        a1_0.image_url,
        a1_0.landing_url,
        a1_0.name,
        a1_0.reward,
        a1_0.target_country,
        a1_0.target_gender,
        a1_0.weight 
    from
        advertisement a1_0 
    where
        a1_0.id=?
Hibernate: 
    select
        a1_0.id,
        a1_0.image_url,
        a1_0.landing_url,
        a1_0.name,
        a1_0.reward,
        a1_0.target_country,
        a1_0.target_gender,
        a1_0.weight 
    from
        advertisement a1_0 
    where
        a1_0.id=?
Hibernate: 
    select
        a1_0.id,
        a1_0.image_url,
        a1_0.landing_url,
        a1_0.name,
        a1_0.reward,
        a1_0.target_country,
        a1_0.target_gender,
        a1_0.weight 
    from
        advertisement a1_0 
    where
        a1_0.id=?
Hibernate: 
    select
        a1_0.id,
        a1_0.image_url,
        a1_0.landing_url,
        a1_0.name,
        a1_0.reward,
        a1_0.target_country,
        a1_0.target_gender,
        a1_0.weight 
    from
        advertisement a1_0 
    where
        a1_0.id=?
Hibernate: 
    select
        a1_0.id,
        a1_0.image_url,
        a1_0.landing_url,
        a1_0.name,
        a1_0.reward,
        a1_0.target_country,
        a1_0.target_gender,
        a1_0.weight 
    from
        advertisement a1_0 
    where
        a1_0.id=?
Hibernate: 
    select
        a1_0.id,
        a1_0.image_url,
        a1_0.landing_url,
        a1_0.name,
        a1_0.reward,
        a1_0.target_country,
        a1_0.target_gender,
        a1_0.weight 
    from
        advertisement a1_0 
    where
        a1_0.id=?
Hibernate: 
    select
        a1_0.id,
        a1_0.image_url,
        a1_0.landing_url,
        a1_0.name,
        a1_0.reward,
        a1_0.target_country,
        a1_0.target_gender,
        a1_0.weight 
    from
        advertisement a1_0 
    where
        a1_0.id=?
Hibernate: 
    select
        a1_0.id,
        a1_0.image_url,
        a1_0.landing_url,
        a1_0.name,
        a1_0.reward,
        a1_0.target_country,
        a1_0.target_gender,
        a1_0.weight 
    from
        advertisement a1_0 
    where
        a1_0.id=?
Hibernate: 
    select
        a1_0.id,
        a1_0.image_url,
        a1_0.landing_url,
        a1_0.name,
        a1_0.reward,
        a1_0.target_country,
        a1_0.target_gender,
        a1_0.weight 
    from
        advertisement a1_0 
    where
        a1_0.id=?
Hibernate: 
    select
        a1_0.id,
        a1_0.image_url,
        a1_0.landing_url,
        a1_0.name,
        a1_0.reward,
        a1_0.target_country,
        a1_0.target_gender,
        a1_0.weight 
    from
        advertisement a1_0 
    where
        a1_0.id=?
Hibernate: 
    select
        a1_0.id,
        a1_0.image_url,
        a1_0.landing_url,
        a1_0.name,
        a1_0.reward,
        a1_0.target_country,
        a1_0.target_gender,
        a1_0.weight 
    from
        advertisement a1_0 
    where
        a1_0.id=?
Hibernate: 
    select
        a1_0.id,
        a1_0.image_url,
        a1_0.landing_url,
        a1_0.name,
        a1_0.reward,
        a1_0.target_country,
        a1_0.target_gender,
        a1_0.weight 
    from
        advertisement a1_0 
    where
        a1_0.target_gender=? 
        and a1_0.target_country=?
adCampaignIds = [0, 19, 30]
]]></system-out>
  <system-err><![CDATA[]]></system-err>
</testsuite>
